2024-06-29 15:47:37,375 [INFO] Activator:176 - 


2024-06-29 15:47:37,381 [INFO] Activator:177 - !SESSION log4j initialized
2024-06-29 15:47:42,448 [INFO] LogOutputStream:77 - [STDOUT_REDIRECT] 
2024-06-29 15:47:43,789 [INFO] ApplicationProperties:184 - Using Application install path: /opt/st/stm32cubeide_1.14.0/plugins/com.st.stm32cube.common.mx_6.10.0.202311202037
2024-06-29 15:47:43,811 [INFO] DbMcusXml:78 - Set database path to: /opt/st/stm32cubeide_1.14.0/plugins/com.st.stm32cube.common.mx_6.10.0.202311202037//db//mcu/
2024-06-29 15:47:43,811 [INFO] ApiDb:274 - Set plugin database path to: /opt/st/stm32cubeide_1.14.0/plugins/com.st.stm32cube.common.mx_6.10.0.202311202037//db//plugins/boardmanager/
2024-06-29 15:47:43,812 [WARN] ApiDb:259 - Overriding images path with different value:  => /opt/st/stm32cubeide_1.14.0/plugins/com.st.stm32cube.common.mx_6.10.0.202311202037//db//plugins/mcufinder/images/
2024-06-29 15:47:43,819 [INFO] ApiDb:250 - Set database path to: /home/aneesh/.stmcufinder/plugins/mcufinder//mcu/
2024-06-29 15:47:43,821 [INFO] DbMcusAds:125 - Set database path to: /home/aneesh/.stmcufinder/plugins/mcufinder//mcu/
2024-06-29 15:47:43,823 [INFO] CrossReferenceDbSqlite:203 - Set database path to: /home/aneesh/.stmcufinder/plugins/mcufinder//mcu/cs/
2024-06-29 15:47:44,006 [INFO] RulesReader:64 - Compatibility file has been processed (297 Rules)
2024-06-29 15:47:44,096 [INFO] DbMcusXml:78 - Set database path to: /opt/st/stm32cubeide_1.14.0/plugins/com.st.stm32cube.common.mx_6.10.0.202311202037//db//mcu/
2024-06-29 15:47:44,096 [INFO] ApiDb:274 - Set plugin database path to: /opt/st/stm32cubeide_1.14.0/plugins/com.st.stm32cube.common.mx_6.10.0.202311202037//db//plugins/boardmanager/
2024-06-29 15:47:44,097 [INFO] ApiDb:261 - Set plugin images path to: /opt/st/stm32cubeide_1.14.0/plugins/com.st.stm32cube.common.mx_6.10.0.202311202037//db//plugins/mcufinder/images/
2024-06-29 15:47:44,097 [WARN] DbFile:41 - Overriding database path with different value: /home/aneesh/.stmcufinder/plugins/mcufinder/ => /home/aneesh/.stmcufinder/plugins/mcufinder
2024-06-29 15:47:44,097 [INFO] ApiDb:250 - Set database path to: /home/aneesh/.stmcufinder/plugins/mcufinder//mcu/
2024-06-29 15:47:44,097 [WARN] DbFile:41 - Overriding database path with different value: /home/aneesh/.stmcufinder/plugins/mcufinder/ => /home/aneesh/.stmcufinder/plugins/mcufinder
2024-06-29 15:47:44,097 [INFO] DbMcusAds:125 - Set database path to: /home/aneesh/.stmcufinder/plugins/mcufinder//mcu/
2024-06-29 15:47:44,097 [WARN] DbFile:41 - Overriding database path with different value: /home/aneesh/.stmcufinder/plugins/mcufinder/ => /home/aneesh/.stmcufinder/plugins/mcufinder
2024-06-29 15:47:44,097 [WARN] DbFile:41 - Overriding database path with different value: /home/aneesh/.stmcufinder/plugins/mcufinder/ => /home/aneesh/.stmcufinder/plugins/mcufinder
2024-06-29 15:47:44,098 [INFO] CrossReferenceDbSqlite:203 - Set database path to: /home/aneesh/.stmcufinder/plugins/mcufinder//mcu/cs/
2024-06-29 15:47:44,172 [INFO] MainPanel:264 - HeapMemory: 268435456
2024-06-29 15:47:44,272 [INFO] DbMcusXml:78 - Set database path to: /opt/st/stm32cubeide_1.14.0/plugins/com.st.stm32cube.common.mx_6.10.0.202311202037//db//mcu/
2024-06-29 15:47:44,272 [INFO] ApiDb:274 - Set plugin database path to: /opt/st/stm32cubeide_1.14.0/plugins/com.st.stm32cube.common.mx_6.10.0.202311202037//db//plugins/boardmanager/
2024-06-29 15:47:44,272 [INFO] ApiDb:261 - Set plugin images path to: /opt/st/stm32cubeide_1.14.0/plugins/com.st.stm32cube.common.mx_6.10.0.202311202037//db//plugins/mcufinder/images/
2024-06-29 15:47:44,273 [WARN] DbFile:41 - Overriding database path with different value: /home/aneesh/.stmcufinder/plugins/mcufinder/ => /home/aneesh/.stmcufinder/plugins/mcufinder
2024-06-29 15:47:44,273 [INFO] ApiDb:250 - Set database path to: /home/aneesh/.stmcufinder/plugins/mcufinder//mcu/
2024-06-29 15:47:44,273 [WARN] DbFile:41 - Overriding database path with different value: /home/aneesh/.stmcufinder/plugins/mcufinder/ => /home/aneesh/.stmcufinder/plugins/mcufinder
2024-06-29 15:47:44,273 [INFO] DbMcusAds:125 - Set database path to: /home/aneesh/.stmcufinder/plugins/mcufinder//mcu/
2024-06-29 15:47:44,273 [WARN] DbFile:41 - Overriding database path with different value: /home/aneesh/.stmcufinder/plugins/mcufinder/ => /home/aneesh/.stmcufinder/plugins/mcufinder
2024-06-29 15:47:44,273 [WARN] DbFile:41 - Overriding database path with different value: /home/aneesh/.stmcufinder/plugins/mcufinder/ => /home/aneesh/.stmcufinder/plugins/mcufinder
2024-06-29 15:47:44,273 [INFO] CrossReferenceDbSqlite:203 - Set database path to: /home/aneesh/.stmcufinder/plugins/mcufinder//mcu/cs/
2024-06-29 15:47:44,292 [INFO] ApplicationProperties:184 - Using Application install path: /opt/st/stm32cubeide_1.14.0/plugins/com.st.stm32cube.common.mx_6.10.0.202311202037
2024-06-29 15:47:44,294 [INFO] PluginManage:196 - Search for loadable plugins [exclusion list=, ]
2024-06-29 15:47:44,296 [INFO] PluginManage:310 - Check plugin analytics
2024-06-29 15:47:44,503 [INFO] AnalyticsPlugin:253 - Accepted Software Licenses: 
2024-06-29 15:47:44,503 [INFO] AnalyticsPlugin:255 - Accepted CMSIS Pack Licenses: 
2024-06-29 15:47:44,503 [INFO] AnalyticsPlugin:257 - Accepted Firmware Licenses: FW.L4.1.18.0
2024-06-29 15:47:44,506 [INFO] PluginManage:359 - Loaded plugin analytics (category:tool,tabindex:-1)
2024-06-29 15:47:44,506 [INFO] PluginManage:310 - Check plugin cadmodel
2024-06-29 15:47:44,598 [INFO] CADModel:105 - Init CAD model plugin
2024-06-29 15:47:44,598 [INFO] PluginManage:359 - Loaded plugin cadmodel (category:power,tabindex:5)
2024-06-29 15:47:44,598 [INFO] PluginManage:310 - Check plugin clock
2024-06-29 15:47:44,610 [INFO] PluginManage:359 - Loaded plugin clock (category:base,tabindex:2)
2024-06-29 15:47:44,610 [INFO] PluginManage:310 - Check plugin ddr
2024-06-29 15:47:44,613 [INFO] PluginManage:359 - Loaded plugin ddr (category:tool,tabindex:6)
2024-06-29 15:47:44,613 [INFO] PluginManage:310 - Check plugin filemanager
2024-06-29 15:47:44,769 [INFO] PluginManage:359 - Loaded plugin filemanager (category:base,tabindex:10)
2024-06-29 15:47:44,769 [INFO] PluginManage:310 - Check plugin ipmanager
2024-06-29 15:47:44,776 [INFO] PluginManage:359 - Loaded plugin ipmanager (category:base,tabindex:5)
2024-06-29 15:47:44,776 [INFO] PluginManage:310 - Check plugin lpbam
2024-06-29 15:47:44,789 [INFO] PluginManage:359 - Loaded plugin lpbam (category:base,tabindex:0)
2024-06-29 15:47:44,789 [INFO] PluginManage:310 - Check plugin memorymap
2024-06-29 15:47:44,805 [INFO] PluginManage:359 - Loaded plugin memorymap (category:base,tabindex:4)
2024-06-29 15:47:44,805 [INFO] PluginManage:310 - Check plugin pinoutandconfiguration
2024-06-29 15:47:44,815 [INFO] PluginManage:359 - Loaded plugin pinoutandconfiguration (category:base,tabindex:1)
2024-06-29 15:47:44,815 [INFO] PluginManage:310 - Check plugin pinoutconfig
2024-06-29 15:47:44,922 [WARN] SupportedApi:132 - Cannot load RTOS API schema: s4s-elt-must-match.1: The content of 'definitions' must match (annotation?, (simpleType | complexType)?, (unique | key | keyref)*)). A problem was found starting at: attribute.
2024-06-29 15:47:45,119 [INFO] PluginManage:359 - Loaded plugin pinoutconfig (category:base,tabindex:0)
2024-06-29 15:47:45,119 [INFO] PluginManage:310 - Check plugin power
2024-06-29 15:47:45,131 [INFO] PluginManage:359 - Loaded plugin power (category:power,tabindex:4)
2024-06-29 15:47:45,131 [INFO] PluginManage:310 - Check plugin projectmanager
2024-06-29 15:47:45,153 [INFO] PluginManage:359 - Loaded plugin projectmanager (category:projectmanager,tabindex:3)
2024-06-29 15:47:45,153 [INFO] PluginManage:310 - Check plugin thirdparty
2024-06-29 15:47:45,308 [WARN] IntegrityCheckThread:84 - waiting for thirdparty lock release [integrity check]
2024-06-29 15:47:45,308 [INFO] PluginManage:359 - Loaded plugin thirdparty (category:base,tabindex:-1)
2024-06-29 15:47:45,308 [INFO] IntegrityCheckThread:86 - entering critical section [integrity check]
2024-06-29 15:47:45,308 [INFO] PluginManage:310 - Check plugin tools
2024-06-29 15:47:45,309 [INFO] ThirdPartyUpdaterWithRetryManager:70 - Updater plugin not ready yet. [1/15]
2024-06-29 15:47:45,311 [INFO] PluginManage:359 - Loaded plugin tools (category:base,tabindex:7)
2024-06-29 15:47:45,312 [INFO] PluginManage:310 - Check plugin tutovideos
2024-06-29 15:47:45,534 [INFO] PluginManage:359 - Loaded plugin tutovideos (category:base,tabindex:-1)
2024-06-29 15:47:45,534 [INFO] PluginManage:310 - Check plugin updater
2024-06-29 15:47:45,546 [INFO] PluginManage:359 - Loaded plugin updater (category:base,tabindex:12)
2024-06-29 15:47:45,546 [INFO] PluginManage:310 - Check plugin userauth
2024-06-29 15:47:45,552 [INFO] UserAuth:114 - Init User Auth plugin
2024-06-29 15:47:45,552 [INFO] PluginManage:359 - Loaded plugin userauth (category:base,tabindex:14)
2024-06-29 15:47:45,553 [INFO] PluginManage:283 - PluginManage : Loaded plugins [17]
2024-06-29 15:47:45,768 [INFO] PinOutPanel:1499 - setPackage(No Configuration,No Configuration)
2024-06-29 15:47:45,836 [INFO] CADModel:165 - CPN selected for project level
2024-06-29 15:47:45,837 [INFO] CADModel:114 - Register for checkConnection events
2024-06-29 15:47:45,847 [INFO] IPUIPlugin:80 - create IPUIPlugin
2024-06-29 15:47:45,847 [INFO] PluginManager:220 - loadIPPluginJar : add comp
2024-06-29 15:47:45,848 [INFO] IPUIPlugin:80 - create IPUIPlugin
2024-06-29 15:47:45,848 [INFO] PluginManager:220 - loadIPPluginJar : add ltdc
2024-06-29 15:47:45,855 [INFO] IPUIPlugin:80 - create IPUIPlugin
2024-06-29 15:47:45,858 [INFO] PluginManager:220 - loadIPPluginJar : add plateformsettings
2024-06-29 15:47:45,865 [INFO] IPUIPlugin:80 - create IPUIPlugin
2024-06-29 15:47:45,866 [INFO] PluginManager:220 - loadIPPluginJar : add mdma
2024-06-29 15:47:45,867 [INFO] IPUIPlugin:80 - create IPUIPlugin
2024-06-29 15:47:45,868 [INFO] PluginManager:220 - loadIPPluginJar : add ucpd
2024-06-29 15:47:45,874 [INFO] IPUIPlugin:80 - create IPUIPlugin
2024-06-29 15:47:45,874 [INFO] PluginManager:220 - loadIPPluginJar : add opamp
2024-06-29 15:47:45,876 [INFO] IPUIPlugin:80 - create IPUIPlugin
2024-06-29 15:47:45,876 [INFO] PluginManager:220 - loadIPPluginJar : add lorawan
2024-06-29 15:47:45,879 [INFO] IPUIPlugin:80 - create IPUIPlugin
2024-06-29 15:47:45,879 [INFO] PluginManager:220 - loadIPPluginJar : add openamp
2024-06-29 15:47:45,881 [INFO] IPUIPlugin:80 - create IPUIPlugin
2024-06-29 15:47:45,882 [INFO] PluginManager:220 - loadIPPluginJar : add i2s
2024-06-29 15:47:45,886 [INFO] IPUIPlugin:80 - create IPUIPlugin
2024-06-29 15:47:45,887 [INFO] PluginManager:220 - loadIPPluginJar : add stm32_wpan
2024-06-29 15:47:45,889 [INFO] IPUIPlugin:80 - create IPUIPlugin
2024-06-29 15:47:45,889 [INFO] PluginManager:220 - loadIPPluginJar : add touchsensing
2024-06-29 15:47:45,893 [INFO] IPUIPlugin:80 - create IPUIPlugin
2024-06-29 15:47:45,894 [INFO] PluginManager:220 - loadIPPluginJar : add nvic
2024-06-29 15:47:45,896 [INFO] IPUIPlugin:80 - create IPUIPlugin
2024-06-29 15:47:45,896 [INFO] PluginManager:220 - loadIPPluginJar : add i2c
2024-06-29 15:47:45,898 [INFO] IPUIPlugin:80 - create IPUIPlugin
2024-06-29 15:47:45,898 [INFO] PluginManager:220 - loadIPPluginJar : add tim
2024-06-29 15:47:45,900 [INFO] IPUIPlugin:80 - create IPUIPlugin
2024-06-29 15:47:45,900 [INFO] PluginManager:220 - loadIPPluginJar : add gfxmmu
2024-06-29 15:47:45,906 [INFO] IPUIPlugin:80 - create IPUIPlugin
2024-06-29 15:47:45,906 [INFO] PluginManager:220 - loadIPPluginJar : add freertos
2024-06-29 15:47:45,908 [INFO] IPUIPlugin:80 - create IPUIPlugin
2024-06-29 15:47:45,908 [INFO] PluginManager:220 - loadIPPluginJar : add quadspi
2024-06-29 15:47:45,910 [INFO] IPUIPlugin:80 - create IPUIPlugin
2024-06-29 15:47:45,910 [INFO] PluginManager:220 - loadIPPluginJar : add spi
2024-06-29 15:47:45,913 [INFO] IPUIPlugin:80 - create IPUIPlugin
2024-06-29 15:47:45,913 [INFO] PluginManager:220 - loadIPPluginJar : add ipddr
2024-06-29 15:47:45,916 [INFO] IPUIPlugin:80 - create IPUIPlugin
2024-06-29 15:47:45,916 [INFO] PluginManager:220 - loadIPPluginJar : add aes
2024-06-29 15:47:45,923 [INFO] IPUIPlugin:80 - create IPUIPlugin
2024-06-29 15:47:45,923 [INFO] PluginManager:220 - loadIPPluginJar : add linkedlist
2024-06-29 15:47:45,925 [INFO] IPUIPlugin:80 - create IPUIPlugin
2024-06-29 15:47:45,925 [INFO] PluginManager:220 - loadIPPluginJar : add cryp
2024-06-29 15:47:45,930 [INFO] IPUIPlugin:80 - create IPUIPlugin
2024-06-29 15:47:45,930 [INFO] PluginManager:220 - loadIPPluginJar : add gpio
2024-06-29 15:47:45,935 [INFO] IPUIPlugin:80 - create IPUIPlugin
2024-06-29 15:47:45,936 [INFO] PluginManager:220 - loadIPPluginJar : add gic
2024-06-29 15:47:45,938 [INFO] IPUIPlugin:80 - create IPUIPlugin
2024-06-29 15:47:45,938 [INFO] PluginManager:220 - loadIPPluginJar : add dma3
2024-06-29 15:47:45,939 [INFO] IPUIPlugin:80 - create IPUIPlugin
2024-06-29 15:47:45,940 [INFO] PluginManager:220 - loadIPPluginJar : add genericplugin
2024-06-29 15:47:45,941 [INFO] IPUIPlugin:80 - create IPUIPlugin
2024-06-29 15:47:45,941 [INFO] PluginManager:220 - loadIPPluginJar : add tsc
2024-06-29 15:47:45,944 [INFO] IPUIPlugin:80 - create IPUIPlugin
2024-06-29 15:47:45,944 [INFO] PluginManager:220 - loadIPPluginJar : add can
2024-06-29 15:47:45,950 [INFO] IPUIPlugin:80 - create IPUIPlugin
2024-06-29 15:47:45,950 [INFO] PluginManager:220 - loadIPPluginJar : add dma
2024-06-29 15:47:45,953 [INFO] IPUIPlugin:80 - create IPUIPlugin
2024-06-29 15:47:45,953 [INFO] PluginManager:220 - loadIPPluginJar : add usbx
2024-06-29 15:47:45,957 [INFO] IPUIPlugin:80 - create IPUIPlugin
2024-06-29 15:47:45,957 [INFO] PluginManager:220 - loadIPPluginJar : add resmgrutility
2024-06-29 15:47:45,960 [INFO] IPUIPlugin:80 - create IPUIPlugin
2024-06-29 15:47:45,960 [INFO] PluginManager:220 - loadIPPluginJar : add sai
2024-06-29 15:47:45,963 [INFO] IPUIPlugin:80 - create IPUIPlugin
2024-06-29 15:47:45,963 [INFO] PluginManager:220 - loadIPPluginJar : add pdm2pcm
2024-06-29 15:47:45,967 [INFO] IPUIPlugin:80 - create IPUIPlugin
2024-06-29 15:47:45,967 [INFO] PluginManager:220 - loadIPPluginJar : add fmc
2024-06-29 15:47:45,973 [INFO] IPUIPlugin:80 - create IPUIPlugin
2024-06-29 15:47:45,973 [INFO] PluginManager:220 - loadIPPluginJar : add adc
2024-06-29 15:47:45,974 [INFO] IPUIPlugin:80 - create IPUIPlugin
2024-06-29 15:47:45,975 [INFO] PluginManager:220 - loadIPPluginJar : add tracer_emb
2024-06-29 15:47:45,976 [INFO] IPUIPlugin:80 - create IPUIPlugin
2024-06-29 15:47:45,976 [INFO] PluginManager:220 - loadIPPluginJar : add ts
2024-06-29 15:47:45,977 [INFO] IPUIPlugin:80 - create IPUIPlugin
2024-06-29 15:47:45,977 [INFO] PluginManager:220 - loadIPPluginJar : add fatfs
2024-06-29 15:47:45,979 [INFO] IPUIPlugin:80 - create IPUIPlugin
2024-06-29 15:47:45,979 [INFO] PluginManager:220 - loadIPPluginJar : add usart
2024-06-29 15:47:45,981 [INFO] IPUIPlugin:80 - create IPUIPlugin
2024-06-29 15:47:45,981 [INFO] PluginManager:220 - loadIPPluginJar : add hash
2024-06-29 15:47:45,984 [INFO] IPUIPlugin:80 - create IPUIPlugin
2024-06-29 15:47:45,984 [INFO] PluginManager:220 - loadIPPluginJar : add gtzc
2024-06-29 15:47:45,986 [INFO] IPUIPlugin:80 - create IPUIPlugin
2024-06-29 15:47:45,986 [INFO] PluginManager:220 - loadIPPluginJar : add dfsdm
2024-06-29 15:47:45,988 [INFO] IPUIPlugin:80 - create IPUIPlugin
2024-06-29 15:47:45,988 [INFO] PluginManager:220 - loadIPPluginJar : add i3c
2024-06-29 15:47:46,091 [INFO] CADModel:165 - CPN selected for project level
2024-06-29 15:47:46,091 [INFO] CADModel:114 - Register for checkConnection events
2024-06-29 15:47:46,091 [FATAL] Updater:308 - Updater called before beeing initialized
2024-06-29 15:47:46,092 [ERROR] CADModel:125 - Updater not yet initialized, retry later 
2024-06-29 15:47:46,227 [INFO] CADModel:165 - CPN selected for project level
2024-06-29 15:47:46,227 [INFO] CADModel:114 - Register for checkConnection events
2024-06-29 15:47:46,227 [FATAL] Updater:308 - Updater called before beeing initialized
2024-06-29 15:47:46,227 [ERROR] CADModel:125 - Updater not yet initialized, retry later 
2024-06-29 15:47:46,231 [FATAL] Updater:308 - Updater called before beeing initialized
2024-06-29 15:47:46,328 [FATAL] Updater:308 - Updater called before beeing initialized
2024-06-29 15:47:46,333 [INFO] DbMcusAds:53 - JSON generation date=Wed Nov 29 11:52:27 CET 2023 (1701255147349)
2024-06-29 15:47:46,333 [FATAL] Updater:308 - Updater called before beeing initialized
2024-06-29 15:47:46,478 [WARN] DetailPanel:346 - Failed to get advertising image, set to default
2024-06-29 15:47:46,890 [FATAL] Updater:308 - Updater called before beeing initialized
2024-06-29 15:47:46,891 [FATAL] Updater:308 - Updater called before beeing initialized
2024-06-29 15:47:46,891 [FATAL] Updater:308 - Updater called before beeing initialized
2024-06-29 15:47:46,892 [WARN] DetailPanel:346 - Failed to get advertising image, set to default
2024-06-29 15:47:46,893 [FATAL] Updater:308 - Updater called before beeing initialized
2024-06-29 15:47:46,928 [ERROR] Updater:1120 - MainUpdater not yet initialized. External WinMGr cannot be set.
2024-06-29 15:47:46,930 [INFO] Updater:1056 - Updater Version found : 6.10.0
2024-06-29 15:47:46,950 [INFO] ApplicationProperties:184 - Using Application install path: /opt/st/stm32cubeide_1.14.0/plugins/com.st.stm32cube.common.mx_6.10.0.202311202037
2024-06-29 15:47:47,657 [INFO] MainUpdater:2873 - connection check result : 10
2024-06-29 15:47:47,658 [INFO] MainUpdater:3567 - Updater definition file requires update
2024-06-29 15:47:47,660 [INFO] MainUpdater:290 - Updater Check For Update Now.
2024-06-29 15:47:47,660 [INFO] MicroXplorer:498 - Change Database Version : DB.6.0.100
2024-06-29 15:47:47,676 [INFO] McuFinderGlobals:63 - Set McuFinder mode to 2 (CubeIDE integrated)
2024-06-29 15:47:47,677 [INFO] UserAuth:180 - activating auth plugin
2024-06-29 15:47:47,684 [INFO] UserAuth:404 - Internet connection configuration mode: 1
2024-06-29 15:47:47,705 [INFO] ServerAccessManage:473 - Download File updaters.zip
2024-06-29 15:47:47,727 [INFO] JxBrowserEngine:152 - Initiate JxBrowser Engine with user profile folder
2024-06-29 15:47:47,791 [INFO] FileExtend:240 - Unzip File : updaters.zip
2024-06-29 15:47:47,791 [INFO] FileExtend:255 - Standard Zip Deflate
2024-06-29 15:47:47,958 [INFO] ServerAccessManage:473 - Download File PacksControlFlags.xml
2024-06-29 15:47:48,029 [INFO] ServerAccessManage:473 - Download File cubemx.pidx
2024-06-29 15:47:48,309 [WARN] MainUpdater:1194 - Updater busy. Cannot search thirdparties
2024-06-29 15:47:48,310 [INFO] ThirdPartyUpdaterWithRetryManager:96 - Updater plugin is busy. [1/15]
2024-06-29 15:47:48,405 [INFO] ServerAccessManage:473 - Download File STMicroelectronics.FP-SNS-MOTENV1.pdsc
2024-06-29 15:47:48,602 [INFO] ServerAccessManage:473 - Download File STMicroelectronics.FP-SNS-MOTENVWB1.pdsc
2024-06-29 15:47:48,786 [INFO] ServerAccessManage:473 - Download File STMicroelectronics.X-CUBE-AI.pdsc
2024-06-29 15:47:49,062 [INFO] WebApp:161 - Instantiating new browser for Auth
2024-06-29 15:47:49,421 [INFO] ServerAccessManage:473 - Download File STMicroelectronics.X-CUBE-ALS.pdsc
2024-06-29 15:47:49,679 [INFO] ServerAccessManage:473 - Download File STMicroelectronics.X-CUBE-BLEMGR.pdsc
2024-06-29 15:47:49,993 [INFO] ServerAccessManage:473 - Download File STMicroelectronics.X-CUBE-FREERTOS.pdsc
2024-06-29 15:47:50,337 [INFO] ServerAccessManage:473 - Download File STMicroelectronics.X-CUBE-NFC6.pdsc
2024-06-29 15:47:50,490 [INFO] ServerAccessManage:473 - Download File STMicroelectronics.X-CUBE-SAFEA1.pdsc
2024-06-29 15:47:50,595 [INFO] ServerAccessManage:473 - Download File STMicroelectronics.X-CUBE-TCPP.pdsc
2024-06-29 15:47:50,700 [INFO] ServerAccessManage:473 - Download File STMicroelectronics.X-CUBE-TOF1.pdsc
2024-06-29 15:47:51,145 [ERROR] ServerAccessManage:1089 - Problem, file not found on Server
2024-06-29 15:47:51,214 [INFO] ServerAccessManage:473 - Download File STMicroelectronics.X-CUBE-TOUCHGFX.pdsc
2024-06-29 15:47:51,310 [WARN] MainUpdater:1194 - Updater busy. Cannot search thirdparties
2024-06-29 15:47:51,310 [INFO] ThirdPartyUpdaterWithRetryManager:96 - Updater plugin is busy. [2/15]
2024-06-29 15:47:51,860 [INFO] ServerAccessManage:473 - Download File STMicroelectronics.X-CUBE-ALGOBUILD.pdsc
2024-06-29 15:47:52,161 [INFO] ServerAccessManage:473 - Download File STMicroelectronics.X-CUBE-AZRTOS-H7RS.pdsc
2024-06-29 15:47:52,759 [INFO] ServerAccessManage:473 - Download File wolfSSL.I-CUBE-wolfMQTT.pdsc
2024-06-29 15:47:53,252 [INFO] WebApp:780 - Register for checkConnection events
2024-06-29 15:47:53,253 [INFO] WebApp:414 - Apply proxy settings
2024-06-29 15:47:53,253 [INFO] WebApp:499 - Chromium requires no authentication
2024-06-29 15:47:53,260 [INFO] WebApp:442 - Direct internet connection detected
2024-06-29 15:47:53,419 [INFO] WebApp:192 - Starting web application
2024-06-29 15:47:53,419 [INFO] WebApp:544 - Web application path used /opt/st/stm32cubeide_1.14.0/plugins/com.st.stm32cube.common.mx_6.10.0.202311202037/db/plugins/mcufinder/reactClient1/index.html
2024-06-29 15:47:53,495 [ERROR] ServerAccessManage:1089 - Problem, file not found on Server
2024-06-29 15:47:54,311 [WARN] MainUpdater:1194 - Updater busy. Cannot search thirdparties
2024-06-29 15:47:54,311 [INFO] ThirdPartyUpdaterWithRetryManager:96 - Updater plugin is busy. [3/15]
2024-06-29 15:47:54,509 [INFO] ServerAccessManage:473 - Download File Cesanta.I-CUBE-Mongoose.pdsc
2024-06-29 15:47:56,011 [WARN] PackLoader:240 - Cannot read IP mode file for STMicroelectronics.FP-SNS-MOTENV1.5.0.0
2024-06-29 15:47:56,023 [WARN] PackLoader:240 - Cannot read IP mode file for STMicroelectronics.FP-SNS-MOTENVWB1.1.4.0
2024-06-29 15:47:56,030 [WARN] PackLoader:240 - Cannot read IP mode file for STMicroelectronics.X-CUBE-AI.9.0.0
2024-06-29 15:47:56,036 [WARN] PackLoader:240 - Cannot read IP mode file for STMicroelectronics.X-CUBE-ALS.1.0.2
2024-06-29 15:47:56,049 [WARN] PackLoader:240 - Cannot read IP mode file for STMicroelectronics.X-CUBE-BLEMGR.3.1.0
2024-06-29 15:47:56,059 [WARN] PackLoader:240 - Cannot read IP mode file for STMicroelectronics.X-CUBE-FREERTOS.1.2.0
2024-06-29 15:47:56,070 [WARN] PackLoader:240 - Cannot read IP mode file for STMicroelectronics.X-CUBE-NFC6.3.1.0
2024-06-29 15:47:56,080 [WARN] PackLoader:240 - Cannot read IP mode file for STMicroelectronics.X-CUBE-SAFEA1.1.2.2
2024-06-29 15:47:56,088 [WARN] PackLoader:240 - Cannot read IP mode file for STMicroelectronics.X-CUBE-TCPP.4.1.0
2024-06-29 15:47:56,104 [WARN] PackLoader:240 - Cannot read IP mode file for STMicroelectronics.X-CUBE-TOF1.3.4.1
2024-06-29 15:47:56,123 [WARN] PackLoader:240 - Cannot read IP mode file for STMicroelectronics.X-CUBE-TOUCHGFX.4.24.0
2024-06-29 15:47:56,130 [WARN] PackLoader:240 - Cannot read IP mode file for STMicroelectronics.X-CUBE-ALGOBUILD.1.4.0
2024-06-29 15:47:56,148 [INFO] CheckServerUpdateThread:120 - End of CheckServer Thread
2024-06-29 15:47:56,153 [WARN] PackLoader:240 - Cannot read IP mode file for STMicroelectronics.X-CUBE-AZRTOS-H7RS.1.0.0
2024-06-29 15:47:56,159 [WARN] PackLoader:240 - Cannot read IP mode file for wolfSSL.I-CUBE-wolfMQTT.1.19.0
2024-06-29 15:47:56,161 [WARN] PackLoader:240 - Cannot read IP mode file for Cesanta.I-CUBE-Mongoose.7.13.0
2024-06-29 15:47:56,161 [INFO] PopulateThirdPartyThread:66 - Ending populate Thread
2024-06-29 15:47:56,162 [INFO] ThirdParty:1030 - CMSIS Pack Vendor :STMicroelectronics X-CUBE-BLEMGR 3.1.0
2024-06-29 15:47:56,163 [INFO] ThirdParty:1030 - CMSIS Pack Vendor :STMicroelectronics FP-SNS-MOTENVWB1 1.4.0
2024-06-29 15:47:56,163 [INFO] ThirdParty:1030 - CMSIS Pack Vendor :STMicroelectronics X-CUBE-ALGOBUILD 1.4.0
2024-06-29 15:47:56,163 [INFO] ThirdParty:1030 - CMSIS Pack Vendor :STMicroelectronics FP-SNS-MOTENV1 5.0.0
2024-06-29 15:47:56,163 [INFO] ThirdParty:1030 - CMSIS Pack Vendor :STMicroelectronics X-CUBE-SAFEA1 1.2.2
2024-06-29 15:47:56,163 [INFO] ThirdParty:1030 - CMSIS Pack Vendor :STMicroelectronics X-CUBE-TCPP 4.1.0
2024-06-29 15:47:56,163 [INFO] ThirdParty:1030 - CMSIS Pack Vendor :STMicroelectronics X-CUBE-AZRTOS-H7RS 1.0.0
2024-06-29 15:47:56,163 [INFO] ThirdParty:1030 - CMSIS Pack Vendor :wolfSSL I-CUBE-wolfMQTT 1.19.0
2024-06-29 15:47:56,163 [INFO] ThirdParty:1030 - CMSIS Pack Vendor :STMicroelectronics X-CUBE-ALS 1.0.2
2024-06-29 15:47:56,163 [INFO] ThirdParty:1030 - CMSIS Pack Vendor :STMicroelectronics X-CUBE-FREERTOS 1.2.0
2024-06-29 15:47:56,163 [INFO] ThirdParty:1030 - CMSIS Pack Vendor :STMicroelectronics X-CUBE-TOUCHGFX 4.24.0
2024-06-29 15:47:56,163 [INFO] ThirdParty:1030 - CMSIS Pack Vendor :Cesanta I-CUBE-Mongoose 7.13.0
2024-06-29 15:47:56,163 [INFO] ThirdParty:1030 - CMSIS Pack Vendor :STMicroelectronics X-CUBE-AI 9.0.0
2024-06-29 15:47:56,164 [INFO] ThirdParty:1030 - CMSIS Pack Vendor :STMicroelectronics X-CUBE-TOF1 3.4.1
2024-06-29 15:47:56,164 [INFO] ThirdParty:1030 - CMSIS Pack Vendor :STMicroelectronics X-CUBE-NFC6 3.1.0
2024-06-29 15:47:56,164 [INFO] LoadServerUpdatesThread:375 - End of LoadServerUpdate Thread
2024-06-29 15:47:57,620 [WARN] PackLoader:240 - Cannot read IP mode file for STMicroelectronics.FP-SNS-MOTENVWB1.1.4.0
2024-06-29 15:47:57,636 [WARN] PackLoader:240 - Cannot read IP mode file for STMicroelectronics.X-CUBE-SMBUS.2.1.0
2024-06-29 15:47:57,648 [WARN] PackLoader:240 - Cannot read IP mode file for STMicroelectronics.X-CUBE-TOUCHGFX.4.23.0
2024-06-29 15:47:57,737 [WARN] PackLoader:240 - Cannot read IP mode file for STMicroelectronics.X-CUBE-AZRTOS-F7.1.1.0
2024-06-29 15:47:57,774 [WARN] PackLoader:240 - Cannot read IP mode file for STMicroelectronics.FP-SNS-MOTENV1.4.3.2
2024-06-29 15:47:57,804 [WARN] PackLoader:240 - Cannot read IP mode file for STMicroelectronics.FP-SNS-FLIGHT1.5.0.2
2024-06-29 15:47:57,831 [WARN] PackLoader:240 - Cannot read IP mode file for STMicroelectronics.X-CUBE-DISPLAY.3.0.0
2024-06-29 15:47:57,874 [WARN] PackLoader:240 - Cannot read IP mode file for STMicroelectronics.X-CUBE-BLE1.7.0.0
2024-06-29 15:47:57,894 [WARN] PackLoader:240 - Cannot read IP mode file for emotas.I-CUBE-CANOPEN.1.3.0
2024-06-29 15:47:57,950 [WARN] PackLoader:240 - Cannot read IP mode file for STMicroelectronics.X-CUBE-BLEMGR.3.1.0
2024-06-29 15:47:57,977 [WARN] PackLoader:240 - Cannot read IP mode file for STMicroelectronics.FP-SNS-SMARTAG2.1.2.0
2024-06-29 15:47:58,014 [INFO] LogOutputStream:77 - [STDOUT_REDIRECT] 1 : Invalid condition id : UX_CORESTACK_Condition cause : null
2024-06-29 15:47:58,016 [INFO] LogOutputStream:77 - [STDOUT_REDIRECT] 1 : Invalid condition id : UX_CORESTACK_Condition cause : null
2024-06-29 15:47:58,018 [INFO] LogOutputStream:77 - [STDOUT_REDIRECT] 1 : Invalid condition id : UX_CORESTACK_Condition cause : null
2024-06-29 15:47:58,019 [INFO] LogOutputStream:77 - [STDOUT_REDIRECT] 1 : Invalid condition id : UX_CORESTACK_Condition cause : null
2024-06-29 15:47:58,021 [INFO] LogOutputStream:77 - [STDOUT_REDIRECT] 1 : Invalid condition id : UX_CORESTACK_Condition cause : null
2024-06-29 15:47:58,037 [WARN] PackLoader:240 - Cannot read IP mode file for STMicroelectronics.X-CUBE-AZRTOS-WL.2.0.0
2024-06-29 15:47:58,057 [WARN] PackLoader:240 - Cannot read IP mode file for STMicroelectronics.FP-SNS-MOTENV1.5.0.0
2024-06-29 15:47:58,071 [WARN] PackLoader:240 - Cannot read IP mode file for wolfSSL.I-CUBE-wolfMQTT.1.19.0
2024-06-29 15:47:58,087 [WARN] PackLoader:240 - Cannot read IP mode file for WES.I-CUBE-Cesium.1.3.0
2024-06-29 15:47:58,099 [WARN] PackLoader:240 - Cannot read IP mode file for STMicroelectronics.X-CUBE-BLE2.3.3.0
2024-06-29 15:47:58,130 [WARN] PackLoader:240 - Cannot read IP mode file for STMicroelectronics.X-CUBE-TCPP.4.1.0
2024-06-29 15:47:58,157 [WARN] PackLoader:240 - Cannot read IP mode file for STMicroelectronics.X-CUBE-ALGOBUILD.1.3.0
2024-06-29 15:47:58,224 [WARN] PackLoader:240 - Cannot read IP mode file for STMicroelectronics.X-CUBE-AZRTOS-G0.1.1.0
2024-06-29 15:47:58,255 [WARN] PackLoader:240 - Cannot read IP mode file for STMicroelectronics.X-CUBE-SAFEA1.1.2.2
2024-06-29 15:47:58,275 [WARN] PackLoader:240 - Cannot read IP mode file for STMicroelectronics.X-CUBE-NFC4.3.0.0
2024-06-29 15:47:58,313 [WARN] PackLoader:240 - Cannot read IP mode file for STMicroelectronics.X-CUBE-BLEMGR.3.0.0
2024-06-29 15:47:58,336 [WARN] PackLoader:240 - Cannot read IP mode file for STMicroelectronics.FP-ATR-SIGFOX1.3.2.0
2024-06-29 15:47:58,358 [WARN] PackLoader:240 - Cannot read IP mode file for STMicroelectronics.X-CUBE-EEPRMA1.5.1.0
2024-06-29 15:47:58,492 [WARN] PackLoader:240 - Cannot read IP mode file for SEGGER.I-CUBE-embOS.1.3.1
2024-06-29 15:47:58,674 [WARN] PackLoader:240 - Cannot read IP mode file for STMicroelectronics.X-CUBE-ALGOBUILD.1.4.0
2024-06-29 15:47:58,698 [WARN] PackLoader:240 - Cannot read IP mode file for STMicroelectronics.X-CUBE-GNSS1.6.0.0
2024-06-29 15:47:58,774 [WARN] PackLoader:240 - Cannot read IP mode file for STMicroelectronics.X-CUBE-AZRTOS-F4.1.1.0
2024-06-29 15:47:58,800 [WARN] PackLoader:240 - Cannot read IP mode file for STMicroelectronics.X-CUBE-FREERTOS.1.2.0
2024-06-29 15:47:58,813 [WARN] PackLoader:240 - Cannot read IP mode file for wolfSSL.I-CUBE-wolfSSL.5.6.6
2024-06-29 15:47:58,881 [WARN] PackLoader:240 - Cannot read IP mode file for STMicroelectronics.X-CUBE-AZRTOS-L5.2.0.0
2024-06-29 15:47:58,912 [WARN] PackLoader:240 - Cannot read IP mode file for STMicroelectronics.X-CUBE-EEPRMA1.4.2.0
2024-06-29 15:47:58,955 [WARN] PackLoader:240 - Cannot read IP mode file for STMicroelectronics.X-CUBE-NFC6.3.1.0
2024-06-29 15:47:58,987 [WARN] PackLoader:240 - Cannot read IP mode file for ITTIA_DB.I-CUBE-ITTIADB.8.8.0
2024-06-29 15:47:59,008 [WARN] PackLoader:240 - Cannot read IP mode file for STMicroelectronics.X-CUBE-AI.9.0.0
2024-06-29 15:47:59,034 [WARN] PackLoader:240 - Cannot read IP mode file for STMicroelectronics.X-CUBE-NFC7.1.0.1
2024-06-29 15:47:59,061 [WARN] PackLoader:240 - Cannot read IP mode file for STMicroelectronics.X-CUBE-NFC6.3.0.0
2024-06-29 15:47:59,080 [WARN] PackLoader:240 - Cannot read IP mode file for STMicroelectronics.X-CUBE-AI.8.1.0
2024-06-29 15:47:59,146 [WARN] ConditionMgr:438 - getConditionDescription Invalid condition id : LAN8742 Phy interface Condition cause : null
2024-06-29 15:47:59,149 [WARN] PackLoader:240 - Cannot read IP mode file for STMicroelectronics.X-CUBE-AZRTOS-L4.2.0.0
2024-06-29 15:47:59,155 [WARN] ConditionMgr:1039 - genDependencies : Invalid condition id : LAN8742 Phy interface Condition cause : null
2024-06-29 15:47:59,156 [WARN] ConditionMgr:1039 - genDependencies : Invalid condition id : LAN8742 Phy interface Condition cause : null
2024-06-29 15:47:59,159 [WARN] ConditionMgr:1039 - genDependencies : Invalid condition id : LAN8742 Phy interface Condition cause : null
2024-06-29 15:47:59,185 [WARN] PackLoader:240 - Cannot read IP mode file for STMicroelectronics.X-CUBE-SFXS2LP1.4.0.0
2024-06-29 15:47:59,235 [WARN] ConditionMgr:438 - getConditionDescription Invalid condition id : UX DEVICE CLASS RTOS Condition cause : null
2024-06-29 15:47:59,236 [WARN] ConditionMgr:438 - getConditionDescription Invalid condition id : UX DEVICE CLASS RTOS Condition cause : null
2024-06-29 15:47:59,245 [WARN] PackLoader:240 - Cannot read IP mode file for STMicroelectronics.X-CUBE-AZRTOS-WB.2.0.0
2024-06-29 15:47:59,248 [WARN] ConditionMgr:1039 - genDependencies : Invalid condition id : UX DEVICE CLASS RTOS Condition cause : null
2024-06-29 15:47:59,249 [WARN] ConditionMgr:1039 - genDependencies : Invalid condition id : UX DEVICE CLASS RTOS Condition cause : null
2024-06-29 15:47:59,250 [WARN] ConditionMgr:1039 - genDependencies : Invalid condition id : UX DEVICE CLASS RTOS Condition cause : null
2024-06-29 15:47:59,251 [WARN] ConditionMgr:1039 - genDependencies : Invalid condition id : UX DEVICE CLASS RTOS Condition cause : null
2024-06-29 15:47:59,252 [WARN] ConditionMgr:1039 - genDependencies : Invalid condition id : UX DEVICE CLASS RTOS Condition cause : null
2024-06-29 15:47:59,287 [WARN] PackLoader:240 - Cannot read IP mode file for STMicroelectronics.X-CUBE-SUBG2.5.0.0
2024-06-29 15:47:59,315 [WARN] PackLoader:240 - Cannot read IP mode file for Cesanta.I-CUBE-Mongoose.7.13.0
2024-06-29 15:47:59,372 [WARN] PackLoader:240 - Cannot read IP mode file for STMicroelectronics.X-CUBE-AZRTOS-G4.2.0.0
2024-06-29 15:47:59,417 [WARN] PackLoader:240 - Cannot read IP mode file for Infineon.AIROC-Wi-Fi-Bluetooth-STM32.1.5.1
2024-06-29 15:47:59,443 [WARN] PackLoader:240 - Cannot read IP mode file for STMicroelectronics.FP-SNS-MOTENVWB1.1.3.1
2024-06-29 15:47:59,459 [WARN] PackLoader:240 - Cannot read IP mode file for STMicroelectronics.X-CUBE-ISPU.2.0.0
2024-06-29 15:47:59,475 [WARN] PackLoader:240 - Cannot read IP mode file for STMicroelectronics.X-CUBE-ALS.1.0.2
2024-06-29 15:47:59,652 [WARN] PackLoader:240 - Cannot read IP mode file for STMicroelectronics.X-CUBE-MEMS1.10.0.0
2024-06-29 15:48:00,083 [WARN] PackLoader:240 - Cannot read IP mode file for STMicroelectronics.X-CUBE-FREERTOS.1.1.0
2024-06-29 15:48:00,092 [WARN] PackLoader:240 - Cannot read IP mode file for STMicroelectronics.X-CUBE-TOUCHGFX.4.24.0
2024-06-29 15:48:00,106 [WARN] PackLoader:240 - Cannot read IP mode file for portGmbH.I-Cube-SoM-uGOAL.1.1.0
2024-06-29 15:48:00,119 [WARN] PackLoader:240 - Cannot read IP mode file for STMicroelectronics.X-CUBE-ALS.1.0.1
2024-06-29 15:48:00,187 [WARN] PackLoader:240 - Cannot read IP mode file for STMicroelectronics.X-CUBE-AZRTOS-H7RS.1.0.0
2024-06-29 15:48:00,208 [WARN] PackLoader:240 - Cannot read IP mode file for STMicroelectronics.FP-ATR-ASTRA1.2.0.0
2024-06-29 15:48:00,244 [WARN] PackLoader:240 - Cannot read IP mode file for STMicroelectronics.X-CUBE-TOF1.3.4.0
2024-06-29 15:48:00,321 [WARN] PackLoader:240 - Cannot read IP mode file for STMicroelectronics.X-CUBE-TOF1.3.4.1
2024-06-29 15:48:00,433 [WARN] PackLoader:240 - Cannot read IP mode file for STMicroelectronics.X-CUBE-AZRTOS-H7.3.2.0
2024-06-29 15:48:00,451 [INFO] ThirdParty:978 - Integrity check success = true
2024-06-29 15:48:00,452 [INFO] IntegrityCheckThread:100 - exiting critical section [integrity check]
2024-06-29 15:48:00,452 [INFO] IntegrityCheckThread:103 - End integrity checks thread
2024-06-29 15:48:13,911 [ERROR] LogOutputStream:75 - [STDERR_REDIRECT] SLF4J: Failed to load class "org.slf4j.impl.StaticLoggerBinder".
2024-06-29 15:48:13,912 [ERROR] LogOutputStream:75 - [STDERR_REDIRECT] SLF4J: Defaulting to no-operation (NOP) logger implementation
2024-06-29 15:48:13,912 [ERROR] LogOutputStream:75 - [STDERR_REDIRECT] SLF4J: See http://www.slf4j.org/codes.html#StaticLoggerBinder for further details.
2024-06-29 16:04:13,346 [ERROR] ConfigurationRetriever:142 - IOException on connection: sw-center.st.com
2024-06-29 16:04:13,349 [ERROR] ConfigurationRetriever:142 - IOException on connection: sw-center.st.com
2024-06-29 16:04:13,349 [ERROR] ConfigurationRetriever:142 - IOException on connection: sw-center.st.com
2024-06-29 16:04:13,724 [ERROR] ConfigurationRetriever:142 - IOException on connection: sw-center.st.com
2024-06-29 16:04:13,725 [ERROR] ConfigurationRetriever:142 - IOException on connection: sw-center.st.com
2024-06-29 16:04:13,725 [ERROR] ConfigurationRetriever:142 - IOException on connection: sw-center.st.com
2024-06-29 16:09:20,615 [INFO] McuFinderGlobals:63 - Set McuFinder mode to 2 (CubeIDE integrated)
2024-06-29 16:09:20,619 [INFO] MainUpdater:2873 - connection check result : 10
2024-06-29 16:09:20,619 [INFO] MainUpdater:2873 - connection check result : 10
2024-06-29 16:09:20,653 [INFO] MicroXplorer:468 - Change Database Path : 
2024-06-29 16:09:20,653 [INFO] MicroXplorer:498 - Change Database Version : DB.6.0.100
2024-06-29 16:09:20,658 [WARN] ThirdParty:871 - waiting for thirdparty lock release [close project]
2024-06-29 16:09:20,658 [INFO] ThirdParty:873 - entering critical section [close project]
2024-06-29 16:09:20,659 [INFO] ThirdParty:883 - exiting critical section [close project]
2024-06-29 16:09:20,661 [INFO] PinOutPanel:1499 - setPackage(No Configuration,No Configuration)
2024-06-29 16:09:20,666 [INFO] UtilMem:75 - Begin LoadConfig() Used Memory: 314512880 Bytes (615514112)
2024-06-29 16:09:20,667 [INFO] MicroXplorer:468 - Change Database Path : 
2024-06-29 16:09:20,667 [INFO] MicroXplorer:498 - Change Database Version : DB.6.0.100
2024-06-29 16:09:20,667 [INFO] OpenFileManager:312 - Change cursor
2024-06-29 16:09:20,744 [INFO] Mcu:2016 - Initializing MCU STM32L432K(B-C)Ux STM32L432KCUx STM32L432KCU3
2024-06-29 16:09:22,175 [INFO] Context:659 - Trying to add GPIOservice into a context  which must be forbidden
2024-06-29 16:09:22,992 [INFO] RtosManager:555 - Registered RTOS mode: class=CMSIS, group=RTOS, mode=CMSIS_V1, owner=FREERTOS
2024-06-29 16:09:22,992 [INFO] RtosManager:555 - Registered RTOS mode: class=CMSIS, group=RTOS2, mode=CMSIS_V2, owner=FREERTOS
2024-06-29 16:09:22,992 [INFO] RtosManager:555 - Registered RTOS mode: class=RTOS, group=Core, mode=CMSIS_V1, owner=FREERTOS
2024-06-29 16:09:22,992 [INFO] RtosManager:555 - Registered RTOS mode: class=RTOS, group=Core, mode=CMSIS_V2, owner=FREERTOS
2024-06-29 16:09:22,993 [WARN] ModelIntegratedComponent:184 - Missing modes for component STMicroelectronics:FreeRTOS:0.0.1:STMicroelectronics:RTOS:FreeRTOS:Core:::10.2.0:
2024-06-29 16:09:23,010 [WARN] ModelIntegratedComponent:63 - No mode defined for component null
2024-06-29 16:09:23,010 [WARN] ModelIntegratedComponent:63 - No mode defined for component null
2024-06-29 16:09:23,010 [WARN] ModelIntegratedComponent:63 - No mode defined for component null
2024-06-29 16:09:23,010 [WARN] ModelIntegratedComponent:63 - No mode defined for component null
2024-06-29 16:09:23,010 [WARN] ModelIntegratedComponent:63 - No mode defined for component null
2024-06-29 16:09:23,010 [WARN] ModelIntegratedComponent:63 - No mode defined for component null
2024-06-29 16:09:23,010 [WARN] ModelIntegratedComponent:63 - No mode defined for component null
2024-06-29 16:09:23,011 [WARN] ModelIntegratedComponent:63 - No mode defined for component null
2024-06-29 16:09:23,011 [WARN] ModelIntegratedComponent:63 - No mode defined for component null
2024-06-29 16:09:23,011 [WARN] ModelIntegratedComponent:63 - No mode defined for component null
2024-06-29 16:09:23,011 [WARN] ModelIntegratedComponent:63 - No mode defined for component null
2024-06-29 16:09:23,011 [WARN] ModelIntegratedComponent:63 - No mode defined for component null
2024-06-29 16:09:23,011 [WARN] ModelIntegratedComponent:63 - No mode defined for component null
2024-06-29 16:09:23,011 [WARN] ModelIntegratedComponent:63 - No mode defined for component null
2024-06-29 16:09:23,011 [WARN] ModelIntegratedComponent:63 - No mode defined for component null
2024-06-29 16:09:23,011 [WARN] ModelIntegratedComponent:63 - No mode defined for component null
2024-06-29 16:09:23,011 [WARN] ModelIntegratedComponent:63 - No mode defined for component null
2024-06-29 16:09:23,011 [WARN] ModelIntegratedComponent:63 - No mode defined for component null
2024-06-29 16:09:23,012 [WARN] ModelIntegratedComponent:63 - No mode defined for component null
2024-06-29 16:09:23,012 [WARN] ModelIntegratedComponent:63 - No mode defined for component null
2024-06-29 16:09:23,012 [WARN] ModelIntegratedComponent:63 - No mode defined for component null
2024-06-29 16:09:23,012 [WARN] ModelIntegratedComponent:63 - No mode defined for component null
2024-06-29 16:09:23,012 [WARN] ModelIntegratedComponent:63 - No mode defined for component null
2024-06-29 16:09:23,012 [WARN] ModelIntegratedComponent:63 - No mode defined for component null
2024-06-29 16:09:23,012 [WARN] ModelIntegratedComponent:63 - No mode defined for component null
2024-06-29 16:09:23,012 [WARN] ModelIntegratedComponent:63 - No mode defined for component null
2024-06-29 16:09:23,012 [WARN] ModelIntegratedComponent:63 - No mode defined for component null
2024-06-29 16:09:23,012 [WARN] ModelIntegratedComponent:63 - No mode defined for component null
2024-06-29 16:09:23,012 [WARN] ModelIntegratedComponent:63 - No mode defined for component null
2024-06-29 16:09:23,012 [WARN] ModelIntegratedComponent:63 - No mode defined for component null
2024-06-29 16:09:23,012 [WARN] ModelIntegratedComponent:63 - No mode defined for component null
2024-06-29 16:09:23,013 [WARN] ModelIntegratedComponent:63 - No mode defined for component null
2024-06-29 16:09:23,013 [WARN] ModelIntegratedComponent:63 - No mode defined for component null
2024-06-29 16:09:23,191 [INFO] ThirdPartyModel:298 - Start build external matchings
2024-06-29 16:09:23,832 [INFO] ThirdPartyModel:316 - End build external matchings
2024-06-29 16:09:23,852 [INFO] RtosManager:919 - Current active RTOS is FREERTOS [Cortex-M4NS]
2024-06-29 16:09:23,862 [INFO] ImportTextPane:194 - (OptionalMessage_ERROR) IP (DMA) : Parameter (Instance) has Id (USART1_RX) currently not set
2024-06-29 16:09:23,862 [INFO] ImportTextPane:194 - (OptionalMessage_ERROR) IP (DMA) : Parameter (Request) has Id (USART1_RX) currently not set
2024-06-29 16:09:23,862 [INFO] ImportTextPane:194 - (OptionalMessage_ERROR) IP (DMA) : Parameter (Direction) has Id (USART1_RX) currently not set
2024-06-29 16:09:23,862 [INFO] ImportTextPane:194 - (OptionalMessage_ERROR) IP (DMA) : Parameter (PeriphInc) has Id (USART1_RX) currently not set
2024-06-29 16:09:23,862 [INFO] ImportTextPane:194 - (OptionalMessage_ERROR) IP (DMA) : Parameter (MemInc) has Id (USART1_RX) currently not set
2024-06-29 16:09:23,863 [INFO] ImportTextPane:194 - (OptionalMessage_ERROR) IP (DMA) : Parameter (PeriphDataAlignment) has Id (USART1_RX) currently not set
2024-06-29 16:09:23,863 [INFO] ImportTextPane:194 - (OptionalMessage_ERROR) IP (DMA) : Parameter (MemDataAlignment) has Id (USART1_RX) currently not set
2024-06-29 16:09:23,863 [INFO] ImportTextPane:194 - (OptionalMessage_ERROR) IP (DMA) : Parameter (Mode) has Id (USART1_RX) currently not set
2024-06-29 16:09:23,864 [INFO] ImportTextPane:194 - (OptionalMessage_ERROR) IP (DMA) : Parameter (Priority) has Id (USART1_RX) currently not set
2024-06-29 16:09:23,874 [INFO] ImportTextPane:194 - (OptionalMessage_ERROR) IP (RCC) : Invalid parameter (48CLKFreq_Value)
2024-06-29 16:09:23,874 [INFO] ImportTextPane:194 - (OptionalMessage_ERROR) IP (RCC) : Invalid parameter (FamilyName)
2024-06-29 16:09:23,875 [INFO] ImportTextPane:194 - (OptionalMessage_ERROR) IP (RCC) : Invalid parameter (HSI16_VALUE)
2024-06-29 16:09:23,875 [INFO] ImportTextPane:194 - (OptionalMessage_ERROR) IP (RCC) : Invalid parameter (LPTIMFreq_Value)
2024-06-29 16:09:23,875 [INFO] ImportTextPane:194 - (OptionalMessage_ERROR) IP (RCC) : Invalid parameter (LPUARTFreq_Value)
2024-06-29 16:09:23,876 [INFO] ImportTextPane:194 - (OptionalMessage_ERROR) IP (RCC) : Invalid parameter (MCOPinFreq_Value)
2024-06-29 16:09:23,876 [INFO] ImportTextPane:194 - (OptionalMessage_ERROR) IP (RCC) : Invalid parameter (PLLCLKFreq_Value)
2024-06-29 16:09:23,876 [INFO] ImportTextPane:194 - (OptionalMessage_ERROR) IP (RCC) : Invalid parameter (PLLMUL)
2024-06-29 16:09:23,877 [INFO] ImportTextPane:194 - (OptionalMessage_ERROR) IP (RCC) : Invalid parameter (RTCHSEDivFreq_Value)
2024-06-29 16:09:23,878 [INFO] ImportTextPane:194 - (OptionalMessage_ERROR) IP (RCC) : Invalid parameter (TIMFreq_Value)
2024-06-29 16:09:23,878 [INFO] ImportTextPane:194 - (OptionalMessage_ERROR) IP (RCC) : Invalid parameter (TimerFreq_Value)
2024-06-29 16:09:24,078 [INFO] UtilMem:75 - End LoadConfig() Used Memory: 421855808 Bytes (615514112)
2024-06-29 16:09:24,205 [INFO] ApiDb:581 - Connected to CubeFinder SQLite database (/home/aneesh/.stmcufinder/plugins/mcufinder/mcu/cube-finder-db.db)
2024-06-29 16:09:24,276 [INFO] ApiDb:668 - CubeFinder database Data Model version=2.1
2024-06-29 16:09:24,276 [INFO] ApiDb:669 - CubeFinder database Configuration version=3.0.39
2024-06-29 16:09:24,278 [INFO] ApiDb:670 - CubeFinder database generation date=2023-12-08 (1702028721)
2024-06-29 16:09:24,279 [INFO] ApiDb:671 - CubeFinder database FW Pack versions=[FP-ATR-ASTRA1_V2.0.0, FP-SNS-FLIGHT1_V5.0.1, FP-SNS-FLIGHT1_V5.0.2, FP-SNS-MOTENV1_V4.3.1, FP-SNS-MOTENV1_V4.3.2, FP-SNS-MOTENVWB1_V1.3.1, FP-SNS-SMARTAG2_V1.2.0, STM32Cube_FW_C0_V1.1.0, STM32Cube_FW_F4_V1.28.0, STM32Cube_FW_F7_V1.17.0, STM32Cube_FW_G0_V1.6.1, STM32Cube_FW_G4_V1.5.1, STM32Cube_FW_H5_V0.5.1, STM32Cube_FW_H5_V1.1.1, STM32Cube_FW_H5_V1.2.0RC2, STM32Cube_FW_H7_V1.11.0, STM32Cube_FW_L0_V1.12.2, STM32Cube_FW_L5_V1.5.0, STM32Cube_FW_U5_V1.3.0RC4, STM32Cube_FW_U5_V1.4.0, STM32Cube_FW_WBA_V1.0.0RC1, STM32Cube_FW_WBA_V1.1.0RC1, STM32Cube_FW_WBA_V1.2.0, STM32Cube_FW_WBA_V1.2.0RC2, STM32Cube_FW_WB_V1.15.0RC1, STM32Cube_FW_WB_V1.16.0, STM32Cube_FW_WB_V1.16.0RC2, STM32Cube_FW_WB_V1.18.0, STM32Cube_FW_WL_V1.3.0, X-CUBE-ALGOBUILD_V1.3.0, X-CUBE-ALS_V1.0.1, X-CUBE-AZRTOS-F4_V1.1.0, X-CUBE-AZRTOS-F7_V1.1.0, X-CUBE-AZRTOS-G0_V1.1.0, X-CUBE-AZRTOS-G4_V2.0.0, X-CUBE-AZRTOS-H7_V3.1.0, X-CUBE-AZRTOS-L4_V1.0.0, X-CUBE-AZRTOS-L4_V2.0.0, X-CUBE-AZRTOS-L5_V1.1.0, X-CUBE-AZRTOS-WB_V2.0.0, X-CUBE-AZRTOS-WL_V2.0.0, X-CUBE-BLE1_V7.0.0, X-CUBE-BLE2_V3.3.0, X-CUBE-BLEMGR_V3.0.0, X-CUBE-EEPRMA1_V4.1.0, X-CUBE-EEPRMA1_V4.2.0, X-CUBE-FREERTOS_V1.1.0, X-CUBE-GNSS1_V6.0.0, X-CUBE-MEMS1_V10.0.0, X-CUBE-MEMS1_V9.1.0, X-CUBE-MEMS1_V9.4.0, X-CUBE-MEMS1_V9.6.0, X-CUBE-NFC4_V3.0.0, X-CUBE-NFC7_V1.0.1, X-CUBE-SFXS2LP1_V4.0.0, X-CUBE-SUBG2_V5.0.0, X-CUBE-TOF1_V3.4.0]
2024-06-29 16:09:27,831 [INFO] ApiDb:240 - Found 371 in-development CPN: [B-G473E-ZEST1S, B-WB1M-WPAN1, B-WL5M-SUBG1, NUCLEO-C031C6, NUCLEO-H503RB, NUCLEO-H563ZI, NUCLEO-U545RE-Q, NUCLEO-U5A5ZJ-Q, NUCLEO-WBA52CG, NUCLEO-WBA55CG, STEVAL-MKBOXPRO, STEVAL-PROTEUS1, STEVAL-STWINBX1, STM320518-EVAL, STM32C0116-DK, STM32C011D6Y3TR, STM32C011D6Y6TR, STM32C011F4P3, STM32C011F4P6, STM32C011F4U3, STM32C011F4U6TR, STM32C011F6P3, STM32C011F6P6, STM32C011F6U3, STM32C011F6U6TR, STM32C011J4M3, STM32C011J4M6, STM32C011J6M3, STM32C011J6M6, STM32C0316-DK, STM32C031C4T3, STM32C031C4T6, STM32C031C4U3, STM32C031C4U6, STM32C031C6T3, STM32C031C6T6, STM32C031C6U3, STM32C031C6U6, STM32C031F4P3, STM32C031F4P6, STM32C031F6P3, STM32C031F6P6, STM32C031G4U3, STM32C031G4U6, STM32C031G6U3, STM32C031G6U6, STM32C031K4T3, STM32C031K4T6, STM32C031K4U3, STM32C031K4U6, STM32C031K6T3, STM32C031K6T6, STM32C031K6U3, STM32C031K6U6, STM32G071K8TXN, STM32G071K8UXN, STM32G081GBU6N, STM32G081KBT6N, STM32G081KBUXN, STM32G0B1CCT6N, STM32G0B1KCT6, STM32G0B1NEY6TR, STM32G0B1RCT6N, STM32G0C1CCT6, STM32G0C1CCT6N, STM32G0C1CCU6N, STM32G0C1CET6N, STM32G0C1CEU6N, STM32G0C1KCT6, STM32G0C1NEY6TR, STM32G0C1RCI6N, STM32G0C1RCT6N, STM32G0C1REI6N, STM32G0C1RET6N, STM32G0C1VCI6, STM32G0C1VEI6, STM32G471CCT6, STM32G471CCU6, STM32G471CET3, STM32G471CET6, STM32G471CEU3, STM32G471CEU6, STM32G471MCT6, STM32G471MET3, STM32G471MET6, STM32G471MEY6TR, STM32G471QCT6, STM32G471QET3, STM32G471RCT6, STM32G471RET3, STM32G471RET6, STM32G471VCH6, STM32G471VCI6, STM32G471VCT6, STM32G471VEH3, STM32G471VEH6, STM32G471VEI3, STM32G471VEI6, STM32G471VET3, STM32G471VET6, STM32G474CCT6, STM32H503CBT6, STM32H503CBU6, STM32H503EBY6TR, STM32H503KBU6, STM32H503RBT6, STM32H562AGI6, STM32H562AII6, STM32H562IGK6, STM32H562IGT6, STM32H562IIK6, STM32H562IIT6, STM32H562RGT6, STM32H562RGV6, STM32H562RIT6, STM32H562RIV6, STM32H562VGT6, STM32H562VIT6, STM32H562ZGT6, STM32H562ZIT6, STM32H563AGI6, STM32H563AII3Q, STM32H563AII6, STM32H563IGK6, STM32H563IGT6, STM32H563IIK3Q, STM32H563IIK6, STM32H563IIT3Q, STM32H563IIT6, STM32H563MIY3QTR, STM32H563RGT6, STM32H563RGV6, STM32H563RIT6, STM32H563RIV6, STM32H563VGT6, STM32H563VIT3Q, STM32H563VIT6, STM32H563ZGT6, STM32H563ZIT3Q, STM32H563ZIT6, STM32H573AII3Q, STM32H573AII6, STM32H573I-DK, STM32H573IIK3Q, STM32H573IIK6, STM32H573IIT3Q, STM32H573IIT6, STM32H573MIY3QTR, STM32H573RIT6, STM32H573RIV6, STM32H573VIT3Q, STM32H573VIT6, STM32H573ZIT3Q, STM32H573ZIT6, STM32L4R5QGI6STR, STM32MP131AAE3, STM32MP131AAF3, STM32MP131AAG3, STM32MP131CAE3, STM32MP131CAF3, STM32MP131CAG3, STM32MP131DAE7, STM32MP131DAF7, STM32MP131DAG7, STM32MP131FAE7, STM32MP131FAF7, STM32MP131FAG7, STM32MP133AAE3, STM32MP133AAF3, STM32MP133AAG3, STM32MP133CAE3, STM32MP133CAF3, STM32MP133CAG3, STM32MP133DAE7, STM32MP133DAF7, STM32MP133DAG7, STM32MP133FAE7, STM32MP133FAF7, STM32MP133FAG7, STM32MP135AAE3, STM32MP135AAF3, STM32MP135AAG3, STM32MP135CAE3, STM32MP135CAF3, STM32MP135CAG3, STM32MP135DAE7, STM32MP135DAF7, STM32MP135DAG7, STM32MP135F-DK, STM32MP135FAE7, STM32MP135FAF7, STM32MP135FAF7T, STM32MP135FAF7U, STM32MP135FAG7, STM32U535CBT6, STM32U535CBT6Q, STM32U535CBU6, STM32U535CBU6Q, STM32U535CCT6, STM32U535CCT6Q, STM32U535CCU6, STM32U535CCU6Q, STM32U535CET6, STM32U535CET6Q, STM32U535CEU6, STM32U535CEU6Q, STM32U535JEY6QTR, STM32U535NCY6QTR, STM32U535NEY6QTR, STM32U535RBI6, STM32U535RBI6Q, STM32U535RBT6, STM32U535RBT6Q, STM32U535RCI6, STM32U535RCI6Q, STM32U535RCT6, STM32U535RCT6Q, STM32U535REI6, STM32U535REI6Q, STM32U535RET6, STM32U535RET6Q, STM32U535VCI6, STM32U535VCI6Q, STM32U535VCT6, STM32U535VCT6Q, STM32U535VEI6, STM32U535VEI6Q, STM32U535VET6, STM32U535VET6Q, STM32U545CET6, STM32U545CET6Q, STM32U545CEU6, STM32U545CEU6Q, STM32U545JEY6QTR, STM32U545NEY6QTR, STM32U545REI6, STM32U545REI6Q, STM32U545RET6, STM32U545RET6Q, STM32U545VEI6, STM32U545VEI6Q, STM32U545VET6, STM32U545VET6Q, STM32U595AIH6, STM32U595AIH6Q, STM32U595AJH6, STM32U595AJH6Q, STM32U595QII6, STM32U595QII6Q, STM32U595QJI6, STM32U595QJI6Q, STM32U595RIT6, STM32U595RIT6Q, STM32U595RJT6, STM32U595RJT6Q, STM32U595VIT6, STM32U595VIT6Q, STM32U595VJT6, STM32U595VJT6Q, STM32U595ZIT6, STM32U595ZIT6Q, STM32U595ZIY6QTR, STM32U595ZJT6, STM32U595ZJT6Q, STM32U595ZJY6QTR, STM32U599BJY6QTR, STM32U599NIH6Q, STM32U599NJH6Q, STM32U599VIT6Q, STM32U599VJT6, STM32U599VJT6Q, STM32U599ZIT6Q, STM32U599ZIY6QTR, STM32U599ZJT6Q, STM32U599ZJY6QTR, STM32U5A5AJH6, STM32U5A5AJH6Q, STM32U5A5QJI6, STM32U5A5QJI6Q, STM32U5A5RJT6, STM32U5A5RJT6Q, STM32U5A5VJT6, STM32U5A5VJT6Q, STM32U5A5ZJT6, STM32U5A5ZJT6Q, STM32U5A5ZJY6QTR, STM32U5A9BJY6QTR, STM32U5A9J-DK, STM32U5A9NJH6Q, STM32U5A9VJT6Q, STM32U5A9ZJT6Q, STM32U5A9ZJY6QTR, STM32U5F7VIT6, STM32U5F7VIT6Q, STM32U5F7VJT6, STM32U5F7VJT6Q, STM32U5F9BJY6QTR, STM32U5F9NJH6Q, STM32U5F9VIT6Q, STM32U5F9VJT6Q, STM32U5F9ZIJ6QTR, STM32U5F9ZIT6Q, STM32U5F9ZJJ6QTR, STM32U5F9ZJT6Q, STM32U5G7VJT6, STM32U5G7VJT6Q, STM32U5G9BJY6QTR, STM32U5G9J-DK1, STM32U5G9J-DK2, STM32U5G9NJH6Q, STM32U5G9VJT6Q, STM32U5G9ZJJ6QTR, STM32U5G9ZJT6Q, STM32WB1MMCH6, STM32WBA50KEU6, STM32WBA50KEU6TR, STM32WBA50KGU6, STM32WBA50KGU6TR, STM32WBA52CEU6, STM32WBA52CEU6TR, STM32WBA52CEU7, STM32WBA52CEU7TR, STM32WBA52CGU6, STM32WBA52CGU6TR, STM32WBA52CGU6U, STM32WBA52CGU7, STM32WBA52CGU7TR, STM32WBA52KEU6, STM32WBA52KEU6TR, STM32WBA52KGU6, STM32WBA52KGU6TR, STM32WBA54CEU6, STM32WBA54CEU6TR, STM32WBA54CEU7, STM32WBA54CEU7TR, STM32WBA54CGU6, STM32WBA54CGU6TR, STM32WBA54CGU7, STM32WBA54CGU7TR, STM32WBA54KEU6, STM32WBA54KEU6TR, STM32WBA54KEU7, STM32WBA54KEU7TR, STM32WBA54KGU6, STM32WBA54KGU6TR, STM32WBA54KGU7, STM32WBA54KGU7TR, STM32WBA55CEU6, STM32WBA55CEU6TR, STM32WBA55CEU7, STM32WBA55CEU7TR, STM32WBA55CGU6, STM32WBA55CGU6TR, STM32WBA55CGU6U, STM32WBA55CGU7, STM32WBA55CGU7TR, STM32WBA55G-DK1, STM32WBA55HEF6, STM32WBA55HEF7, STM32WBA55HGF6, STM32WBA55HGF7, STM32WBA55UEI6, STM32WBA55UEI6TR, STM32WBA55UEI7, STM32WBA55UEI7TR, STM32WBA55UGI6, STM32WBA55UGI6TR, STM32WBA55UGI7, STM32WBA55UGI7TR, STM32WL5MOCH6, STM32WL5MOCH6TR]
2024-06-29 16:09:27,836 [INFO] DbMcus:218 - Found 3930 MCUs, 3930 are supported
2024-06-29 16:09:27,837 [INFO] ApiDb:423 - Load user favorites file /home/aneesh/.stm32cubeide/favorites.mcus.txt: 0 item(s)
2024-06-29 16:09:27,837 [INFO] ApiDb:427 - User favorites MCUs=[]
2024-06-29 16:09:27,837 [INFO] DbMcus:224 - Set 0 / 0 favorites MCUs
2024-06-29 16:09:28,488 [INFO] MicroXplorer:468 - Change Database Path : 
2024-06-29 16:09:28,488 [INFO] MicroXplorer:498 - Change Database Version : DB.6.0.100
2024-06-29 16:09:28,488 [WARN] ThirdParty:833 - waiting for thirdparty lock release [change project]
2024-06-29 16:09:28,489 [INFO] ThirdParty:835 - entering critical section [change project]
2024-06-29 16:09:28,489 [INFO] ThirdParty:1030 - CMSIS Pack Vendor :STMicroelectronics USBPD 4.1
2024-06-29 16:09:28,489 [INFO] ThirdParty:1030 - CMSIS Pack Vendor :STMicroelectronics X-CUBE-GNSS1 6.0.0
2024-06-29 16:09:28,489 [INFO] ThirdParty:1030 - CMSIS Pack Vendor :STMicroelectronics USB_HOST 2.0.0
2024-06-29 16:09:28,489 [INFO] ThirdParty:1030 - CMSIS Pack Vendor :STMicroelectronics FP-SNS-MOTENVWB1 1.4.0
2024-06-29 16:09:28,489 [INFO] ThirdParty:1030 - CMSIS Pack Vendor :STMicroelectronics X-CUBE-AZRTOS-F4 1.1.0
2024-06-29 16:09:28,489 [INFO] ThirdParty:1030 - CMSIS Pack Vendor :STMicroelectronics LIBJPEG 8.0.0
2024-06-29 16:09:28,489 [INFO] ThirdParty:1030 - CMSIS Pack Vendor :STMicroelectronics X-CUBE-SMBUS 2.1.0
2024-06-29 16:09:28,489 [INFO] ThirdParty:1030 - CMSIS Pack Vendor :STMicroelectronics USB_DEVICE 3.0.0
2024-06-29 16:09:28,489 [INFO] ThirdParty:1030 - CMSIS Pack Vendor :STMicroelectronics X-CUBE-TCPP 4.1.0
2024-06-29 16:09:28,489 [INFO] ThirdParty:1030 - CMSIS Pack Vendor :STMicroelectronics X-CUBE-FREERTOS 1.2.0
2024-06-29 16:09:28,489 [INFO] ThirdParty:1030 - CMSIS Pack Vendor :STMicroelectronics X-CUBE-AZRTOS-WB 2.0.0
2024-06-29 16:09:28,489 [INFO] ThirdParty:1030 - CMSIS Pack Vendor :wolfSSL I-CUBE-wolfSSL 5.6.6
2024-06-29 16:09:28,489 [INFO] ThirdParty:1030 - CMSIS Pack Vendor :STMicroelectronics X-CUBE-TOUCHGFX 4.23.0
2024-06-29 16:09:28,489 [INFO] ThirdParty:1030 - CMSIS Pack Vendor :STMicroelectronics X-CUBE-AZRTOS-F7 1.1.0
2024-06-29 16:09:28,489 [INFO] ThirdParty:1030 - CMSIS Pack Vendor :STMicroelectronics X-CUBE-AZRTOS-L5 2.0.0
2024-06-29 16:09:28,490 [INFO] ThirdParty:1030 - CMSIS Pack Vendor :STMicroelectronics USB_DEVICE 2.0.0
2024-06-29 16:09:28,490 [INFO] ThirdParty:1030 - CMSIS Pack Vendor :STMicroelectronics X-CUBE-EEPRMA1 4.2.0
2024-06-29 16:09:28,490 [INFO] ThirdParty:1030 - CMSIS Pack Vendor :STMicroelectronics X-CUBE-NFC6 3.1.0
2024-06-29 16:09:28,490 [INFO] ThirdParty:1030 - CMSIS Pack Vendor :ITTIA_DB I-CUBE-ITTIADB 8.8.0
2024-06-29 16:09:28,490 [INFO] ThirdParty:1030 - CMSIS Pack Vendor :STMicroelectronics FP-SNS-MOTENV1 4.3.2
2024-06-29 16:09:28,490 [INFO] ThirdParty:1030 - CMSIS Pack Vendor :STMicroelectronics X-CUBE-ALGOBUILD 1.3.0
2024-06-29 16:09:28,490 [INFO] ThirdParty:1030 - CMSIS Pack Vendor :STMicroelectronics FreeRTOS 0.0.1
2024-06-29 16:09:28,490 [INFO] ThirdParty:1030 - CMSIS Pack Vendor :STMicroelectronics X-CUBE-AZRTOS-G0 1.1.0
2024-06-29 16:09:28,490 [INFO] ThirdParty:1030 - CMSIS Pack Vendor :STMicroelectronics X-CUBE-SAFEA1 1.2.2
2024-06-29 16:09:28,490 [INFO] ThirdParty:1030 - CMSIS Pack Vendor :STMicroelectronics X-CUBE-NFC4 3.0.0
2024-06-29 16:09:28,490 [INFO] ThirdParty:1030 - CMSIS Pack Vendor :STMicroelectronics X-CUBE-SUBG2 5.0.0
2024-06-29 16:09:28,490 [INFO] ThirdParty:1030 - CMSIS Pack Vendor :STMicroelectronics STM32_WPAN 1.0.0
2024-06-29 16:09:28,490 [INFO] ThirdParty:1030 - CMSIS Pack Vendor :STMicroelectronics lwIP 2.0.3
2024-06-29 16:09:28,490 [INFO] ThirdParty:1030 - CMSIS Pack Vendor :STMicroelectronics FP-SNS-FLIGHT1 5.0.2
2024-06-29 16:09:28,490 [INFO] ThirdParty:1030 - CMSIS Pack Vendor :Cesanta I-CUBE-Mongoose 7.13.0
2024-06-29 16:09:28,490 [INFO] ThirdParty:1030 - CMSIS Pack Vendor :STMicroelectronics USB_HOST 1.0.0
2024-06-29 16:09:28,490 [INFO] ThirdParty:1030 - CMSIS Pack Vendor :STMicroelectronics X-CUBE-AI 9.0.0
2024-06-29 16:09:28,491 [INFO] ThirdParty:1030 - CMSIS Pack Vendor :STMicroelectronics X-CUBE-AZRTOS-G4 2.0.0
2024-06-29 16:09:28,491 [INFO] ThirdParty:1030 - CMSIS Pack Vendor :STMicroelectronics PDM2PCM 3.1.0
2024-06-29 16:09:28,491 [INFO] ThirdParty:1030 - CMSIS Pack Vendor :Infineon AIROC-Wi-Fi-Bluetooth-STM32 1.5.1
2024-06-29 16:09:28,491 [INFO] ThirdParty:1030 - CMSIS Pack Vendor :STMicroelectronics X-CUBE-BLEMGR 3.0.0
2024-06-29 16:09:28,491 [INFO] ThirdParty:1030 - CMSIS Pack Vendor :STMicroelectronics PDM2PCM 3.3.0
2024-06-29 16:09:28,491 [INFO] ThirdParty:1030 - CMSIS Pack Vendor :STMicroelectronics X-CUBE-DISPLAY 3.0.0
2024-06-29 16:09:28,491 [INFO] ThirdParty:1030 - CMSIS Pack Vendor :STMicroelectronics FP-SNS-MOTENVWB1 1.3.1
2024-06-29 16:09:28,491 [INFO] ThirdParty:1030 - CMSIS Pack Vendor :STMicroelectronics X-CUBE-BLE1 7.0.0
2024-06-29 16:09:28,491 [INFO] ThirdParty:1030 - CMSIS Pack Vendor :STMicroelectronics FP-ATR-SIGFOX1 3.2.0
2024-06-29 16:09:28,491 [INFO] ThirdParty:1030 - CMSIS Pack Vendor :STMicroelectronics X-CUBE-ISPU 2.0.0
2024-06-29 16:09:28,491 [INFO] ThirdParty:1030 - CMSIS Pack Vendor :STMicroelectronics X-CUBE-EEPRMA1 5.1.0
2024-06-29 16:09:28,491 [INFO] ThirdParty:1030 - CMSIS Pack Vendor :STMicroelectronics HAL Drivers 0.0.0
2024-06-29 16:09:28,491 [INFO] ThirdParty:1030 - CMSIS Pack Vendor :STMicroelectronics MBEDTLS 2.16.2
2024-06-29 16:09:28,491 [INFO] ThirdParty:1030 - CMSIS Pack Vendor :STMicroelectronics X-CUBE-ALS 1.0.2
2024-06-29 16:09:28,491 [INFO] ThirdParty:1030 - CMSIS Pack Vendor :emotas I-CUBE-CANOPEN 1.3.0
2024-06-29 16:09:28,491 [INFO] ThirdParty:1030 - CMSIS Pack Vendor :STMicroelectronics X-CUBE-MEMS1 10.0.0
2024-06-29 16:09:28,491 [INFO] ThirdParty:1030 - CMSIS Pack Vendor :STMicroelectronics X-CUBE-FREERTOS 1.1.0
2024-06-29 16:09:28,491 [INFO] ThirdParty:1030 - CMSIS Pack Vendor :STMicroelectronics X-CUBE-NFC7 1.0.1
2024-06-29 16:09:28,492 [INFO] ThirdParty:1030 - CMSIS Pack Vendor :STMicroelectronics MBEDTLS 2.14.1
2024-06-29 16:09:28,492 [INFO] ThirdParty:1030 - CMSIS Pack Vendor :STMicroelectronics X-CUBE-TOUCHGFX 4.24.0
2024-06-29 16:09:28,492 [INFO] ThirdParty:1030 - CMSIS Pack Vendor :STMicroelectronics X-CUBE-NFC6 3.0.0
2024-06-29 16:09:28,492 [INFO] ThirdParty:1030 - CMSIS Pack Vendor :portGmbH I-Cube-SoM-uGOAL 1.1.0
2024-06-29 16:09:28,492 [INFO] ThirdParty:1030 - CMSIS Pack Vendor :STMicroelectronics X-CUBE-ALS 1.0.1
2024-06-29 16:09:28,492 [INFO] ThirdParty:1030 - CMSIS Pack Vendor :STMicroelectronics X-CUBE-BLEMGR 3.1.0
2024-06-29 16:09:28,492 [INFO] ThirdParty:1030 - CMSIS Pack Vendor :STMicroelectronics ThreadX 1.0.0
2024-06-29 16:09:28,492 [INFO] ThirdParty:1030 - CMSIS Pack Vendor :STMicroelectronics FP-SNS-SMARTAG2 1.2.0
2024-06-29 16:09:28,492 [INFO] ThirdParty:1030 - CMSIS Pack Vendor :STMicroelectronics X-CUBE-AZRTOS-WL 2.0.0
2024-06-29 16:09:28,492 [INFO] ThirdParty:1030 - CMSIS Pack Vendor :SEGGER I-CUBE-embOS 1.3.1
2024-06-29 16:09:28,492 [INFO] ThirdParty:1030 - CMSIS Pack Vendor :STMicroelectronics X-CUBE-ALGOBUILD 1.4.0
2024-06-29 16:09:28,492 [INFO] ThirdParty:1030 - CMSIS Pack Vendor :STMicroelectronics FP-SNS-MOTENV1 5.0.0
2024-06-29 16:09:28,492 [INFO] ThirdParty:1030 - CMSIS Pack Vendor :STMicroelectronics USB_DEVICE 1.0.0
2024-06-29 16:09:28,492 [INFO] ThirdParty:1030 - CMSIS Pack Vendor :STMicroelectronics X-CUBE-AI 8.1.0
2024-06-29 16:09:28,492 [INFO] ThirdParty:1030 - CMSIS Pack Vendor :STMicroelectronics X-CUBE-AZRTOS-H7RS 1.0.0
2024-06-29 16:09:28,492 [INFO] ThirdParty:1030 - CMSIS Pack Vendor :wolfSSL I-CUBE-wolfMQTT 1.19.0
2024-06-29 16:09:28,492 [INFO] ThirdParty:1030 - CMSIS Pack Vendor :STMicroelectronics X-CUBE-AZRTOS-L4 2.0.0
2024-06-29 16:09:28,492 [INFO] ThirdParty:1030 - CMSIS Pack Vendor :STMicroelectronics ThreadX 0.0.2
2024-06-29 16:09:28,493 [INFO] ThirdParty:1030 - CMSIS Pack Vendor :WES I-CUBE-Cesium 1.3.0
2024-06-29 16:09:28,493 [INFO] ThirdParty:1030 - CMSIS Pack Vendor :STMicroelectronics FP-ATR-ASTRA1 2.0.0
2024-06-29 16:09:28,493 [INFO] ThirdParty:1030 - CMSIS Pack Vendor :STMicroelectronics lwIP 2.1.2
2024-06-29 16:09:28,493 [INFO] ThirdParty:1030 - CMSIS Pack Vendor :STMicroelectronics X-CUBE-SFXS2LP1 4.0.0
2024-06-29 16:09:28,493 [INFO] ThirdParty:1030 - CMSIS Pack Vendor :STMicroelectronics X-CUBE-BLE2 3.3.0
2024-06-29 16:09:28,493 [INFO] ThirdParty:1030 - CMSIS Pack Vendor :STMicroelectronics X-CUBE-TOF1 3.4.0
2024-06-29 16:09:28,493 [INFO] ThirdParty:1030 - CMSIS Pack Vendor :STMicroelectronics X-CUBE-TOF1 3.4.1
2024-06-29 16:09:28,493 [INFO] ThirdParty:1030 - CMSIS Pack Vendor :STMicroelectronics X-CUBE-AZRTOS-H7 3.2.0
2024-06-29 16:09:28,493 [INFO] ThirdParty:1030 - CMSIS Pack Vendor :STMicroelectronics PDM2PCM 3.2.0
2024-06-29 16:09:28,493 [INFO] ThirdParty:841 - exiting critical section [change project]
2024-06-29 16:09:28,841 [INFO] PinOutPanel:1499 - setPackage(No Configuration,No Configuration)
2024-06-29 16:09:28,845 [INFO] PinOutPanel:1499 - setPackage(STM32L432KCUx,UFQFPN32)
2024-06-29 16:09:29,429 [INFO] UtilMem:75 - Before build in PCC Used Memory: 355235696 Bytes (615514112)
2024-06-29 16:09:30,234 [INFO] UtilMem:75 - After build in PCC Used Memory: 474298456 Bytes (615514112)
2024-06-29 16:09:30,303 [INFO] ApiDbMcu:508 - Load IP Config File for FREERTOS
2024-06-29 16:09:30,341 [INFO] IPUIPlugin:80 - create IPUIPlugin
2024-06-29 16:09:30,341 [INFO] IPUIPlugin:80 - create IPUIPlugin
2024-06-29 16:09:30,341 [INFO] IPUIPlugin:80 - create IPUIPlugin
2024-06-29 16:09:30,342 [INFO] IPUIPlugin:80 - create IPUIPlugin
2024-06-29 16:09:30,342 [INFO] IPUIPlugin:80 - create IPUIPlugin
2024-06-29 16:09:30,342 [INFO] IPUIPlugin:80 - create IPUIPlugin
2024-06-29 16:09:30,343 [INFO] IPUIPlugin:80 - create IPUIPlugin
2024-06-29 16:09:30,343 [INFO] IPUIPlugin:80 - create IPUIPlugin
2024-06-29 16:09:30,343 [INFO] IPUIPlugin:80 - create IPUIPlugin
2024-06-29 16:09:30,343 [INFO] IPUIPlugin:80 - create IPUIPlugin
2024-06-29 16:09:30,344 [INFO] IPUIPlugin:80 - create IPUIPlugin
2024-06-29 16:09:30,344 [INFO] IPUIPlugin:80 - create IPUIPlugin
2024-06-29 16:09:30,344 [INFO] IPUIPlugin:80 - create IPUIPlugin
2024-06-29 16:09:30,345 [INFO] IPUIPlugin:80 - create IPUIPlugin
2024-06-29 16:09:30,345 [INFO] IPUIPlugin:80 - create IPUIPlugin
2024-06-29 16:09:30,346 [INFO] IPUIPlugin:80 - create IPUIPlugin
2024-06-29 16:09:30,346 [INFO] IPUIPlugin:80 - create IPUIPlugin
2024-06-29 16:09:30,346 [INFO] IPUIPlugin:80 - create IPUIPlugin
2024-06-29 16:09:30,347 [INFO] IPUIPlugin:80 - create IPUIPlugin
2024-06-29 16:09:30,347 [INFO] IPUIPlugin:80 - create IPUIPlugin
2024-06-29 16:09:30,347 [INFO] IPUIPlugin:80 - create IPUIPlugin
2024-06-29 16:09:30,348 [INFO] IPUIPlugin:80 - create IPUIPlugin
2024-06-29 16:09:30,348 [INFO] IPUIPlugin:80 - create IPUIPlugin
2024-06-29 16:09:30,349 [INFO] IPUIPlugin:80 - create IPUIPlugin
2024-06-29 16:09:30,349 [INFO] IPUIPlugin:80 - create IPUIPlugin
2024-06-29 16:09:30,349 [INFO] IPUIPlugin:80 - create IPUIPlugin
2024-06-29 16:09:30,349 [INFO] IPUIPlugin:80 - create IPUIPlugin
2024-06-29 16:09:30,349 [INFO] IPUIPlugin:80 - create IPUIPlugin
2024-06-29 16:09:30,350 [INFO] IPUIPlugin:80 - create IPUIPlugin
2024-06-29 16:09:30,350 [INFO] IPUIPlugin:80 - create IPUIPlugin
2024-06-29 16:09:30,350 [INFO] IPUIPlugin:80 - create IPUIPlugin
2024-06-29 16:09:30,350 [INFO] IPUIPlugin:80 - create IPUIPlugin
2024-06-29 16:09:30,350 [INFO] IPUIPlugin:80 - create IPUIPlugin
2024-06-29 16:09:30,350 [INFO] IPUIPlugin:80 - create IPUIPlugin
2024-06-29 16:09:30,350 [INFO] IPUIPlugin:80 - create IPUIPlugin
2024-06-29 16:09:30,351 [INFO] IPUIPlugin:80 - create IPUIPlugin
2024-06-29 16:09:30,351 [INFO] IPUIPlugin:80 - create IPUIPlugin
2024-06-29 16:09:30,351 [INFO] IPUIPlugin:80 - create IPUIPlugin
2024-06-29 16:09:30,352 [INFO] IPUIPlugin:80 - create IPUIPlugin
2024-06-29 16:09:30,352 [INFO] IPUIPlugin:80 - create IPUIPlugin
2024-06-29 16:09:30,352 [INFO] IPUIPlugin:80 - create IPUIPlugin
2024-06-29 16:09:30,396 [WARN] FreeRTOS:1023 - Null or empty value: should not occur! (nothing added to the table)
2024-06-29 16:09:30,613 [INFO] CADModel:165 - CPN selected for project levelSTM32L432KCU3
2024-06-29 16:09:30,613 [INFO] CADModel:114 - Register for checkConnection events
2024-06-29 16:09:30,615 [INFO] RtosManager:697 - Active RTOS found at IOC load: FREERTOS [Cortex-M4NS]
2024-06-29 16:09:30,655 [INFO] OpenFileManager:343 - Restore cursor
2024-06-29 16:10:29,171 [ERROR] ConfigurationRetriever:142 - IOException on connection: sw-center.st.com
2024-06-29 16:10:29,173 [ERROR] ConfigurationRetriever:142 - IOException on connection: sw-center.st.com
2024-06-29 16:10:29,174 [ERROR] ConfigurationRetriever:142 - IOException on connection: sw-center.st.com
2024-06-29 16:10:29,521 [ERROR] ConfigurationRetriever:142 - IOException on connection: sw-center.st.com
2024-06-29 16:10:29,522 [ERROR] ConfigurationRetriever:142 - IOException on connection: sw-center.st.com
2024-06-29 16:10:29,523 [ERROR] ConfigurationRetriever:142 - IOException on connection: sw-center.st.com
2024-06-29 16:43:11,404 [ERROR] ConfigurationRetriever:142 - IOException on connection: sw-center.st.com
2024-06-29 16:43:11,404 [ERROR] ConfigurationRetriever:142 - IOException on connection: sw-center.st.com
2024-06-29 16:43:11,405 [ERROR] ConfigurationRetriever:142 - IOException on connection: sw-center.st.com
