2024-01-15 19:39:59,723 [INFO] Activator:176 - 


2024-01-15 19:39:59,730 [INFO] Activator:177 - !SESSION log4j initialized
2024-01-15 19:40:10,455 [INFO] LogOutputStream:77 - [STDOUT_REDIRECT] 
2024-01-15 19:40:12,557 [INFO] ApplicationProperties:184 - Using Application install path: /opt/st/stm32cubeide_1.14.0/plugins/com.st.stm32cube.common.mx_6.10.0.202311202037
2024-01-15 19:40:12,587 [INFO] DbMcusXml:78 - Set database path to: /opt/st/stm32cubeide_1.14.0/plugins/com.st.stm32cube.common.mx_6.10.0.202311202037//db//mcu/
2024-01-15 19:40:12,588 [INFO] ApiDb:274 - Set plugin database path to: /opt/st/stm32cubeide_1.14.0/plugins/com.st.stm32cube.common.mx_6.10.0.202311202037//db//plugins/boardmanager/
2024-01-15 19:40:12,588 [WARN] ApiDb:259 - Overriding images path with different value:  => /opt/st/stm32cubeide_1.14.0/plugins/com.st.stm32cube.common.mx_6.10.0.202311202037//db//plugins/mcufinder/images/
2024-01-15 19:40:12,613 [INFO] ApiDb:250 - Set database path to: /home/aneesh/.stmcufinder/plugins/mcufinder//mcu/
2024-01-15 19:40:12,619 [INFO] DbMcusAds:125 - Set database path to: /home/aneesh/.stmcufinder/plugins/mcufinder//mcu/
2024-01-15 19:40:12,630 [INFO] CrossReferenceDbSqlite:203 - Set database path to: /home/aneesh/.stmcufinder/plugins/mcufinder//mcu/cs/
2024-01-15 19:40:12,860 [INFO] RulesReader:64 - Compatibility file has been processed (297 Rules)
2024-01-15 19:40:13,056 [INFO] DbMcusXml:78 - Set database path to: /opt/st/stm32cubeide_1.14.0/plugins/com.st.stm32cube.common.mx_6.10.0.202311202037//db//mcu/
2024-01-15 19:40:13,058 [INFO] ApiDb:274 - Set plugin database path to: /opt/st/stm32cubeide_1.14.0/plugins/com.st.stm32cube.common.mx_6.10.0.202311202037//db//plugins/boardmanager/
2024-01-15 19:40:13,059 [INFO] ApiDb:261 - Set plugin images path to: /opt/st/stm32cubeide_1.14.0/plugins/com.st.stm32cube.common.mx_6.10.0.202311202037//db//plugins/mcufinder/images/
2024-01-15 19:40:13,060 [WARN] DbFile:41 - Overriding database path with different value: /home/aneesh/.stmcufinder/plugins/mcufinder/ => /home/aneesh/.stmcufinder/plugins/mcufinder
2024-01-15 19:40:13,060 [INFO] ApiDb:250 - Set database path to: /home/aneesh/.stmcufinder/plugins/mcufinder//mcu/
2024-01-15 19:40:13,061 [WARN] DbFile:41 - Overriding database path with different value: /home/aneesh/.stmcufinder/plugins/mcufinder/ => /home/aneesh/.stmcufinder/plugins/mcufinder
2024-01-15 19:40:13,061 [INFO] DbMcusAds:125 - Set database path to: /home/aneesh/.stmcufinder/plugins/mcufinder//mcu/
2024-01-15 19:40:13,061 [WARN] DbFile:41 - Overriding database path with different value: /home/aneesh/.stmcufinder/plugins/mcufinder/ => /home/aneesh/.stmcufinder/plugins/mcufinder
2024-01-15 19:40:13,061 [WARN] DbFile:41 - Overriding database path with different value: /home/aneesh/.stmcufinder/plugins/mcufinder/ => /home/aneesh/.stmcufinder/plugins/mcufinder
2024-01-15 19:40:13,062 [INFO] CrossReferenceDbSqlite:203 - Set database path to: /home/aneesh/.stmcufinder/plugins/mcufinder//mcu/cs/
2024-01-15 19:40:13,404 [INFO] MainPanel:264 - HeapMemory: 268435456
2024-01-15 19:40:13,557 [INFO] DbMcusXml:78 - Set database path to: /opt/st/stm32cubeide_1.14.0/plugins/com.st.stm32cube.common.mx_6.10.0.202311202037//db//mcu/
2024-01-15 19:40:13,557 [INFO] ApiDb:274 - Set plugin database path to: /opt/st/stm32cubeide_1.14.0/plugins/com.st.stm32cube.common.mx_6.10.0.202311202037//db//plugins/boardmanager/
2024-01-15 19:40:13,558 [INFO] ApiDb:261 - Set plugin images path to: /opt/st/stm32cubeide_1.14.0/plugins/com.st.stm32cube.common.mx_6.10.0.202311202037//db//plugins/mcufinder/images/
2024-01-15 19:40:13,558 [WARN] DbFile:41 - Overriding database path with different value: /home/aneesh/.stmcufinder/plugins/mcufinder/ => /home/aneesh/.stmcufinder/plugins/mcufinder
2024-01-15 19:40:13,558 [INFO] ApiDb:250 - Set database path to: /home/aneesh/.stmcufinder/plugins/mcufinder//mcu/
2024-01-15 19:40:13,558 [WARN] DbFile:41 - Overriding database path with different value: /home/aneesh/.stmcufinder/plugins/mcufinder/ => /home/aneesh/.stmcufinder/plugins/mcufinder
2024-01-15 19:40:13,559 [INFO] DbMcusAds:125 - Set database path to: /home/aneesh/.stmcufinder/plugins/mcufinder//mcu/
2024-01-15 19:40:13,559 [WARN] DbFile:41 - Overriding database path with different value: /home/aneesh/.stmcufinder/plugins/mcufinder/ => /home/aneesh/.stmcufinder/plugins/mcufinder
2024-01-15 19:40:13,559 [WARN] DbFile:41 - Overriding database path with different value: /home/aneesh/.stmcufinder/plugins/mcufinder/ => /home/aneesh/.stmcufinder/plugins/mcufinder
2024-01-15 19:40:13,560 [INFO] CrossReferenceDbSqlite:203 - Set database path to: /home/aneesh/.stmcufinder/plugins/mcufinder//mcu/cs/
2024-01-15 19:40:13,581 [INFO] ApplicationProperties:184 - Using Application install path: /opt/st/stm32cubeide_1.14.0/plugins/com.st.stm32cube.common.mx_6.10.0.202311202037
2024-01-15 19:40:13,583 [INFO] PluginManage:196 - Search for loadable plugins [exclusion list=, ]
2024-01-15 19:40:13,584 [INFO] PluginManage:310 - Check plugin analytics
2024-01-15 19:40:13,994 [INFO] AnalyticsPlugin:253 - Accepted Software Licenses: 
2024-01-15 19:40:13,994 [INFO] AnalyticsPlugin:255 - Accepted CMSIS Pack Licenses: 
2024-01-15 19:40:13,995 [INFO] AnalyticsPlugin:257 - Accepted Firmware Licenses: FW.L4.1.18.0
2024-01-15 19:40:14,009 [INFO] PluginManage:359 - Loaded plugin analytics (category:tool,tabindex:-1)
2024-01-15 19:40:14,011 [INFO] PluginManage:310 - Check plugin cadmodel
2024-01-15 19:40:14,257 [INFO] CADModel:105 - Init CAD model plugin
2024-01-15 19:40:14,258 [INFO] PluginManage:359 - Loaded plugin cadmodel (category:power,tabindex:5)
2024-01-15 19:40:14,258 [INFO] PluginManage:310 - Check plugin clock
2024-01-15 19:40:14,319 [INFO] PluginManage:359 - Loaded plugin clock (category:base,tabindex:2)
2024-01-15 19:40:14,320 [INFO] PluginManage:310 - Check plugin ddr
2024-01-15 19:40:14,324 [INFO] PluginManage:359 - Loaded plugin ddr (category:tool,tabindex:6)
2024-01-15 19:40:14,325 [INFO] PluginManage:310 - Check plugin filemanager
2024-01-15 19:40:14,706 [INFO] PluginManage:359 - Loaded plugin filemanager (category:base,tabindex:10)
2024-01-15 19:40:14,708 [INFO] PluginManage:310 - Check plugin ipmanager
2024-01-15 19:40:14,719 [INFO] PluginManage:359 - Loaded plugin ipmanager (category:base,tabindex:5)
2024-01-15 19:40:14,720 [INFO] PluginManage:310 - Check plugin lpbam
2024-01-15 19:40:14,739 [INFO] PluginManage:359 - Loaded plugin lpbam (category:base,tabindex:0)
2024-01-15 19:40:14,740 [INFO] PluginManage:310 - Check plugin memorymap
2024-01-15 19:40:14,768 [INFO] PluginManage:359 - Loaded plugin memorymap (category:base,tabindex:4)
2024-01-15 19:40:14,768 [INFO] PluginManage:310 - Check plugin pinoutandconfiguration
2024-01-15 19:40:14,779 [INFO] PluginManage:359 - Loaded plugin pinoutandconfiguration (category:base,tabindex:1)
2024-01-15 19:40:14,779 [INFO] PluginManage:310 - Check plugin pinoutconfig
2024-01-15 19:40:14,947 [WARN] SupportedApi:132 - Cannot load RTOS API schema: s4s-elt-must-match.1: The content of 'definitions' must match (annotation?, (simpleType | complexType)?, (unique | key | keyref)*)). A problem was found starting at: attribute.
2024-01-15 19:40:15,146 [INFO] PluginManage:359 - Loaded plugin pinoutconfig (category:base,tabindex:0)
2024-01-15 19:40:15,146 [INFO] PluginManage:310 - Check plugin power
2024-01-15 19:40:15,171 [INFO] PluginManage:359 - Loaded plugin power (category:power,tabindex:4)
2024-01-15 19:40:15,173 [INFO] PluginManage:310 - Check plugin projectmanager
2024-01-15 19:40:15,220 [INFO] PluginManage:359 - Loaded plugin projectmanager (category:projectmanager,tabindex:3)
2024-01-15 19:40:15,220 [INFO] PluginManage:310 - Check plugin thirdparty
2024-01-15 19:40:15,488 [INFO] PluginManage:359 - Loaded plugin thirdparty (category:base,tabindex:-1)
2024-01-15 19:40:15,488 [WARN] IntegrityCheckThread:84 - waiting for thirdparty lock release [integrity check]
2024-01-15 19:40:15,488 [INFO] PluginManage:310 - Check plugin tools
2024-01-15 19:40:15,488 [INFO] IntegrityCheckThread:86 - entering critical section [integrity check]
2024-01-15 19:40:15,489 [INFO] ThirdPartyUpdaterWithRetryManager:70 - Updater plugin not ready yet. [1/15]
2024-01-15 19:40:15,493 [INFO] PluginManage:359 - Loaded plugin tools (category:base,tabindex:7)
2024-01-15 19:40:15,493 [INFO] PluginManage:310 - Check plugin tutovideos
2024-01-15 19:40:15,746 [INFO] PluginManage:359 - Loaded plugin tutovideos (category:base,tabindex:-1)
2024-01-15 19:40:15,746 [INFO] PluginManage:310 - Check plugin updater
2024-01-15 19:40:15,759 [INFO] PluginManage:359 - Loaded plugin updater (category:base,tabindex:12)
2024-01-15 19:40:15,760 [INFO] PluginManage:310 - Check plugin userauth
2024-01-15 19:40:15,768 [INFO] UserAuth:114 - Init User Auth plugin
2024-01-15 19:40:15,768 [INFO] PluginManage:359 - Loaded plugin userauth (category:base,tabindex:14)
2024-01-15 19:40:15,769 [INFO] PluginManage:283 - PluginManage : Loaded plugins [17]
2024-01-15 19:40:16,275 [INFO] PinOutPanel:1499 - setPackage(No Configuration,No Configuration)
2024-01-15 19:40:16,374 [INFO] CADModel:165 - CPN selected for project level
2024-01-15 19:40:16,375 [INFO] CADModel:114 - Register for checkConnection events
2024-01-15 19:40:16,388 [INFO] IPUIPlugin:80 - create IPUIPlugin
2024-01-15 19:40:16,389 [INFO] PluginManager:220 - loadIPPluginJar : add comp
2024-01-15 19:40:16,391 [INFO] IPUIPlugin:80 - create IPUIPlugin
2024-01-15 19:40:16,391 [INFO] PluginManager:220 - loadIPPluginJar : add ltdc
2024-01-15 19:40:16,406 [INFO] IPUIPlugin:80 - create IPUIPlugin
2024-01-15 19:40:16,415 [INFO] PluginManager:220 - loadIPPluginJar : add plateformsettings
2024-01-15 19:40:16,426 [INFO] IPUIPlugin:80 - create IPUIPlugin
2024-01-15 19:40:16,426 [INFO] PluginManager:220 - loadIPPluginJar : add mdma
2024-01-15 19:40:16,430 [INFO] IPUIPlugin:80 - create IPUIPlugin
2024-01-15 19:40:16,430 [INFO] PluginManager:220 - loadIPPluginJar : add ucpd
2024-01-15 19:40:16,441 [INFO] IPUIPlugin:80 - create IPUIPlugin
2024-01-15 19:40:16,442 [INFO] PluginManager:220 - loadIPPluginJar : add opamp
2024-01-15 19:40:16,444 [INFO] IPUIPlugin:80 - create IPUIPlugin
2024-01-15 19:40:16,445 [INFO] PluginManager:220 - loadIPPluginJar : add lorawan
2024-01-15 19:40:16,448 [INFO] IPUIPlugin:80 - create IPUIPlugin
2024-01-15 19:40:16,449 [INFO] PluginManager:220 - loadIPPluginJar : add openamp
2024-01-15 19:40:16,452 [INFO] IPUIPlugin:80 - create IPUIPlugin
2024-01-15 19:40:16,453 [INFO] PluginManager:220 - loadIPPluginJar : add i2s
2024-01-15 19:40:16,459 [INFO] IPUIPlugin:80 - create IPUIPlugin
2024-01-15 19:40:16,460 [INFO] PluginManager:220 - loadIPPluginJar : add stm32_wpan
2024-01-15 19:40:16,464 [INFO] IPUIPlugin:80 - create IPUIPlugin
2024-01-15 19:40:16,464 [INFO] PluginManager:220 - loadIPPluginJar : add touchsensing
2024-01-15 19:40:16,471 [INFO] IPUIPlugin:80 - create IPUIPlugin
2024-01-15 19:40:16,472 [INFO] PluginManager:220 - loadIPPluginJar : add nvic
2024-01-15 19:40:16,475 [INFO] IPUIPlugin:80 - create IPUIPlugin
2024-01-15 19:40:16,475 [INFO] PluginManager:220 - loadIPPluginJar : add i2c
2024-01-15 19:40:16,477 [INFO] IPUIPlugin:80 - create IPUIPlugin
2024-01-15 19:40:16,478 [INFO] PluginManager:220 - loadIPPluginJar : add tim
2024-01-15 19:40:16,480 [INFO] IPUIPlugin:80 - create IPUIPlugin
2024-01-15 19:40:16,480 [INFO] PluginManager:220 - loadIPPluginJar : add gfxmmu
2024-01-15 19:40:16,487 [INFO] IPUIPlugin:80 - create IPUIPlugin
2024-01-15 19:40:16,487 [INFO] PluginManager:220 - loadIPPluginJar : add freertos
2024-01-15 19:40:16,491 [INFO] IPUIPlugin:80 - create IPUIPlugin
2024-01-15 19:40:16,491 [INFO] PluginManager:220 - loadIPPluginJar : add quadspi
2024-01-15 19:40:16,497 [INFO] IPUIPlugin:80 - create IPUIPlugin
2024-01-15 19:40:16,497 [INFO] PluginManager:220 - loadIPPluginJar : add spi
2024-01-15 19:40:16,504 [INFO] IPUIPlugin:80 - create IPUIPlugin
2024-01-15 19:40:16,504 [INFO] PluginManager:220 - loadIPPluginJar : add ipddr
2024-01-15 19:40:16,509 [INFO] IPUIPlugin:80 - create IPUIPlugin
2024-01-15 19:40:16,510 [INFO] PluginManager:220 - loadIPPluginJar : add aes
2024-01-15 19:40:16,530 [INFO] IPUIPlugin:80 - create IPUIPlugin
2024-01-15 19:40:16,531 [INFO] PluginManager:220 - loadIPPluginJar : add linkedlist
2024-01-15 19:40:16,537 [INFO] IPUIPlugin:80 - create IPUIPlugin
2024-01-15 19:40:16,539 [INFO] PluginManager:220 - loadIPPluginJar : add cryp
2024-01-15 19:40:16,555 [INFO] IPUIPlugin:80 - create IPUIPlugin
2024-01-15 19:40:16,556 [INFO] PluginManager:220 - loadIPPluginJar : add gpio
2024-01-15 19:40:16,568 [INFO] IPUIPlugin:80 - create IPUIPlugin
2024-01-15 19:40:16,571 [INFO] PluginManager:220 - loadIPPluginJar : add gic
2024-01-15 19:40:16,580 [INFO] IPUIPlugin:80 - create IPUIPlugin
2024-01-15 19:40:16,580 [INFO] PluginManager:220 - loadIPPluginJar : add dma3
2024-01-15 19:40:16,582 [INFO] IPUIPlugin:80 - create IPUIPlugin
2024-01-15 19:40:16,582 [INFO] PluginManager:220 - loadIPPluginJar : add genericplugin
2024-01-15 19:40:16,584 [INFO] IPUIPlugin:80 - create IPUIPlugin
2024-01-15 19:40:16,585 [INFO] PluginManager:220 - loadIPPluginJar : add tsc
2024-01-15 19:40:16,588 [INFO] IPUIPlugin:80 - create IPUIPlugin
2024-01-15 19:40:16,589 [INFO] PluginManager:220 - loadIPPluginJar : add can
2024-01-15 19:40:16,599 [INFO] IPUIPlugin:80 - create IPUIPlugin
2024-01-15 19:40:16,599 [INFO] PluginManager:220 - loadIPPluginJar : add dma
2024-01-15 19:40:16,605 [INFO] IPUIPlugin:80 - create IPUIPlugin
2024-01-15 19:40:16,606 [INFO] PluginManager:220 - loadIPPluginJar : add usbx
2024-01-15 19:40:16,614 [INFO] IPUIPlugin:80 - create IPUIPlugin
2024-01-15 19:40:16,614 [INFO] PluginManager:220 - loadIPPluginJar : add resmgrutility
2024-01-15 19:40:16,619 [INFO] IPUIPlugin:80 - create IPUIPlugin
2024-01-15 19:40:16,619 [INFO] PluginManager:220 - loadIPPluginJar : add sai
2024-01-15 19:40:16,623 [INFO] IPUIPlugin:80 - create IPUIPlugin
2024-01-15 19:40:16,624 [INFO] PluginManager:220 - loadIPPluginJar : add pdm2pcm
2024-01-15 19:40:16,631 [INFO] IPUIPlugin:80 - create IPUIPlugin
2024-01-15 19:40:16,631 [INFO] PluginManager:220 - loadIPPluginJar : add fmc
2024-01-15 19:40:16,645 [INFO] IPUIPlugin:80 - create IPUIPlugin
2024-01-15 19:40:16,645 [INFO] PluginManager:220 - loadIPPluginJar : add adc
2024-01-15 19:40:16,648 [INFO] IPUIPlugin:80 - create IPUIPlugin
2024-01-15 19:40:16,649 [INFO] PluginManager:220 - loadIPPluginJar : add tracer_emb
2024-01-15 19:40:16,651 [INFO] IPUIPlugin:80 - create IPUIPlugin
2024-01-15 19:40:16,652 [INFO] PluginManager:220 - loadIPPluginJar : add ts
2024-01-15 19:40:16,655 [INFO] IPUIPlugin:80 - create IPUIPlugin
2024-01-15 19:40:16,656 [INFO] PluginManager:220 - loadIPPluginJar : add fatfs
2024-01-15 19:40:16,662 [INFO] IPUIPlugin:80 - create IPUIPlugin
2024-01-15 19:40:16,662 [INFO] PluginManager:220 - loadIPPluginJar : add usart
2024-01-15 19:40:16,668 [INFO] IPUIPlugin:80 - create IPUIPlugin
2024-01-15 19:40:16,669 [INFO] PluginManager:220 - loadIPPluginJar : add hash
2024-01-15 19:40:16,676 [INFO] IPUIPlugin:80 - create IPUIPlugin
2024-01-15 19:40:16,676 [INFO] PluginManager:220 - loadIPPluginJar : add gtzc
2024-01-15 19:40:16,680 [INFO] IPUIPlugin:80 - create IPUIPlugin
2024-01-15 19:40:16,680 [INFO] PluginManager:220 - loadIPPluginJar : add dfsdm
2024-01-15 19:40:16,683 [INFO] IPUIPlugin:80 - create IPUIPlugin
2024-01-15 19:40:16,684 [INFO] PluginManager:220 - loadIPPluginJar : add i3c
2024-01-15 19:40:16,814 [INFO] CADModel:165 - CPN selected for project level
2024-01-15 19:40:16,814 [INFO] CADModel:114 - Register for checkConnection events
2024-01-15 19:40:16,815 [FATAL] Updater:308 - Updater called before beeing initialized
2024-01-15 19:40:16,815 [ERROR] CADModel:125 - Updater not yet initialized, retry later 
2024-01-15 19:40:16,955 [INFO] CADModel:165 - CPN selected for project level
2024-01-15 19:40:16,955 [INFO] CADModel:114 - Register for checkConnection events
2024-01-15 19:40:16,955 [FATAL] Updater:308 - Updater called before beeing initialized
2024-01-15 19:40:16,955 [ERROR] CADModel:125 - Updater not yet initialized, retry later 
2024-01-15 19:40:16,959 [FATAL] Updater:308 - Updater called before beeing initialized
2024-01-15 19:40:17,037 [FATAL] Updater:308 - Updater called before beeing initialized
2024-01-15 19:40:17,042 [INFO] DbMcusAds:53 - JSON generation date=Wed Nov 29 11:52:27 CET 2023 (1701255147349)
2024-01-15 19:40:17,042 [FATAL] Updater:308 - Updater called before beeing initialized
2024-01-15 19:40:17,085 [WARN] DetailPanel:346 - Failed to get advertising image, set to default
2024-01-15 19:40:17,194 [FATAL] Updater:308 - Updater called before beeing initialized
2024-01-15 19:40:17,195 [FATAL] Updater:308 - Updater called before beeing initialized
2024-01-15 19:40:17,195 [FATAL] Updater:308 - Updater called before beeing initialized
2024-01-15 19:40:17,196 [WARN] DetailPanel:346 - Failed to get advertising image, set to default
2024-01-15 19:40:17,196 [FATAL] Updater:308 - Updater called before beeing initialized
2024-01-15 19:40:17,256 [ERROR] Updater:1120 - MainUpdater not yet initialized. External WinMGr cannot be set.
2024-01-15 19:40:17,258 [INFO] Updater:1056 - Updater Version found : 6.10.0
2024-01-15 19:40:17,279 [INFO] ApplicationProperties:184 - Using Application install path: /opt/st/stm32cubeide_1.14.0/plugins/com.st.stm32cube.common.mx_6.10.0.202311202037
2024-01-15 19:40:17,536 [INFO] MainUpdater:2873 - connection check result : 10
2024-01-15 19:40:17,536 [INFO] MainUpdater:290 - Updater Check For Update Now.
2024-01-15 19:40:17,537 [INFO] MicroXplorer:498 - Change Database Version : DB.6.0.100
2024-01-15 19:40:17,541 [INFO] McuFinderGlobals:63 - Set McuFinder mode to 2 (CubeIDE integrated)
2024-01-15 19:40:17,541 [INFO] UserAuth:180 - activating auth plugin
2024-01-15 19:40:17,544 [INFO] UserAuth:404 - Internet connection configuration mode: 1
2024-01-15 19:40:17,559 [INFO] JxBrowserEngine:152 - Initiate JxBrowser Engine with user profile folder
2024-01-15 19:40:17,719 [INFO] CheckServerUpdateThread:120 - End of CheckServer Thread
2024-01-15 19:40:18,592 [WARN] PackLoader:240 - Cannot read IP mode file for STMicroelectronics.X-CUBE-SMBUS.2.1.0
2024-01-15 19:40:18,613 [WARN] PackLoader:240 - Cannot read IP mode file for STMicroelectronics.X-CUBE-TOUCHGFX.4.23.0
2024-01-15 19:40:18,683 [WARN] PackLoader:240 - Cannot read IP mode file for STMicroelectronics.X-CUBE-AZRTOS-F7.1.1.0
2024-01-15 19:40:18,702 [WARN] PackLoader:240 - Cannot read IP mode file for STMicroelectronics.FP-SNS-MOTENV1.4.3.2
2024-01-15 19:40:18,714 [WARN] PackLoader:240 - Cannot read IP mode file for STMicroelectronics.FP-SNS-FLIGHT1.5.0.2
2024-01-15 19:40:18,735 [WARN] PackLoader:240 - Cannot read IP mode file for STMicroelectronics.X-CUBE-DISPLAY.3.0.0
2024-01-15 19:40:18,780 [WARN] PackLoader:240 - Cannot read IP mode file for STMicroelectronics.X-CUBE-BLE1.7.0.0
2024-01-15 19:40:18,798 [WARN] PackLoader:240 - Cannot read IP mode file for emotas.I-CUBE-CANOPEN.1.3.0
2024-01-15 19:40:18,810 [WARN] PackLoader:240 - Cannot read IP mode file for STMicroelectronics.FP-SNS-SMARTAG2.1.2.0
2024-01-15 19:40:18,845 [INFO] LogOutputStream:77 - [STDOUT_REDIRECT] 1 : Invalid condition id : UX_CORESTACK_Condition cause : null
2024-01-15 19:40:18,846 [INFO] LogOutputStream:77 - [STDOUT_REDIRECT] 1 : Invalid condition id : UX_CORESTACK_Condition cause : null
2024-01-15 19:40:18,846 [INFO] LogOutputStream:77 - [STDOUT_REDIRECT] 1 : Invalid condition id : UX_CORESTACK_Condition cause : null
2024-01-15 19:40:18,847 [INFO] LogOutputStream:77 - [STDOUT_REDIRECT] 1 : Invalid condition id : UX_CORESTACK_Condition cause : null
2024-01-15 19:40:18,847 [INFO] LogOutputStream:77 - [STDOUT_REDIRECT] 1 : Invalid condition id : UX_CORESTACK_Condition cause : null
2024-01-15 19:40:18,854 [WARN] PackLoader:240 - Cannot read IP mode file for STMicroelectronics.X-CUBE-AZRTOS-WL.2.0.0
2024-01-15 19:40:18,882 [WARN] PackLoader:240 - Cannot read IP mode file for WES.I-CUBE-Cesium.1.3.0
2024-01-15 19:40:18,888 [WARN] PackLoader:240 - Cannot read IP mode file for STMicroelectronics.X-CUBE-BLE2.3.3.0
2024-01-15 19:40:18,897 [WARN] PackLoader:240 - Cannot read IP mode file for STMicroelectronics.X-CUBE-ALGOBUILD.1.3.0
2024-01-15 19:40:18,924 [WARN] PackLoader:240 - Cannot read IP mode file for STMicroelectronics.X-CUBE-AZRTOS-G0.1.1.0
2024-01-15 19:40:18,933 [WARN] PackLoader:240 - Cannot read IP mode file for STMicroelectronics.X-CUBE-NFC4.3.0.0
2024-01-15 19:40:18,946 [WARN] PackLoader:240 - Cannot read IP mode file for STMicroelectronics.X-CUBE-BLEMGR.3.0.0
2024-01-15 19:40:18,952 [WARN] PackLoader:240 - Cannot read IP mode file for STMicroelectronics.FP-ATR-SIGFOX1.3.2.0
2024-01-15 19:40:18,962 [INFO] WebApp:161 - Instantiating new browser for Auth
2024-01-15 19:40:18,993 [WARN] PackLoader:240 - Cannot read IP mode file for SEGGER.I-CUBE-embOS.1.3.1
2024-01-15 19:40:19,069 [WARN] PackLoader:240 - Cannot read IP mode file for STMicroelectronics.X-CUBE-GNSS1.6.0.0
2024-01-15 19:40:19,125 [WARN] PackLoader:240 - Cannot read IP mode file for STMicroelectronics.X-CUBE-AZRTOS-F4.1.1.0
2024-01-15 19:40:19,145 [WARN] PackLoader:240 - Cannot read IP mode file for wolfSSL.I-CUBE-wolfSSL.5.6.6
2024-01-15 19:40:19,260 [WARN] PackLoader:240 - Cannot read IP mode file for STMicroelectronics.X-CUBE-AZRTOS-L5.2.0.0
2024-01-15 19:40:19,296 [WARN] PackLoader:240 - Cannot read IP mode file for STMicroelectronics.X-CUBE-EEPRMA1.4.2.0
2024-01-15 19:40:19,322 [WARN] PackLoader:240 - Cannot read IP mode file for ITTIA_DB.I-CUBE-ITTIADB.8.8.0
2024-01-15 19:40:19,344 [WARN] PackLoader:240 - Cannot read IP mode file for STMicroelectronics.X-CUBE-NFC7.1.0.1
2024-01-15 19:40:19,399 [WARN] PackLoader:240 - Cannot read IP mode file for STMicroelectronics.X-CUBE-NFC6.3.0.0
2024-01-15 19:40:19,421 [WARN] PackLoader:240 - Cannot read IP mode file for STMicroelectronics.X-CUBE-AI.8.1.0
2024-01-15 19:40:19,473 [WARN] ConditionMgr:438 - getConditionDescription Invalid condition id : LAN8742 Phy interface Condition cause : null
2024-01-15 19:40:19,478 [WARN] PackLoader:240 - Cannot read IP mode file for STMicroelectronics.X-CUBE-AZRTOS-L4.2.0.0
2024-01-15 19:40:19,482 [WARN] ConditionMgr:1039 - genDependencies : Invalid condition id : LAN8742 Phy interface Condition cause : null
2024-01-15 19:40:19,483 [WARN] ConditionMgr:1039 - genDependencies : Invalid condition id : LAN8742 Phy interface Condition cause : null
2024-01-15 19:40:19,484 [WARN] ConditionMgr:1039 - genDependencies : Invalid condition id : LAN8742 Phy interface Condition cause : null
2024-01-15 19:40:19,506 [WARN] PackLoader:240 - Cannot read IP mode file for STMicroelectronics.X-CUBE-SFXS2LP1.4.0.0
2024-01-15 19:40:19,548 [WARN] ConditionMgr:438 - getConditionDescription Invalid condition id : UX DEVICE CLASS RTOS Condition cause : null
2024-01-15 19:40:19,548 [WARN] ConditionMgr:438 - getConditionDescription Invalid condition id : UX DEVICE CLASS RTOS Condition cause : null
2024-01-15 19:40:19,554 [WARN] PackLoader:240 - Cannot read IP mode file for STMicroelectronics.X-CUBE-AZRTOS-WB.2.0.0
2024-01-15 19:40:19,556 [WARN] ConditionMgr:1039 - genDependencies : Invalid condition id : UX DEVICE CLASS RTOS Condition cause : null
2024-01-15 19:40:19,558 [WARN] ConditionMgr:1039 - genDependencies : Invalid condition id : UX DEVICE CLASS RTOS Condition cause : null
2024-01-15 19:40:19,561 [WARN] ConditionMgr:1039 - genDependencies : Invalid condition id : UX DEVICE CLASS RTOS Condition cause : null
2024-01-15 19:40:19,562 [WARN] ConditionMgr:1039 - genDependencies : Invalid condition id : UX DEVICE CLASS RTOS Condition cause : null
2024-01-15 19:40:19,563 [WARN] ConditionMgr:1039 - genDependencies : Invalid condition id : UX DEVICE CLASS RTOS Condition cause : null
2024-01-15 19:40:19,586 [WARN] PackLoader:240 - Cannot read IP mode file for STMicroelectronics.X-CUBE-SUBG2.5.0.0
2024-01-15 19:40:19,634 [WARN] PackLoader:240 - Cannot read IP mode file for STMicroelectronics.X-CUBE-AZRTOS-G4.2.0.0
2024-01-15 19:40:19,657 [WARN] PackLoader:240 - Cannot read IP mode file for Infineon.AIROC-Wi-Fi-Bluetooth-STM32.1.5.1
2024-01-15 19:40:19,672 [WARN] PackLoader:240 - Cannot read IP mode file for STMicroelectronics.FP-SNS-MOTENVWB1.1.3.1
2024-01-15 19:40:19,678 [WARN] PackLoader:240 - Cannot read IP mode file for STMicroelectronics.X-CUBE-ISPU.2.0.0
2024-01-15 19:40:19,731 [WARN] PackLoader:240 - Cannot read IP mode file for STMicroelectronics.X-CUBE-MEMS1.10.0.0
2024-01-15 19:40:20,018 [WARN] PackLoader:240 - Cannot read IP mode file for STMicroelectronics.X-CUBE-FREERTOS.1.1.0
2024-01-15 19:40:20,026 [WARN] PackLoader:240 - Cannot read IP mode file for portGmbH.I-Cube-SoM-uGOAL.1.1.0
2024-01-15 19:40:20,030 [WARN] PackLoader:240 - Cannot read IP mode file for STMicroelectronics.X-CUBE-ALS.1.0.1
2024-01-15 19:40:20,033 [WARN] PackLoader:240 - Cannot read IP mode file for STMicroelectronics.FP-ATR-ASTRA1.2.0.0
2024-01-15 19:40:20,057 [WARN] PackLoader:240 - Cannot read IP mode file for STMicroelectronics.X-CUBE-TOF1.3.4.0
2024-01-15 19:40:20,107 [WARN] PackLoader:240 - Cannot read IP mode file for STMicroelectronics.X-CUBE-AZRTOS-H7.3.2.0
2024-01-15 19:40:20,113 [INFO] ThirdParty:978 - Integrity check success = true
2024-01-15 19:40:20,114 [INFO] IntegrityCheckThread:100 - exiting critical section [integrity check]
2024-01-15 19:40:20,114 [INFO] IntegrityCheckThread:103 - End integrity checks thread
2024-01-15 19:40:22,956 [INFO] WebApp:780 - Register for checkConnection events
2024-01-15 19:40:22,957 [INFO] WebApp:414 - Apply proxy settings
2024-01-15 19:40:22,957 [INFO] WebApp:499 - Chromium requires no authentication
2024-01-15 19:40:22,963 [INFO] WebApp:442 - Direct internet connection detected
2024-01-15 19:40:23,158 [INFO] WebApp:192 - Starting web application
2024-01-15 19:40:23,160 [INFO] WebApp:544 - Web application path used /opt/st/stm32cubeide_1.14.0/plugins/com.st.stm32cube.common.mx_6.10.0.202311202037/db/plugins/mcufinder/reactClient1/index.html
2024-01-15 19:40:43,576 [ERROR] LogOutputStream:75 - [STDERR_REDIRECT] SLF4J: Failed to load class "org.slf4j.impl.StaticLoggerBinder".
2024-01-15 19:40:43,576 [ERROR] LogOutputStream:75 - [STDERR_REDIRECT] SLF4J: Defaulting to no-operation (NOP) logger implementation
2024-01-15 19:40:43,577 [ERROR] LogOutputStream:75 - [STDERR_REDIRECT] SLF4J: See http://www.slf4j.org/codes.html#StaticLoggerBinder for further details.
2024-01-15 20:25:03,714 [INFO] McuFinderGlobals:63 - Set McuFinder mode to 2 (CubeIDE integrated)
2024-01-15 20:25:03,720 [INFO] MainUpdater:2873 - connection check result : 10
2024-01-15 20:25:03,720 [INFO] MainUpdater:2873 - connection check result : 10
2024-01-15 20:25:03,781 [INFO] MicroXplorer:468 - Change Database Path : 
2024-01-15 20:25:03,782 [INFO] MicroXplorer:498 - Change Database Version : DB.6.0.100
2024-01-15 20:25:03,791 [WARN] ThirdParty:871 - waiting for thirdparty lock release [close project]
2024-01-15 20:25:03,791 [INFO] ThirdParty:873 - entering critical section [close project]
2024-01-15 20:25:03,792 [INFO] ThirdParty:883 - exiting critical section [close project]
2024-01-15 20:25:03,795 [INFO] PinOutPanel:1499 - setPackage(No Configuration,No Configuration)
2024-01-15 20:25:03,800 [INFO] UtilMem:75 - Begin LoadConfig() Used Memory: 353114688 Bytes (597688320)
2024-01-15 20:25:25,093 [INFO] MainUpdater:2873 - connection check result : 10
2024-01-15 20:25:25,094 [INFO] MainUpdater:2873 - connection check result : 10
2024-01-15 20:25:25,099 [INFO] MicroXplorer:468 - Change Database Path : 
2024-01-15 20:25:25,099 [INFO] MicroXplorer:498 - Change Database Version : DB.6.0.100
2024-01-15 20:25:25,100 [WARN] ThirdParty:871 - waiting for thirdparty lock release [close project]
2024-01-15 20:25:25,100 [INFO] ThirdParty:873 - entering critical section [close project]
2024-01-15 20:25:25,100 [INFO] ThirdParty:883 - exiting critical section [close project]
2024-01-15 20:25:25,100 [INFO] PinOutPanel:1499 - setPackage(No Configuration,No Configuration)
2024-01-15 20:25:25,101 [INFO] UtilMem:75 - Begin LoadConfig() Used Memory: 226225688 Bytes (597688320)
2024-01-15 20:25:25,101 [INFO] MicroXplorer:468 - Change Database Path : 
2024-01-15 20:25:25,102 [INFO] MicroXplorer:498 - Change Database Version : DB.6.0.100
2024-01-15 20:25:25,102 [INFO] OpenFileManager:312 - Change cursor
2024-01-15 20:25:25,143 [INFO] Mcu:2016 - Initializing MCU STM32L432K(B-C)Ux STM32L432KCUx STM32L432KCU3
2024-01-15 20:25:27,206 [INFO] Context:659 - Trying to add GPIOservice into a context  which must be forbidden
2024-01-15 20:25:27,976 [INFO] RtosManager:555 - Registered RTOS mode: class=CMSIS, group=RTOS, mode=CMSIS_V1, owner=FREERTOS
2024-01-15 20:25:27,976 [INFO] RtosManager:555 - Registered RTOS mode: class=CMSIS, group=RTOS2, mode=CMSIS_V2, owner=FREERTOS
2024-01-15 20:25:27,976 [INFO] RtosManager:555 - Registered RTOS mode: class=RTOS, group=Core, mode=CMSIS_V1, owner=FREERTOS
2024-01-15 20:25:27,976 [INFO] RtosManager:555 - Registered RTOS mode: class=RTOS, group=Core, mode=CMSIS_V2, owner=FREERTOS
2024-01-15 20:25:27,976 [WARN] ModelIntegratedComponent:184 - Missing modes for component STMicroelectronics:FreeRTOS:0.0.1:STMicroelectronics:RTOS:FreeRTOS:Core:::10.2.0:
2024-01-15 20:25:28,002 [WARN] ModelIntegratedComponent:63 - No mode defined for component null
2024-01-15 20:25:28,002 [WARN] ModelIntegratedComponent:63 - No mode defined for component null
2024-01-15 20:25:28,002 [WARN] ModelIntegratedComponent:63 - No mode defined for component null
2024-01-15 20:25:28,003 [WARN] ModelIntegratedComponent:63 - No mode defined for component null
2024-01-15 20:25:28,003 [WARN] ModelIntegratedComponent:63 - No mode defined for component null
2024-01-15 20:25:28,003 [WARN] ModelIntegratedComponent:63 - No mode defined for component null
2024-01-15 20:25:28,003 [WARN] ModelIntegratedComponent:63 - No mode defined for component null
2024-01-15 20:25:28,003 [WARN] ModelIntegratedComponent:63 - No mode defined for component null
2024-01-15 20:25:28,003 [WARN] ModelIntegratedComponent:63 - No mode defined for component null
2024-01-15 20:25:28,003 [WARN] ModelIntegratedComponent:63 - No mode defined for component null
2024-01-15 20:25:28,003 [WARN] ModelIntegratedComponent:63 - No mode defined for component null
2024-01-15 20:25:28,003 [WARN] ModelIntegratedComponent:63 - No mode defined for component null
2024-01-15 20:25:28,003 [WARN] ModelIntegratedComponent:63 - No mode defined for component null
2024-01-15 20:25:28,003 [WARN] ModelIntegratedComponent:63 - No mode defined for component null
2024-01-15 20:25:28,004 [WARN] ModelIntegratedComponent:63 - No mode defined for component null
2024-01-15 20:25:28,004 [WARN] ModelIntegratedComponent:63 - No mode defined for component null
2024-01-15 20:25:28,004 [WARN] ModelIntegratedComponent:63 - No mode defined for component null
2024-01-15 20:25:28,004 [WARN] ModelIntegratedComponent:63 - No mode defined for component null
2024-01-15 20:25:28,004 [WARN] ModelIntegratedComponent:63 - No mode defined for component null
2024-01-15 20:25:28,004 [WARN] ModelIntegratedComponent:63 - No mode defined for component null
2024-01-15 20:25:28,004 [WARN] ModelIntegratedComponent:63 - No mode defined for component null
2024-01-15 20:25:28,004 [WARN] ModelIntegratedComponent:63 - No mode defined for component null
2024-01-15 20:25:28,004 [WARN] ModelIntegratedComponent:63 - No mode defined for component null
2024-01-15 20:25:28,004 [WARN] ModelIntegratedComponent:63 - No mode defined for component null
2024-01-15 20:25:28,004 [WARN] ModelIntegratedComponent:63 - No mode defined for component null
2024-01-15 20:25:28,004 [WARN] ModelIntegratedComponent:63 - No mode defined for component null
2024-01-15 20:25:28,005 [WARN] ModelIntegratedComponent:63 - No mode defined for component null
2024-01-15 20:25:28,005 [WARN] ModelIntegratedComponent:63 - No mode defined for component null
2024-01-15 20:25:28,005 [WARN] ModelIntegratedComponent:63 - No mode defined for component null
2024-01-15 20:25:28,005 [WARN] ModelIntegratedComponent:63 - No mode defined for component null
2024-01-15 20:25:28,005 [WARN] ModelIntegratedComponent:63 - No mode defined for component null
2024-01-15 20:25:28,005 [WARN] ModelIntegratedComponent:63 - No mode defined for component null
2024-01-15 20:25:28,005 [WARN] ModelIntegratedComponent:63 - No mode defined for component null
2024-01-15 20:25:28,179 [INFO] ThirdPartyModel:298 - Start build external matchings
2024-01-15 20:25:28,494 [INFO] ThirdPartyModel:316 - End build external matchings
2024-01-15 20:25:28,506 [INFO] ImportTextPane:194 - (OptionalMessage_ERROR) IP (RCC) : Invalid parameter (48CLKFreq_Value)
2024-01-15 20:25:28,506 [INFO] ImportTextPane:194 - (OptionalMessage_ERROR) IP (RCC) : Invalid parameter (FamilyName)
2024-01-15 20:25:28,507 [INFO] ImportTextPane:194 - (OptionalMessage_ERROR) IP (RCC) : Invalid parameter (HSI16_VALUE)
2024-01-15 20:25:28,507 [INFO] ImportTextPane:194 - (OptionalMessage_ERROR) IP (RCC) : Invalid parameter (LPTIMFreq_Value)
2024-01-15 20:25:28,508 [INFO] ImportTextPane:194 - (OptionalMessage_ERROR) IP (RCC) : Invalid parameter (LPUARTFreq_Value)
2024-01-15 20:25:28,508 [INFO] ImportTextPane:194 - (OptionalMessage_ERROR) IP (RCC) : Invalid parameter (MCOPinFreq_Value)
2024-01-15 20:25:28,508 [INFO] ImportTextPane:194 - (OptionalMessage_ERROR) IP (RCC) : Invalid parameter (PLLCLKFreq_Value)
2024-01-15 20:25:28,508 [INFO] ImportTextPane:194 - (OptionalMessage_ERROR) IP (RCC) : Invalid parameter (PLLMUL)
2024-01-15 20:25:28,512 [INFO] ImportTextPane:194 - (OptionalMessage_ERROR) IP (RCC) : Invalid parameter (RTCHSEDivFreq_Value)
2024-01-15 20:25:28,513 [INFO] ImportTextPane:194 - (OptionalMessage_ERROR) IP (RCC) : Invalid parameter (TIMFreq_Value)
2024-01-15 20:25:28,513 [INFO] ImportTextPane:194 - (OptionalMessage_ERROR) IP (RCC) : Invalid parameter (TimerFreq_Value)
2024-01-15 20:25:28,708 [INFO] UtilMem:75 - End LoadConfig() Used Memory: 417128744 Bytes (597688320)
2024-01-15 20:25:28,849 [INFO] ApiDb:581 - Connected to CubeFinder SQLite database (/home/aneesh/.stmcufinder/plugins/mcufinder/mcu/cube-finder-db.db)
2024-01-15 20:25:28,907 [INFO] ApiDb:668 - CubeFinder database Data Model version=2.1
2024-01-15 20:25:28,907 [INFO] ApiDb:669 - CubeFinder database Configuration version=3.0.39
2024-01-15 20:25:28,909 [INFO] ApiDb:670 - CubeFinder database generation date=2023-12-08 (1702028721)
2024-01-15 20:25:28,909 [INFO] ApiDb:671 - CubeFinder database FW Pack versions=[FP-ATR-ASTRA1_V2.0.0, FP-SNS-FLIGHT1_V5.0.1, FP-SNS-FLIGHT1_V5.0.2, FP-SNS-MOTENV1_V4.3.1, FP-SNS-MOTENV1_V4.3.2, FP-SNS-MOTENVWB1_V1.3.1, FP-SNS-SMARTAG2_V1.2.0, STM32Cube_FW_C0_V1.1.0, STM32Cube_FW_F4_V1.28.0, STM32Cube_FW_F7_V1.17.0, STM32Cube_FW_G0_V1.6.1, STM32Cube_FW_G4_V1.5.1, STM32Cube_FW_H5_V0.5.1, STM32Cube_FW_H5_V1.1.1, STM32Cube_FW_H5_V1.2.0RC2, STM32Cube_FW_H7_V1.11.0, STM32Cube_FW_L0_V1.12.2, STM32Cube_FW_L5_V1.5.0, STM32Cube_FW_U5_V1.3.0RC4, STM32Cube_FW_U5_V1.4.0, STM32Cube_FW_WBA_V1.0.0RC1, STM32Cube_FW_WBA_V1.1.0RC1, STM32Cube_FW_WBA_V1.2.0, STM32Cube_FW_WBA_V1.2.0RC2, STM32Cube_FW_WB_V1.15.0RC1, STM32Cube_FW_WB_V1.16.0, STM32Cube_FW_WB_V1.16.0RC2, STM32Cube_FW_WB_V1.18.0, STM32Cube_FW_WL_V1.3.0, X-CUBE-ALGOBUILD_V1.3.0, X-CUBE-ALS_V1.0.1, X-CUBE-AZRTOS-F4_V1.1.0, X-CUBE-AZRTOS-F7_V1.1.0, X-CUBE-AZRTOS-G0_V1.1.0, X-CUBE-AZRTOS-G4_V2.0.0, X-CUBE-AZRTOS-H7_V3.1.0, X-CUBE-AZRTOS-L4_V1.0.0, X-CUBE-AZRTOS-L4_V2.0.0, X-CUBE-AZRTOS-L5_V1.1.0, X-CUBE-AZRTOS-WB_V2.0.0, X-CUBE-AZRTOS-WL_V2.0.0, X-CUBE-BLE1_V7.0.0, X-CUBE-BLE2_V3.3.0, X-CUBE-BLEMGR_V3.0.0, X-CUBE-EEPRMA1_V4.1.0, X-CUBE-EEPRMA1_V4.2.0, X-CUBE-FREERTOS_V1.1.0, X-CUBE-GNSS1_V6.0.0, X-CUBE-MEMS1_V10.0.0, X-CUBE-MEMS1_V9.1.0, X-CUBE-MEMS1_V9.4.0, X-CUBE-MEMS1_V9.6.0, X-CUBE-NFC4_V3.0.0, X-CUBE-NFC7_V1.0.1, X-CUBE-SFXS2LP1_V4.0.0, X-CUBE-SUBG2_V5.0.0, X-CUBE-TOF1_V3.4.0]
2024-01-15 20:25:31,839 [INFO] ApiDb:240 - Found 371 in-development CPN: [B-G473E-ZEST1S, B-WB1M-WPAN1, B-WL5M-SUBG1, NUCLEO-C031C6, NUCLEO-H503RB, NUCLEO-H563ZI, NUCLEO-U545RE-Q, NUCLEO-U5A5ZJ-Q, NUCLEO-WBA52CG, NUCLEO-WBA55CG, STEVAL-MKBOXPRO, STEVAL-PROTEUS1, STEVAL-STWINBX1, STM320518-EVAL, STM32C0116-DK, STM32C011D6Y3TR, STM32C011D6Y6TR, STM32C011F4P3, STM32C011F4P6, STM32C011F4U3, STM32C011F4U6TR, STM32C011F6P3, STM32C011F6P6, STM32C011F6U3, STM32C011F6U6TR, STM32C011J4M3, STM32C011J4M6, STM32C011J6M3, STM32C011J6M6, STM32C0316-DK, STM32C031C4T3, STM32C031C4T6, STM32C031C4U3, STM32C031C4U6, STM32C031C6T3, STM32C031C6T6, STM32C031C6U3, STM32C031C6U6, STM32C031F4P3, STM32C031F4P6, STM32C031F6P3, STM32C031F6P6, STM32C031G4U3, STM32C031G4U6, STM32C031G6U3, STM32C031G6U6, STM32C031K4T3, STM32C031K4T6, STM32C031K4U3, STM32C031K4U6, STM32C031K6T3, STM32C031K6T6, STM32C031K6U3, STM32C031K6U6, STM32G071K8TXN, STM32G071K8UXN, STM32G081GBU6N, STM32G081KBT6N, STM32G081KBUXN, STM32G0B1CCT6N, STM32G0B1KCT6, STM32G0B1NEY6TR, STM32G0B1RCT6N, STM32G0C1CCT6, STM32G0C1CCT6N, STM32G0C1CCU6N, STM32G0C1CET6N, STM32G0C1CEU6N, STM32G0C1KCT6, STM32G0C1NEY6TR, STM32G0C1RCI6N, STM32G0C1RCT6N, STM32G0C1REI6N, STM32G0C1RET6N, STM32G0C1VCI6, STM32G0C1VEI6, STM32G471CCT6, STM32G471CCU6, STM32G471CET3, STM32G471CET6, STM32G471CEU3, STM32G471CEU6, STM32G471MCT6, STM32G471MET3, STM32G471MET6, STM32G471MEY6TR, STM32G471QCT6, STM32G471QET3, STM32G471RCT6, STM32G471RET3, STM32G471RET6, STM32G471VCH6, STM32G471VCI6, STM32G471VCT6, STM32G471VEH3, STM32G471VEH6, STM32G471VEI3, STM32G471VEI6, STM32G471VET3, STM32G471VET6, STM32G474CCT6, STM32H503CBT6, STM32H503CBU6, STM32H503EBY6TR, STM32H503KBU6, STM32H503RBT6, STM32H562AGI6, STM32H562AII6, STM32H562IGK6, STM32H562IGT6, STM32H562IIK6, STM32H562IIT6, STM32H562RGT6, STM32H562RGV6, STM32H562RIT6, STM32H562RIV6, STM32H562VGT6, STM32H562VIT6, STM32H562ZGT6, STM32H562ZIT6, STM32H563AGI6, STM32H563AII3Q, STM32H563AII6, STM32H563IGK6, STM32H563IGT6, STM32H563IIK3Q, STM32H563IIK6, STM32H563IIT3Q, STM32H563IIT6, STM32H563MIY3QTR, STM32H563RGT6, STM32H563RGV6, STM32H563RIT6, STM32H563RIV6, STM32H563VGT6, STM32H563VIT3Q, STM32H563VIT6, STM32H563ZGT6, STM32H563ZIT3Q, STM32H563ZIT6, STM32H573AII3Q, STM32H573AII6, STM32H573I-DK, STM32H573IIK3Q, STM32H573IIK6, STM32H573IIT3Q, STM32H573IIT6, STM32H573MIY3QTR, STM32H573RIT6, STM32H573RIV6, STM32H573VIT3Q, STM32H573VIT6, STM32H573ZIT3Q, STM32H573ZIT6, STM32L4R5QGI6STR, STM32MP131AAE3, STM32MP131AAF3, STM32MP131AAG3, STM32MP131CAE3, STM32MP131CAF3, STM32MP131CAG3, STM32MP131DAE7, STM32MP131DAF7, STM32MP131DAG7, STM32MP131FAE7, STM32MP131FAF7, STM32MP131FAG7, STM32MP133AAE3, STM32MP133AAF3, STM32MP133AAG3, STM32MP133CAE3, STM32MP133CAF3, STM32MP133CAG3, STM32MP133DAE7, STM32MP133DAF7, STM32MP133DAG7, STM32MP133FAE7, STM32MP133FAF7, STM32MP133FAG7, STM32MP135AAE3, STM32MP135AAF3, STM32MP135AAG3, STM32MP135CAE3, STM32MP135CAF3, STM32MP135CAG3, STM32MP135DAE7, STM32MP135DAF7, STM32MP135DAG7, STM32MP135F-DK, STM32MP135FAE7, STM32MP135FAF7, STM32MP135FAF7T, STM32MP135FAF7U, STM32MP135FAG7, STM32U535CBT6, STM32U535CBT6Q, STM32U535CBU6, STM32U535CBU6Q, STM32U535CCT6, STM32U535CCT6Q, STM32U535CCU6, STM32U535CCU6Q, STM32U535CET6, STM32U535CET6Q, STM32U535CEU6, STM32U535CEU6Q, STM32U535JEY6QTR, STM32U535NCY6QTR, STM32U535NEY6QTR, STM32U535RBI6, STM32U535RBI6Q, STM32U535RBT6, STM32U535RBT6Q, STM32U535RCI6, STM32U535RCI6Q, STM32U535RCT6, STM32U535RCT6Q, STM32U535REI6, STM32U535REI6Q, STM32U535RET6, STM32U535RET6Q, STM32U535VCI6, STM32U535VCI6Q, STM32U535VCT6, STM32U535VCT6Q, STM32U535VEI6, STM32U535VEI6Q, STM32U535VET6, STM32U535VET6Q, STM32U545CET6, STM32U545CET6Q, STM32U545CEU6, STM32U545CEU6Q, STM32U545JEY6QTR, STM32U545NEY6QTR, STM32U545REI6, STM32U545REI6Q, STM32U545RET6, STM32U545RET6Q, STM32U545VEI6, STM32U545VEI6Q, STM32U545VET6, STM32U545VET6Q, STM32U595AIH6, STM32U595AIH6Q, STM32U595AJH6, STM32U595AJH6Q, STM32U595QII6, STM32U595QII6Q, STM32U595QJI6, STM32U595QJI6Q, STM32U595RIT6, STM32U595RIT6Q, STM32U595RJT6, STM32U595RJT6Q, STM32U595VIT6, STM32U595VIT6Q, STM32U595VJT6, STM32U595VJT6Q, STM32U595ZIT6, STM32U595ZIT6Q, STM32U595ZIY6QTR, STM32U595ZJT6, STM32U595ZJT6Q, STM32U595ZJY6QTR, STM32U599BJY6QTR, STM32U599NIH6Q, STM32U599NJH6Q, STM32U599VIT6Q, STM32U599VJT6, STM32U599VJT6Q, STM32U599ZIT6Q, STM32U599ZIY6QTR, STM32U599ZJT6Q, STM32U599ZJY6QTR, STM32U5A5AJH6, STM32U5A5AJH6Q, STM32U5A5QJI6, STM32U5A5QJI6Q, STM32U5A5RJT6, STM32U5A5RJT6Q, STM32U5A5VJT6, STM32U5A5VJT6Q, STM32U5A5ZJT6, STM32U5A5ZJT6Q, STM32U5A5ZJY6QTR, STM32U5A9BJY6QTR, STM32U5A9J-DK, STM32U5A9NJH6Q, STM32U5A9VJT6Q, STM32U5A9ZJT6Q, STM32U5A9ZJY6QTR, STM32U5F7VIT6, STM32U5F7VIT6Q, STM32U5F7VJT6, STM32U5F7VJT6Q, STM32U5F9BJY6QTR, STM32U5F9NJH6Q, STM32U5F9VIT6Q, STM32U5F9VJT6Q, STM32U5F9ZIJ6QTR, STM32U5F9ZIT6Q, STM32U5F9ZJJ6QTR, STM32U5F9ZJT6Q, STM32U5G7VJT6, STM32U5G7VJT6Q, STM32U5G9BJY6QTR, STM32U5G9J-DK1, STM32U5G9J-DK2, STM32U5G9NJH6Q, STM32U5G9VJT6Q, STM32U5G9ZJJ6QTR, STM32U5G9ZJT6Q, STM32WB1MMCH6, STM32WBA50KEU6, STM32WBA50KEU6TR, STM32WBA50KGU6, STM32WBA50KGU6TR, STM32WBA52CEU6, STM32WBA52CEU6TR, STM32WBA52CEU7, STM32WBA52CEU7TR, STM32WBA52CGU6, STM32WBA52CGU6TR, STM32WBA52CGU6U, STM32WBA52CGU7, STM32WBA52CGU7TR, STM32WBA52KEU6, STM32WBA52KEU6TR, STM32WBA52KGU6, STM32WBA52KGU6TR, STM32WBA54CEU6, STM32WBA54CEU6TR, STM32WBA54CEU7, STM32WBA54CEU7TR, STM32WBA54CGU6, STM32WBA54CGU6TR, STM32WBA54CGU7, STM32WBA54CGU7TR, STM32WBA54KEU6, STM32WBA54KEU6TR, STM32WBA54KEU7, STM32WBA54KEU7TR, STM32WBA54KGU6, STM32WBA54KGU6TR, STM32WBA54KGU7, STM32WBA54KGU7TR, STM32WBA55CEU6, STM32WBA55CEU6TR, STM32WBA55CEU7, STM32WBA55CEU7TR, STM32WBA55CGU6, STM32WBA55CGU6TR, STM32WBA55CGU6U, STM32WBA55CGU7, STM32WBA55CGU7TR, STM32WBA55G-DK1, STM32WBA55HEF6, STM32WBA55HEF7, STM32WBA55HGF6, STM32WBA55HGF7, STM32WBA55UEI6, STM32WBA55UEI6TR, STM32WBA55UEI7, STM32WBA55UEI7TR, STM32WBA55UGI6, STM32WBA55UGI6TR, STM32WBA55UGI7, STM32WBA55UGI7TR, STM32WL5MOCH6, STM32WL5MOCH6TR]
2024-01-15 20:25:31,845 [INFO] DbMcus:218 - Found 3930 MCUs, 3930 are supported
2024-01-15 20:25:31,846 [INFO] ApiDb:423 - Load user favorites file /home/aneesh/.stm32cubeide/favorites.mcus.txt: 0 item(s)
2024-01-15 20:25:31,846 [INFO] ApiDb:427 - User favorites MCUs=[]
2024-01-15 20:25:31,846 [INFO] DbMcus:224 - Set 0 / 0 favorites MCUs
2024-01-15 20:25:32,298 [INFO] MicroXplorer:468 - Change Database Path : 
2024-01-15 20:25:32,298 [INFO] MicroXplorer:498 - Change Database Version : DB.6.0.100
2024-01-15 20:25:32,298 [WARN] ThirdParty:833 - waiting for thirdparty lock release [change project]
2024-01-15 20:25:32,299 [INFO] ThirdParty:835 - entering critical section [change project]
2024-01-15 20:25:32,299 [INFO] ThirdParty:1030 - CMSIS Pack Vendor :STMicroelectronics USBPD 4.1
2024-01-15 20:25:32,299 [INFO] ThirdParty:1030 - CMSIS Pack Vendor :STMicroelectronics X-CUBE-GNSS1 6.0.0
2024-01-15 20:25:32,299 [INFO] ThirdParty:1030 - CMSIS Pack Vendor :STMicroelectronics USB_HOST 2.0.0
2024-01-15 20:25:32,299 [INFO] ThirdParty:1030 - CMSIS Pack Vendor :STMicroelectronics X-CUBE-AZRTOS-F4 1.1.0
2024-01-15 20:25:32,299 [INFO] ThirdParty:1030 - CMSIS Pack Vendor :STMicroelectronics LIBJPEG 8.0.0
2024-01-15 20:25:32,299 [INFO] ThirdParty:1030 - CMSIS Pack Vendor :STMicroelectronics X-CUBE-SMBUS 2.1.0
2024-01-15 20:25:32,299 [INFO] ThirdParty:1030 - CMSIS Pack Vendor :STMicroelectronics USB_DEVICE 3.0.0
2024-01-15 20:25:32,299 [INFO] ThirdParty:1030 - CMSIS Pack Vendor :STMicroelectronics X-CUBE-AZRTOS-WB 2.0.0
2024-01-15 20:25:32,299 [INFO] ThirdParty:1030 - CMSIS Pack Vendor :wolfSSL I-CUBE-wolfSSL 5.6.6
2024-01-15 20:25:32,299 [INFO] ThirdParty:1030 - CMSIS Pack Vendor :STMicroelectronics X-CUBE-TOUCHGFX 4.23.0
2024-01-15 20:25:32,299 [INFO] ThirdParty:1030 - CMSIS Pack Vendor :STMicroelectronics X-CUBE-AZRTOS-F7 1.1.0
2024-01-15 20:25:32,299 [INFO] ThirdParty:1030 - CMSIS Pack Vendor :STMicroelectronics X-CUBE-AZRTOS-L5 2.0.0
2024-01-15 20:25:32,299 [INFO] ThirdParty:1030 - CMSIS Pack Vendor :STMicroelectronics USB_DEVICE 2.0.0
2024-01-15 20:25:32,299 [INFO] ThirdParty:1030 - CMSIS Pack Vendor :STMicroelectronics X-CUBE-EEPRMA1 4.2.0
2024-01-15 20:25:32,299 [INFO] ThirdParty:1030 - CMSIS Pack Vendor :ITTIA_DB I-CUBE-ITTIADB 8.8.0
2024-01-15 20:25:32,299 [INFO] ThirdParty:1030 - CMSIS Pack Vendor :STMicroelectronics FP-SNS-MOTENV1 4.3.2
2024-01-15 20:25:32,299 [INFO] ThirdParty:1030 - CMSIS Pack Vendor :STMicroelectronics X-CUBE-ALGOBUILD 1.3.0
2024-01-15 20:25:32,300 [INFO] ThirdParty:1030 - CMSIS Pack Vendor :STMicroelectronics FreeRTOS 0.0.1
2024-01-15 20:25:32,300 [INFO] ThirdParty:1030 - CMSIS Pack Vendor :STMicroelectronics X-CUBE-AZRTOS-G0 1.1.0
2024-01-15 20:25:32,300 [INFO] ThirdParty:1030 - CMSIS Pack Vendor :STMicroelectronics X-CUBE-NFC4 3.0.0
2024-01-15 20:25:32,300 [INFO] ThirdParty:1030 - CMSIS Pack Vendor :STMicroelectronics X-CUBE-SUBG2 5.0.0
2024-01-15 20:25:32,300 [INFO] ThirdParty:1030 - CMSIS Pack Vendor :STMicroelectronics STM32_WPAN 1.0.0
2024-01-15 20:25:32,300 [INFO] ThirdParty:1030 - CMSIS Pack Vendor :STMicroelectronics lwIP 2.0.3
2024-01-15 20:25:32,300 [INFO] ThirdParty:1030 - CMSIS Pack Vendor :STMicroelectronics FP-SNS-FLIGHT1 5.0.2
2024-01-15 20:25:32,300 [INFO] ThirdParty:1030 - CMSIS Pack Vendor :STMicroelectronics USB_HOST 1.0.0
2024-01-15 20:25:32,300 [INFO] ThirdParty:1030 - CMSIS Pack Vendor :STMicroelectronics X-CUBE-AZRTOS-G4 2.0.0
2024-01-15 20:25:32,300 [INFO] ThirdParty:1030 - CMSIS Pack Vendor :STMicroelectronics PDM2PCM 3.1.0
2024-01-15 20:25:32,300 [INFO] ThirdParty:1030 - CMSIS Pack Vendor :Infineon AIROC-Wi-Fi-Bluetooth-STM32 1.5.1
2024-01-15 20:25:32,300 [INFO] ThirdParty:1030 - CMSIS Pack Vendor :STMicroelectronics X-CUBE-BLEMGR 3.0.0
2024-01-15 20:25:32,300 [INFO] ThirdParty:1030 - CMSIS Pack Vendor :STMicroelectronics PDM2PCM 3.3.0
2024-01-15 20:25:32,300 [INFO] ThirdParty:1030 - CMSIS Pack Vendor :STMicroelectronics X-CUBE-DISPLAY 3.0.0
2024-01-15 20:25:32,300 [INFO] ThirdParty:1030 - CMSIS Pack Vendor :STMicroelectronics FP-SNS-MOTENVWB1 1.3.1
2024-01-15 20:25:32,300 [INFO] ThirdParty:1030 - CMSIS Pack Vendor :STMicroelectronics X-CUBE-BLE1 7.0.0
2024-01-15 20:25:32,300 [INFO] ThirdParty:1030 - CMSIS Pack Vendor :STMicroelectronics FP-ATR-SIGFOX1 3.2.0
2024-01-15 20:25:32,300 [INFO] ThirdParty:1030 - CMSIS Pack Vendor :STMicroelectronics X-CUBE-ISPU 2.0.0
2024-01-15 20:25:32,300 [INFO] ThirdParty:1030 - CMSIS Pack Vendor :STMicroelectronics HAL Drivers 0.0.0
2024-01-15 20:25:32,300 [INFO] ThirdParty:1030 - CMSIS Pack Vendor :STMicroelectronics MBEDTLS 2.16.2
2024-01-15 20:25:32,300 [INFO] ThirdParty:1030 - CMSIS Pack Vendor :emotas I-CUBE-CANOPEN 1.3.0
2024-01-15 20:25:32,301 [INFO] ThirdParty:1030 - CMSIS Pack Vendor :STMicroelectronics X-CUBE-MEMS1 10.0.0
2024-01-15 20:25:32,301 [INFO] ThirdParty:1030 - CMSIS Pack Vendor :STMicroelectronics X-CUBE-FREERTOS 1.1.0
2024-01-15 20:25:32,301 [INFO] ThirdParty:1030 - CMSIS Pack Vendor :STMicroelectronics X-CUBE-NFC7 1.0.1
2024-01-15 20:25:32,301 [INFO] ThirdParty:1030 - CMSIS Pack Vendor :STMicroelectronics MBEDTLS 2.14.1
2024-01-15 20:25:32,301 [INFO] ThirdParty:1030 - CMSIS Pack Vendor :STMicroelectronics X-CUBE-NFC6 3.0.0
2024-01-15 20:25:32,301 [INFO] ThirdParty:1030 - CMSIS Pack Vendor :portGmbH I-Cube-SoM-uGOAL 1.1.0
2024-01-15 20:25:32,301 [INFO] ThirdParty:1030 - CMSIS Pack Vendor :STMicroelectronics X-CUBE-ALS 1.0.1
2024-01-15 20:25:32,301 [INFO] ThirdParty:1030 - CMSIS Pack Vendor :STMicroelectronics ThreadX 1.0.0
2024-01-15 20:25:32,301 [INFO] ThirdParty:1030 - CMSIS Pack Vendor :STMicroelectronics FP-SNS-SMARTAG2 1.2.0
2024-01-15 20:25:32,301 [INFO] ThirdParty:1030 - CMSIS Pack Vendor :STMicroelectronics X-CUBE-AZRTOS-WL 2.0.0
2024-01-15 20:25:32,301 [INFO] ThirdParty:1030 - CMSIS Pack Vendor :SEGGER I-CUBE-embOS 1.3.1
2024-01-15 20:25:32,301 [INFO] ThirdParty:1030 - CMSIS Pack Vendor :STMicroelectronics USB_DEVICE 1.0.0
2024-01-15 20:25:32,301 [INFO] ThirdParty:1030 - CMSIS Pack Vendor :STMicroelectronics X-CUBE-AI 8.1.0
2024-01-15 20:25:32,301 [INFO] ThirdParty:1030 - CMSIS Pack Vendor :STMicroelectronics X-CUBE-AZRTOS-L4 2.0.0
2024-01-15 20:25:32,301 [INFO] ThirdParty:1030 - CMSIS Pack Vendor :STMicroelectronics ThreadX 0.0.2
2024-01-15 20:25:32,301 [INFO] ThirdParty:1030 - CMSIS Pack Vendor :WES I-CUBE-Cesium 1.3.0
2024-01-15 20:25:32,301 [INFO] ThirdParty:1030 - CMSIS Pack Vendor :STMicroelectronics FP-ATR-ASTRA1 2.0.0
2024-01-15 20:25:32,301 [INFO] ThirdParty:1030 - CMSIS Pack Vendor :STMicroelectronics lwIP 2.1.2
2024-01-15 20:25:32,301 [INFO] ThirdParty:1030 - CMSIS Pack Vendor :STMicroelectronics X-CUBE-SFXS2LP1 4.0.0
2024-01-15 20:25:32,302 [INFO] ThirdParty:1030 - CMSIS Pack Vendor :STMicroelectronics X-CUBE-BLE2 3.3.0
2024-01-15 20:25:32,302 [INFO] ThirdParty:1030 - CMSIS Pack Vendor :STMicroelectronics X-CUBE-TOF1 3.4.0
2024-01-15 20:25:32,302 [INFO] ThirdParty:1030 - CMSIS Pack Vendor :STMicroelectronics X-CUBE-AZRTOS-H7 3.2.0
2024-01-15 20:25:32,302 [INFO] ThirdParty:1030 - CMSIS Pack Vendor :STMicroelectronics PDM2PCM 3.2.0
2024-01-15 20:25:32,302 [INFO] ThirdParty:841 - exiting critical section [change project]
2024-01-15 20:25:32,738 [INFO] PinOutPanel:1499 - setPackage(No Configuration,No Configuration)
2024-01-15 20:25:32,739 [INFO] PinOutPanel:1499 - setPackage(STM32L432KCUx,UFQFPN32)
2024-01-15 20:25:33,479 [INFO] UtilMem:75 - Before build in PCC Used Memory: 381243360 Bytes (597688320)
2024-01-15 20:25:34,399 [INFO] UtilMem:75 - After build in PCC Used Memory: 272816848 Bytes (597688320)
2024-01-15 20:25:34,471 [INFO] IPUIPlugin:80 - create IPUIPlugin
2024-01-15 20:25:34,471 [INFO] IPUIPlugin:80 - create IPUIPlugin
2024-01-15 20:25:34,471 [INFO] IPUIPlugin:80 - create IPUIPlugin
2024-01-15 20:25:34,472 [INFO] IPUIPlugin:80 - create IPUIPlugin
2024-01-15 20:25:34,472 [INFO] IPUIPlugin:80 - create IPUIPlugin
2024-01-15 20:25:34,472 [INFO] IPUIPlugin:80 - create IPUIPlugin
2024-01-15 20:25:34,472 [INFO] IPUIPlugin:80 - create IPUIPlugin
2024-01-15 20:25:34,473 [INFO] IPUIPlugin:80 - create IPUIPlugin
2024-01-15 20:25:34,473 [INFO] IPUIPlugin:80 - create IPUIPlugin
2024-01-15 20:25:34,473 [INFO] IPUIPlugin:80 - create IPUIPlugin
2024-01-15 20:25:34,473 [INFO] IPUIPlugin:80 - create IPUIPlugin
2024-01-15 20:25:34,474 [INFO] IPUIPlugin:80 - create IPUIPlugin
2024-01-15 20:25:34,474 [INFO] IPUIPlugin:80 - create IPUIPlugin
2024-01-15 20:25:34,474 [INFO] IPUIPlugin:80 - create IPUIPlugin
2024-01-15 20:25:34,475 [INFO] IPUIPlugin:80 - create IPUIPlugin
2024-01-15 20:25:34,475 [INFO] IPUIPlugin:80 - create IPUIPlugin
2024-01-15 20:25:34,476 [INFO] IPUIPlugin:80 - create IPUIPlugin
2024-01-15 20:25:34,476 [INFO] IPUIPlugin:80 - create IPUIPlugin
2024-01-15 20:25:34,476 [INFO] IPUIPlugin:80 - create IPUIPlugin
2024-01-15 20:25:34,476 [INFO] IPUIPlugin:80 - create IPUIPlugin
2024-01-15 20:25:34,477 [INFO] IPUIPlugin:80 - create IPUIPlugin
2024-01-15 20:25:34,477 [INFO] IPUIPlugin:80 - create IPUIPlugin
2024-01-15 20:25:34,477 [INFO] IPUIPlugin:80 - create IPUIPlugin
2024-01-15 20:25:34,478 [INFO] IPUIPlugin:80 - create IPUIPlugin
2024-01-15 20:25:34,478 [INFO] IPUIPlugin:80 - create IPUIPlugin
2024-01-15 20:25:34,478 [INFO] IPUIPlugin:80 - create IPUIPlugin
2024-01-15 20:25:34,479 [INFO] IPUIPlugin:80 - create IPUIPlugin
2024-01-15 20:25:34,479 [INFO] IPUIPlugin:80 - create IPUIPlugin
2024-01-15 20:25:34,480 [INFO] IPUIPlugin:80 - create IPUIPlugin
2024-01-15 20:25:34,480 [INFO] IPUIPlugin:80 - create IPUIPlugin
2024-01-15 20:25:34,480 [INFO] IPUIPlugin:80 - create IPUIPlugin
2024-01-15 20:25:34,480 [INFO] IPUIPlugin:80 - create IPUIPlugin
2024-01-15 20:25:34,480 [INFO] IPUIPlugin:80 - create IPUIPlugin
2024-01-15 20:25:34,481 [INFO] IPUIPlugin:80 - create IPUIPlugin
2024-01-15 20:25:34,481 [INFO] IPUIPlugin:80 - create IPUIPlugin
2024-01-15 20:25:34,481 [INFO] IPUIPlugin:80 - create IPUIPlugin
2024-01-15 20:25:34,482 [INFO] IPUIPlugin:80 - create IPUIPlugin
2024-01-15 20:25:34,482 [INFO] IPUIPlugin:80 - create IPUIPlugin
2024-01-15 20:25:34,483 [INFO] IPUIPlugin:80 - create IPUIPlugin
2024-01-15 20:25:34,484 [INFO] IPUIPlugin:80 - create IPUIPlugin
2024-01-15 20:25:34,484 [INFO] IPUIPlugin:80 - create IPUIPlugin
2024-01-15 20:25:34,739 [INFO] CADModel:165 - CPN selected for project levelSTM32L432KCU3
2024-01-15 20:25:34,739 [INFO] CADModel:114 - Register for checkConnection events
2024-01-15 20:25:34,789 [INFO] OpenFileManager:343 - Restore cursor
2024-01-15 20:46:34,717 [INFO] RtosManager:919 - Current active RTOS is FREERTOS [Cortex-M4NS]
2024-01-15 20:46:34,943 [INFO] ApiDbMcu:508 - Load IP Config File for FREERTOS
2024-01-15 20:46:35,074 [WARN] FreeRTOS:563 - Case being investigated as it may cause exception (when called to early by set config state
2024-01-15 20:46:35,336 [ERROR] RtosPanel:558 - Can not restore the selected Tab for FREERTOS(A reason can be that the tab is no more available.)
2024-01-15 20:46:35,435 [ERROR] RtosPanel:558 - Can not restore the selected Tab for FREERTOS(A reason can be that the tab is no more available.)
2024-01-15 20:52:21,755 [INFO] TasksAndQueuesTab:757 - Dynamic
2024-01-15 20:52:21,755 [WARN] TasksAndQueuesTab:763 - 128 128
2024-01-15 20:52:21,756 [WARN] TasksAndQueuesTab:775 - max value is: 750.0
2024-01-15 20:53:19,360 [INFO] UtilMem:75 - End SaveConfig() Used Memory: 375211352 Bytes (741343232)
2024-01-15 20:53:21,683 [INFO] UtilMem:75 - End SaveConfig() Used Memory: 425543000 Bytes (741343232)
2024-01-15 20:53:22,333 [INFO] UtilMem:75 - End SaveConfig() Used Memory: 453332312 Bytes (741343232)
2024-01-15 20:55:11,610 [INFO] BlockDiagram:2759 - set Specific Code input for plugin: NVIC
2024-01-15 20:55:11,610 [INFO] BlockDiagram:2759 - set Specific Code input for plugin: FREERTOS
2024-01-15 20:55:11,610 [INFO] BlockDiagram:2759 - set Specific Code input for plugin: USART
2024-01-15 20:55:11,610 [INFO] BlockDiagram:2759 - set Specific Code input for plugin: SYS
2024-01-15 20:55:11,610 [INFO] BlockDiagram:2759 - set Specific Code input for plugin: GPIO
2024-01-15 20:55:11,610 [INFO] BlockDiagram:2759 - set Specific Code input for plugin: RCC
2024-01-15 20:55:11,611 [INFO] CodeGenerator:807 - code generatio: config db path: /opt/st/stm32cubeide_1.14.0/plugins/com.st.stm32cube.common.mx_6.10.0.202311202037//db/
2024-01-15 20:55:11,779 [INFO] CodeEngine:255 - oldGeneratedFile, /home/aneesh/Desktop/stop_watch_LCD/cubeIDE_stopWatchLCD/stop_watch_project/MXTmpFiles/license.tmp_save
2024-01-15 20:55:12,149 [INFO] CodeEngine:279 - Generated code: /home/aneesh/Desktop/stop_watch_LCD/cubeIDE_stopWatchLCD/stop_watch_project/MXTmpFiles/license.tmp
2024-01-15 20:55:12,190 [INFO] CodeEngine:255 - oldGeneratedFile, /home/aneesh/Desktop/stop_watch_LCD/cubeIDE_stopWatchLCD/stop_watch_project/MXTmpFiles/gpio.tmp_save
2024-01-15 20:55:12,304 [INFO] CodeEngine:279 - Generated code: /home/aneesh/Desktop/stop_watch_LCD/cubeIDE_stopWatchLCD/stop_watch_project/MXTmpFiles/gpio.tmp
2024-01-15 20:55:12,466 [INFO] Middleware:1439 - No code input for Bsp Dependency
2024-01-15 20:55:12,470 [INFO] CodeEngine:255 - oldGeneratedFile, /home/aneesh/Desktop/stop_watch_LCD/cubeIDE_stopWatchLCD/stop_watch_project/MXTmpFiles/rtos_inc.tmp_save
2024-01-15 20:55:12,573 [INFO] CodeEngine:279 - Generated code: /home/aneesh/Desktop/stop_watch_LCD/cubeIDE_stopWatchLCD/stop_watch_project/MXTmpFiles/rtos_inc.tmp
2024-01-15 20:55:12,575 [INFO] CodeEngine:255 - oldGeneratedFile, /home/aneesh/Desktop/stop_watch_LCD/cubeIDE_stopWatchLCD/stop_watch_project/MXTmpFiles/rtos_kernelInit.tmp_save
2024-01-15 20:55:12,652 [INFO] CodeEngine:279 - Generated code: /home/aneesh/Desktop/stop_watch_LCD/cubeIDE_stopWatchLCD/stop_watch_project/MXTmpFiles/rtos_kernelInit.tmp
2024-01-15 20:55:12,654 [INFO] CodeEngine:255 - oldGeneratedFile, /home/aneesh/Desktop/stop_watch_LCD/cubeIDE_stopWatchLCD/stop_watch_project/MXTmpFiles/rtos_kernelStart.tmp_save
2024-01-15 20:55:12,733 [INFO] CodeEngine:279 - Generated code: /home/aneesh/Desktop/stop_watch_LCD/cubeIDE_stopWatchLCD/stop_watch_project/MXTmpFiles/rtos_kernelStart.tmp
2024-01-15 20:55:12,734 [INFO] CodeEngine:255 - oldGeneratedFile, /home/aneesh/Desktop/stop_watch_LCD/cubeIDE_stopWatchLCD/stop_watch_project/MXTmpFiles/rtos_typedefs.tmp_save
2024-01-15 20:55:12,844 [INFO] CodeEngine:279 - Generated code: /home/aneesh/Desktop/stop_watch_LCD/cubeIDE_stopWatchLCD/stop_watch_project/MXTmpFiles/rtos_typedefs.tmp
2024-01-15 20:55:12,847 [INFO] CodeEngine:255 - oldGeneratedFile, /home/aneesh/Desktop/stop_watch_LCD/cubeIDE_stopWatchLCD/stop_watch_project/MXTmpFiles/rtos_vars.tmp_save
2024-01-15 20:55:12,951 [INFO] CodeEngine:279 - Generated code: /home/aneesh/Desktop/stop_watch_LCD/cubeIDE_stopWatchLCD/stop_watch_project/MXTmpFiles/rtos_vars.tmp
2024-01-15 20:55:12,953 [INFO] CodeEngine:255 - oldGeneratedFile, /home/aneesh/Desktop/stop_watch_LCD/cubeIDE_stopWatchLCD/stop_watch_project/MXTmpFiles/rtos_pfp.tmp_save
2024-01-15 20:55:13,052 [INFO] CodeEngine:279 - Generated code: /home/aneesh/Desktop/stop_watch_LCD/cubeIDE_stopWatchLCD/stop_watch_project/MXTmpFiles/rtos_pfp.tmp
2024-01-15 20:55:13,053 [INFO] CodeEngine:255 - oldGeneratedFile, /home/aneesh/Desktop/stop_watch_LCD/cubeIDE_stopWatchLCD/stop_watch_project/MXTmpFiles/rtos_obj_creat.tmp_save
2024-01-15 20:55:13,145 [INFO] CodeEngine:279 - Generated code: /home/aneesh/Desktop/stop_watch_LCD/cubeIDE_stopWatchLCD/stop_watch_project/MXTmpFiles/rtos_obj_creat.tmp
2024-01-15 20:55:13,147 [INFO] CodeEngine:255 - oldGeneratedFile, /home/aneesh/Desktop/stop_watch_LCD/cubeIDE_stopWatchLCD/stop_watch_project/MXTmpFiles/rtos_default_thread.tmp_save
2024-01-15 20:55:13,224 [INFO] CodeEngine:279 - Generated code: /home/aneesh/Desktop/stop_watch_LCD/cubeIDE_stopWatchLCD/stop_watch_project/MXTmpFiles/rtos_default_thread.tmp
2024-01-15 20:55:13,226 [INFO] CodeEngine:255 - oldGeneratedFile, /home/aneesh/Desktop/stop_watch_LCD/cubeIDE_stopWatchLCD/stop_watch_project/MXTmpFiles/rtos_threads.tmp_save
2024-01-15 20:55:13,281 [INFO] CodeEngine:279 - Generated code: /home/aneesh/Desktop/stop_watch_LCD/cubeIDE_stopWatchLCD/stop_watch_project/MXTmpFiles/rtos_threads.tmp
2024-01-15 20:55:13,292 [INFO] Middleware:1439 - No code input for Bsp Dependency
2024-01-15 20:55:13,296 [INFO] CodeEngine:255 - oldGeneratedFile, /home/aneesh/Desktop/stop_watch_LCD/cubeIDE_stopWatchLCD/stop_watch_project/MXTmpFiles/rtos_inc.tmp_save
2024-01-15 20:55:13,354 [INFO] CodeEngine:279 - Generated code: /home/aneesh/Desktop/stop_watch_LCD/cubeIDE_stopWatchLCD/stop_watch_project/MXTmpFiles/rtos_inc.tmp
2024-01-15 20:55:13,355 [INFO] CodeEngine:255 - oldGeneratedFile, /home/aneesh/Desktop/stop_watch_LCD/cubeIDE_stopWatchLCD/stop_watch_project/MXTmpFiles/rtos_kernelInit.tmp_save
2024-01-15 20:55:13,469 [INFO] CodeEngine:279 - Generated code: /home/aneesh/Desktop/stop_watch_LCD/cubeIDE_stopWatchLCD/stop_watch_project/MXTmpFiles/rtos_kernelInit.tmp
2024-01-15 20:55:13,470 [INFO] CodeEngine:255 - oldGeneratedFile, /home/aneesh/Desktop/stop_watch_LCD/cubeIDE_stopWatchLCD/stop_watch_project/MXTmpFiles/rtos_kernelStart.tmp_save
2024-01-15 20:55:13,598 [INFO] CodeEngine:279 - Generated code: /home/aneesh/Desktop/stop_watch_LCD/cubeIDE_stopWatchLCD/stop_watch_project/MXTmpFiles/rtos_kernelStart.tmp
2024-01-15 20:55:13,599 [INFO] CodeEngine:255 - oldGeneratedFile, /home/aneesh/Desktop/stop_watch_LCD/cubeIDE_stopWatchLCD/stop_watch_project/MXTmpFiles/rtos_typedefs.tmp_save
2024-01-15 20:55:13,660 [INFO] CodeEngine:279 - Generated code: /home/aneesh/Desktop/stop_watch_LCD/cubeIDE_stopWatchLCD/stop_watch_project/MXTmpFiles/rtos_typedefs.tmp
2024-01-15 20:55:13,661 [INFO] CodeEngine:255 - oldGeneratedFile, /home/aneesh/Desktop/stop_watch_LCD/cubeIDE_stopWatchLCD/stop_watch_project/MXTmpFiles/rtos_vars.tmp_save
2024-01-15 20:55:13,718 [INFO] CodeEngine:279 - Generated code: /home/aneesh/Desktop/stop_watch_LCD/cubeIDE_stopWatchLCD/stop_watch_project/MXTmpFiles/rtos_vars.tmp
2024-01-15 20:55:13,720 [INFO] CodeEngine:255 - oldGeneratedFile, /home/aneesh/Desktop/stop_watch_LCD/cubeIDE_stopWatchLCD/stop_watch_project/MXTmpFiles/rtos_pfp.tmp_save
2024-01-15 20:55:13,771 [INFO] CodeEngine:279 - Generated code: /home/aneesh/Desktop/stop_watch_LCD/cubeIDE_stopWatchLCD/stop_watch_project/MXTmpFiles/rtos_pfp.tmp
2024-01-15 20:55:13,772 [INFO] CodeEngine:255 - oldGeneratedFile, /home/aneesh/Desktop/stop_watch_LCD/cubeIDE_stopWatchLCD/stop_watch_project/MXTmpFiles/rtos_obj_creat.tmp_save
2024-01-15 20:55:13,829 [INFO] CodeEngine:279 - Generated code: /home/aneesh/Desktop/stop_watch_LCD/cubeIDE_stopWatchLCD/stop_watch_project/MXTmpFiles/rtos_obj_creat.tmp
2024-01-15 20:55:13,830 [INFO] CodeEngine:255 - oldGeneratedFile, /home/aneesh/Desktop/stop_watch_LCD/cubeIDE_stopWatchLCD/stop_watch_project/MXTmpFiles/rtos_default_thread.tmp_save
2024-01-15 20:55:14,011 [INFO] CodeEngine:279 - Generated code: /home/aneesh/Desktop/stop_watch_LCD/cubeIDE_stopWatchLCD/stop_watch_project/MXTmpFiles/rtos_default_thread.tmp
2024-01-15 20:55:14,017 [INFO] CodeEngine:255 - oldGeneratedFile, /home/aneesh/Desktop/stop_watch_LCD/cubeIDE_stopWatchLCD/stop_watch_project/MXTmpFiles/rtos_threads.tmp_save
2024-01-15 20:55:14,200 [INFO] CodeEngine:279 - Generated code: /home/aneesh/Desktop/stop_watch_LCD/cubeIDE_stopWatchLCD/stop_watch_project/MXTmpFiles/rtos_threads.tmp
2024-01-15 20:55:14,203 [INFO] CodeEngine:255 - oldGeneratedFile, /home/aneesh/Desktop/stop_watch_LCD/cubeIDE_stopWatchLCD/stop_watch_project/Core/Inc/FreeRTOSConfig.h_save
2024-01-15 20:55:14,460 [INFO] CodeEngine:279 - Generated code: /home/aneesh/Desktop/stop_watch_LCD/cubeIDE_stopWatchLCD/stop_watch_project/Core/Inc/FreeRTOSConfig.h
2024-01-15 20:55:14,467 [INFO] CodeEngine:255 - oldGeneratedFile, /home/aneesh/Desktop/stop_watch_LCD/cubeIDE_stopWatchLCD/stop_watch_project/Core/Src/freertos.c_save
2024-01-15 20:55:14,704 [INFO] CodeEngine:279 - Generated code: /home/aneesh/Desktop/stop_watch_LCD/cubeIDE_stopWatchLCD/stop_watch_project/Core/Src/freertos.c
2024-01-15 20:55:14,712 [INFO] CodeEngine:255 - oldGeneratedFile, /home/aneesh/Desktop/stop_watch_LCD/cubeIDE_stopWatchLCD/stop_watch_project/Core/Src/stm32l4xx_it.c_save
2024-01-15 20:55:15,021 [INFO] CodeEngine:279 - Generated code: /home/aneesh/Desktop/stop_watch_LCD/cubeIDE_stopWatchLCD/stop_watch_project/Core/Src/stm32l4xx_it.c
2024-01-15 20:55:15,027 [INFO] CodeEngine:255 - oldGeneratedFile, /home/aneesh/Desktop/stop_watch_LCD/cubeIDE_stopWatchLCD/stop_watch_project/Core/Inc/stm32l4xx_it.h_save
2024-01-15 20:55:15,220 [INFO] CodeEngine:279 - Generated code: /home/aneesh/Desktop/stop_watch_LCD/cubeIDE_stopWatchLCD/stop_watch_project/Core/Inc/stm32l4xx_it.h
2024-01-15 20:55:15,225 [INFO] CodeEngine:255 - oldGeneratedFile, /home/aneesh/Desktop/stop_watch_LCD/cubeIDE_stopWatchLCD/stop_watch_project/Core/Src/stm32l4xx_hal_msp.c_save
2024-01-15 20:55:15,360 [INFO] CodeEngine:279 - Generated code: /home/aneesh/Desktop/stop_watch_LCD/cubeIDE_stopWatchLCD/stop_watch_project/Core/Src/stm32l4xx_hal_msp.c
2024-01-15 20:55:15,362 [INFO] CodeEngine:255 - oldGeneratedFile, /home/aneesh/Desktop/stop_watch_LCD/cubeIDE_stopWatchLCD/stop_watch_project/MXTmpFiles/system.tmp_save
2024-01-15 20:55:15,428 [INFO] CodeEngine:279 - Generated code: /home/aneesh/Desktop/stop_watch_LCD/cubeIDE_stopWatchLCD/stop_watch_project/MXTmpFiles/system.tmp
2024-01-15 20:55:15,432 [INFO] CodeEngine:311 - oldGeneratedFile, /home/aneesh/Desktop/stop_watch_LCD/cubeIDE_stopWatchLCD/stop_watch_project/Core/Inc/stm32l4xx_hal_conf.h_save
2024-01-15 20:55:15,510 [INFO] CodeEngine:335 - Generated code: /home/aneesh/Desktop/stop_watch_LCD/cubeIDE_stopWatchLCD/stop_watch_project/Core/Inc/stm32l4xx_hal_conf.h
2024-01-15 20:55:15,556 [INFO] CodeEngine:255 - oldGeneratedFile, /home/aneesh/Desktop/stop_watch_LCD/cubeIDE_stopWatchLCD/stop_watch_project/Core/Inc/main.h_save
2024-01-15 20:55:15,653 [INFO] CodeEngine:279 - Generated code: /home/aneesh/Desktop/stop_watch_LCD/cubeIDE_stopWatchLCD/stop_watch_project/Core/Inc/main.h
2024-01-15 20:55:15,656 [INFO] CodeEngine:255 - oldGeneratedFile, /home/aneesh/Desktop/stop_watch_LCD/cubeIDE_stopWatchLCD/stop_watch_project/Core/Src/main.c_save
2024-01-15 20:55:15,808 [INFO] CodeEngine:279 - Generated code: /home/aneesh/Desktop/stop_watch_LCD/cubeIDE_stopWatchLCD/stop_watch_project/Core/Src/main.c
2024-01-15 20:55:16,439 [INFO] ProjectBuilder:3076 - Time for Copy HAL[1] : 61mS.
2024-01-15 20:55:16,443 [INFO] ProjectBuilder:4485 - Project Generator version: 4.2.0-B44
2024-01-15 20:55:16,640 [INFO] ConfigFileManager:1495 - The Die is : DIE435
2024-01-15 20:55:16,644 [INFO] ApiDbMcu:508 - Load IP Config File for FATFS
2024-01-15 20:55:16,654 [INFO] ApiDbMcu:508 - Load IP Config File for TOUCHSENSING
2024-01-15 20:55:16,658 [INFO] ApiDbMcu:508 - Load IP Config File for USB_DEVICE
2024-01-15 20:55:17,845 [INFO] LogOutputStream:77 - [STDOUT_REDIRECT] 
2024-01-15 20:55:19,266 [INFO] ProjectBuilder:4747 - Time for Generating toolchain IDE Files: 2823mS.
2024-01-15 20:55:19,267 [INFO] ProjectBuilder:2947 - Time for Copy CMSIS : 0mS.
2024-01-15 20:55:19,269 [INFO] ProjectBuilder:2947 - Time for Copy CMSIS : 0mS.
2024-01-15 20:55:29,971 [INFO] TasksAndQueuesTab:757 - Dynamic
2024-01-15 20:55:29,971 [WARN] TasksAndQueuesTab:763 - 128 128
2024-01-15 20:55:29,971 [WARN] TasksAndQueuesTab:775 - max value is: 750.0
2024-01-15 20:55:31,779 [INFO] TasksAndQueuesTab:757 - Dynamic
2024-01-15 20:55:31,779 [WARN] TasksAndQueuesTab:763 - 128 128
2024-01-15 20:55:31,779 [WARN] TasksAndQueuesTab:775 - max value is: 750.0
2024-01-15 22:51:46,037 [ERROR] LogOutputStream:75 - [STDERR_REDIRECT] 
