2024-01-29 19:21:39,625 [INFO] Activator:176 - 


2024-01-29 19:21:39,631 [INFO] Activator:177 - !SESSION log4j initialized
2024-01-29 19:21:44,670 [INFO] LogOutputStream:77 - [STDOUT_REDIRECT] 
2024-01-29 19:21:46,198 [INFO] ApplicationProperties:184 - Using Application install path: /opt/st/stm32cubeide_1.14.0/plugins/com.st.stm32cube.common.mx_6.10.0.202311202037
2024-01-29 19:21:46,226 [INFO] DbMcusXml:78 - Set database path to: /opt/st/stm32cubeide_1.14.0/plugins/com.st.stm32cube.common.mx_6.10.0.202311202037//db//mcu/
2024-01-29 19:21:46,226 [INFO] ApiDb:274 - Set plugin database path to: /opt/st/stm32cubeide_1.14.0/plugins/com.st.stm32cube.common.mx_6.10.0.202311202037//db//plugins/boardmanager/
2024-01-29 19:21:46,227 [WARN] ApiDb:259 - Overriding images path with different value:  => /opt/st/stm32cubeide_1.14.0/plugins/com.st.stm32cube.common.mx_6.10.0.202311202037//db//plugins/mcufinder/images/
2024-01-29 19:21:46,235 [INFO] ApiDb:250 - Set database path to: /home/aneesh/.stmcufinder/plugins/mcufinder//mcu/
2024-01-29 19:21:46,237 [INFO] DbMcusAds:125 - Set database path to: /home/aneesh/.stmcufinder/plugins/mcufinder//mcu/
2024-01-29 19:21:46,241 [INFO] CrossReferenceDbSqlite:203 - Set database path to: /home/aneesh/.stmcufinder/plugins/mcufinder//mcu/cs/
2024-01-29 19:21:46,429 [INFO] RulesReader:64 - Compatibility file has been processed (297 Rules)
2024-01-29 19:21:46,519 [INFO] DbMcusXml:78 - Set database path to: /opt/st/stm32cubeide_1.14.0/plugins/com.st.stm32cube.common.mx_6.10.0.202311202037//db//mcu/
2024-01-29 19:21:46,519 [INFO] ApiDb:274 - Set plugin database path to: /opt/st/stm32cubeide_1.14.0/plugins/com.st.stm32cube.common.mx_6.10.0.202311202037//db//plugins/boardmanager/
2024-01-29 19:21:46,519 [INFO] ApiDb:261 - Set plugin images path to: /opt/st/stm32cubeide_1.14.0/plugins/com.st.stm32cube.common.mx_6.10.0.202311202037//db//plugins/mcufinder/images/
2024-01-29 19:21:46,519 [WARN] DbFile:41 - Overriding database path with different value: /home/aneesh/.stmcufinder/plugins/mcufinder/ => /home/aneesh/.stmcufinder/plugins/mcufinder
2024-01-29 19:21:46,520 [INFO] ApiDb:250 - Set database path to: /home/aneesh/.stmcufinder/plugins/mcufinder//mcu/
2024-01-29 19:21:46,520 [WARN] DbFile:41 - Overriding database path with different value: /home/aneesh/.stmcufinder/plugins/mcufinder/ => /home/aneesh/.stmcufinder/plugins/mcufinder
2024-01-29 19:21:46,520 [INFO] DbMcusAds:125 - Set database path to: /home/aneesh/.stmcufinder/plugins/mcufinder//mcu/
2024-01-29 19:21:46,520 [WARN] DbFile:41 - Overriding database path with different value: /home/aneesh/.stmcufinder/plugins/mcufinder/ => /home/aneesh/.stmcufinder/plugins/mcufinder
2024-01-29 19:21:46,520 [WARN] DbFile:41 - Overriding database path with different value: /home/aneesh/.stmcufinder/plugins/mcufinder/ => /home/aneesh/.stmcufinder/plugins/mcufinder
2024-01-29 19:21:46,520 [INFO] CrossReferenceDbSqlite:203 - Set database path to: /home/aneesh/.stmcufinder/plugins/mcufinder//mcu/cs/
2024-01-29 19:21:46,621 [INFO] MainPanel:264 - HeapMemory: 268435456
2024-01-29 19:21:46,809 [INFO] DbMcusXml:78 - Set database path to: /opt/st/stm32cubeide_1.14.0/plugins/com.st.stm32cube.common.mx_6.10.0.202311202037//db//mcu/
2024-01-29 19:21:46,809 [INFO] ApiDb:274 - Set plugin database path to: /opt/st/stm32cubeide_1.14.0/plugins/com.st.stm32cube.common.mx_6.10.0.202311202037//db//plugins/boardmanager/
2024-01-29 19:21:46,809 [INFO] ApiDb:261 - Set plugin images path to: /opt/st/stm32cubeide_1.14.0/plugins/com.st.stm32cube.common.mx_6.10.0.202311202037//db//plugins/mcufinder/images/
2024-01-29 19:21:46,810 [WARN] DbFile:41 - Overriding database path with different value: /home/aneesh/.stmcufinder/plugins/mcufinder/ => /home/aneesh/.stmcufinder/plugins/mcufinder
2024-01-29 19:21:46,810 [INFO] ApiDb:250 - Set database path to: /home/aneesh/.stmcufinder/plugins/mcufinder//mcu/
2024-01-29 19:21:46,810 [WARN] DbFile:41 - Overriding database path with different value: /home/aneesh/.stmcufinder/plugins/mcufinder/ => /home/aneesh/.stmcufinder/plugins/mcufinder
2024-01-29 19:21:46,810 [INFO] DbMcusAds:125 - Set database path to: /home/aneesh/.stmcufinder/plugins/mcufinder//mcu/
2024-01-29 19:21:46,810 [WARN] DbFile:41 - Overriding database path with different value: /home/aneesh/.stmcufinder/plugins/mcufinder/ => /home/aneesh/.stmcufinder/plugins/mcufinder
2024-01-29 19:21:46,810 [WARN] DbFile:41 - Overriding database path with different value: /home/aneesh/.stmcufinder/plugins/mcufinder/ => /home/aneesh/.stmcufinder/plugins/mcufinder
2024-01-29 19:21:46,810 [INFO] CrossReferenceDbSqlite:203 - Set database path to: /home/aneesh/.stmcufinder/plugins/mcufinder//mcu/cs/
2024-01-29 19:21:46,834 [INFO] ApplicationProperties:184 - Using Application install path: /opt/st/stm32cubeide_1.14.0/plugins/com.st.stm32cube.common.mx_6.10.0.202311202037
2024-01-29 19:21:46,836 [INFO] PluginManage:196 - Search for loadable plugins [exclusion list=, ]
2024-01-29 19:21:46,838 [INFO] PluginManage:310 - Check plugin analytics
2024-01-29 19:21:47,106 [INFO] AnalyticsPlugin:253 - Accepted Software Licenses: 
2024-01-29 19:21:47,107 [INFO] AnalyticsPlugin:255 - Accepted CMSIS Pack Licenses: 
2024-01-29 19:21:47,107 [INFO] AnalyticsPlugin:257 - Accepted Firmware Licenses: FW.L4.1.18.0
2024-01-29 19:21:47,111 [INFO] PluginManage:359 - Loaded plugin analytics (category:tool,tabindex:-1)
2024-01-29 19:21:47,111 [INFO] PluginManage:310 - Check plugin cadmodel
2024-01-29 19:21:47,229 [INFO] CADModel:105 - Init CAD model plugin
2024-01-29 19:21:47,230 [INFO] PluginManage:359 - Loaded plugin cadmodel (category:power,tabindex:5)
2024-01-29 19:21:47,230 [INFO] PluginManage:310 - Check plugin clock
2024-01-29 19:21:47,241 [INFO] PluginManage:359 - Loaded plugin clock (category:base,tabindex:2)
2024-01-29 19:21:47,241 [INFO] PluginManage:310 - Check plugin ddr
2024-01-29 19:21:47,243 [INFO] PluginManage:359 - Loaded plugin ddr (category:tool,tabindex:6)
2024-01-29 19:21:47,244 [INFO] PluginManage:310 - Check plugin filemanager
2024-01-29 19:21:47,415 [INFO] PluginManage:359 - Loaded plugin filemanager (category:base,tabindex:10)
2024-01-29 19:21:47,415 [INFO] PluginManage:310 - Check plugin ipmanager
2024-01-29 19:21:47,421 [INFO] PluginManage:359 - Loaded plugin ipmanager (category:base,tabindex:5)
2024-01-29 19:21:47,422 [INFO] PluginManage:310 - Check plugin lpbam
2024-01-29 19:21:47,432 [INFO] PluginManage:359 - Loaded plugin lpbam (category:base,tabindex:0)
2024-01-29 19:21:47,432 [INFO] PluginManage:310 - Check plugin memorymap
2024-01-29 19:21:47,444 [INFO] PluginManage:359 - Loaded plugin memorymap (category:base,tabindex:4)
2024-01-29 19:21:47,444 [INFO] PluginManage:310 - Check plugin pinoutandconfiguration
2024-01-29 19:21:47,452 [INFO] PluginManage:359 - Loaded plugin pinoutandconfiguration (category:base,tabindex:1)
2024-01-29 19:21:47,452 [INFO] PluginManage:310 - Check plugin pinoutconfig
2024-01-29 19:21:47,549 [WARN] SupportedApi:132 - Cannot load RTOS API schema: s4s-elt-must-match.1: The content of 'definitions' must match (annotation?, (simpleType | complexType)?, (unique | key | keyref)*)). A problem was found starting at: attribute.
2024-01-29 19:21:47,749 [INFO] PluginManage:359 - Loaded plugin pinoutconfig (category:base,tabindex:0)
2024-01-29 19:21:47,750 [INFO] PluginManage:310 - Check plugin power
2024-01-29 19:21:47,782 [INFO] PluginManage:359 - Loaded plugin power (category:power,tabindex:4)
2024-01-29 19:21:47,783 [INFO] PluginManage:310 - Check plugin projectmanager
2024-01-29 19:21:47,839 [INFO] PluginManage:359 - Loaded plugin projectmanager (category:projectmanager,tabindex:3)
2024-01-29 19:21:47,840 [INFO] PluginManage:310 - Check plugin thirdparty
2024-01-29 19:21:48,243 [WARN] IntegrityCheckThread:84 - waiting for thirdparty lock release [integrity check]
2024-01-29 19:21:48,244 [INFO] IntegrityCheckThread:86 - entering critical section [integrity check]
2024-01-29 19:21:48,244 [INFO] ThirdPartyUpdaterWithRetryManager:70 - Updater plugin not ready yet. [1/15]
2024-01-29 19:21:48,244 [INFO] PluginManage:359 - Loaded plugin thirdparty (category:base,tabindex:-1)
2024-01-29 19:21:48,245 [INFO] PluginManage:310 - Check plugin tools
2024-01-29 19:21:48,252 [INFO] PluginManage:359 - Loaded plugin tools (category:base,tabindex:7)
2024-01-29 19:21:48,254 [INFO] PluginManage:310 - Check plugin tutovideos
2024-01-29 19:21:48,771 [INFO] PluginManage:359 - Loaded plugin tutovideos (category:base,tabindex:-1)
2024-01-29 19:21:48,771 [INFO] PluginManage:310 - Check plugin updater
2024-01-29 19:21:48,783 [INFO] PluginManage:359 - Loaded plugin updater (category:base,tabindex:12)
2024-01-29 19:21:48,783 [INFO] PluginManage:310 - Check plugin userauth
2024-01-29 19:21:48,792 [INFO] UserAuth:114 - Init User Auth plugin
2024-01-29 19:21:48,793 [INFO] PluginManage:359 - Loaded plugin userauth (category:base,tabindex:14)
2024-01-29 19:21:48,793 [INFO] PluginManage:283 - PluginManage : Loaded plugins [17]
2024-01-29 19:21:49,322 [INFO] PinOutPanel:1499 - setPackage(No Configuration,No Configuration)
2024-01-29 19:21:49,511 [INFO] CADModel:165 - CPN selected for project level
2024-01-29 19:21:49,511 [INFO] CADModel:114 - Register for checkConnection events
2024-01-29 19:21:49,540 [INFO] IPUIPlugin:80 - create IPUIPlugin
2024-01-29 19:21:49,541 [INFO] PluginManager:220 - loadIPPluginJar : add comp
2024-01-29 19:21:49,544 [INFO] IPUIPlugin:80 - create IPUIPlugin
2024-01-29 19:21:49,545 [INFO] PluginManager:220 - loadIPPluginJar : add ltdc
2024-01-29 19:21:49,563 [INFO] IPUIPlugin:80 - create IPUIPlugin
2024-01-29 19:21:49,573 [INFO] PluginManager:220 - loadIPPluginJar : add plateformsettings
2024-01-29 19:21:49,592 [INFO] IPUIPlugin:80 - create IPUIPlugin
2024-01-29 19:21:49,594 [INFO] PluginManager:220 - loadIPPluginJar : add mdma
2024-01-29 19:21:49,599 [INFO] IPUIPlugin:80 - create IPUIPlugin
2024-01-29 19:21:49,599 [INFO] PluginManager:220 - loadIPPluginJar : add ucpd
2024-01-29 19:21:49,618 [INFO] IPUIPlugin:80 - create IPUIPlugin
2024-01-29 19:21:49,619 [INFO] PluginManager:220 - loadIPPluginJar : add opamp
2024-01-29 19:21:49,631 [INFO] IPUIPlugin:80 - create IPUIPlugin
2024-01-29 19:21:49,632 [INFO] PluginManager:220 - loadIPPluginJar : add lorawan
2024-01-29 19:21:49,644 [INFO] IPUIPlugin:80 - create IPUIPlugin
2024-01-29 19:21:49,645 [INFO] PluginManager:220 - loadIPPluginJar : add openamp
2024-01-29 19:21:49,655 [INFO] IPUIPlugin:80 - create IPUIPlugin
2024-01-29 19:21:49,656 [INFO] PluginManager:220 - loadIPPluginJar : add i2s
2024-01-29 19:21:49,672 [INFO] IPUIPlugin:80 - create IPUIPlugin
2024-01-29 19:21:49,673 [INFO] PluginManager:220 - loadIPPluginJar : add stm32_wpan
2024-01-29 19:21:49,681 [INFO] IPUIPlugin:80 - create IPUIPlugin
2024-01-29 19:21:49,681 [INFO] PluginManager:220 - loadIPPluginJar : add touchsensing
2024-01-29 19:21:49,690 [INFO] IPUIPlugin:80 - create IPUIPlugin
2024-01-29 19:21:49,690 [INFO] PluginManager:220 - loadIPPluginJar : add nvic
2024-01-29 19:21:49,696 [INFO] IPUIPlugin:80 - create IPUIPlugin
2024-01-29 19:21:49,696 [INFO] PluginManager:220 - loadIPPluginJar : add i2c
2024-01-29 19:21:49,700 [INFO] IPUIPlugin:80 - create IPUIPlugin
2024-01-29 19:21:49,701 [INFO] PluginManager:220 - loadIPPluginJar : add tim
2024-01-29 19:21:49,707 [INFO] IPUIPlugin:80 - create IPUIPlugin
2024-01-29 19:21:49,707 [INFO] PluginManager:220 - loadIPPluginJar : add gfxmmu
2024-01-29 19:21:49,722 [INFO] IPUIPlugin:80 - create IPUIPlugin
2024-01-29 19:21:49,723 [INFO] PluginManager:220 - loadIPPluginJar : add freertos
2024-01-29 19:21:49,727 [INFO] IPUIPlugin:80 - create IPUIPlugin
2024-01-29 19:21:49,730 [INFO] PluginManager:220 - loadIPPluginJar : add quadspi
2024-01-29 19:21:49,743 [INFO] IPUIPlugin:80 - create IPUIPlugin
2024-01-29 19:21:49,744 [INFO] PluginManager:220 - loadIPPluginJar : add spi
2024-01-29 19:21:49,766 [INFO] IPUIPlugin:80 - create IPUIPlugin
2024-01-29 19:21:49,768 [INFO] PluginManager:220 - loadIPPluginJar : add ipddr
2024-01-29 19:21:49,778 [INFO] IPUIPlugin:80 - create IPUIPlugin
2024-01-29 19:21:49,779 [INFO] PluginManager:220 - loadIPPluginJar : add aes
2024-01-29 19:21:49,815 [INFO] IPUIPlugin:80 - create IPUIPlugin
2024-01-29 19:21:49,815 [INFO] PluginManager:220 - loadIPPluginJar : add linkedlist
2024-01-29 19:21:49,822 [INFO] IPUIPlugin:80 - create IPUIPlugin
2024-01-29 19:21:49,822 [INFO] PluginManager:220 - loadIPPluginJar : add cryp
2024-01-29 19:21:49,833 [INFO] IPUIPlugin:80 - create IPUIPlugin
2024-01-29 19:21:49,834 [INFO] PluginManager:220 - loadIPPluginJar : add gpio
2024-01-29 19:21:49,848 [INFO] IPUIPlugin:80 - create IPUIPlugin
2024-01-29 19:21:49,848 [INFO] PluginManager:220 - loadIPPluginJar : add gic
2024-01-29 19:21:49,854 [INFO] IPUIPlugin:80 - create IPUIPlugin
2024-01-29 19:21:49,854 [INFO] PluginManager:220 - loadIPPluginJar : add dma3
2024-01-29 19:21:49,859 [INFO] IPUIPlugin:80 - create IPUIPlugin
2024-01-29 19:21:49,860 [INFO] PluginManager:220 - loadIPPluginJar : add genericplugin
2024-01-29 19:21:49,867 [INFO] IPUIPlugin:80 - create IPUIPlugin
2024-01-29 19:21:49,868 [INFO] PluginManager:220 - loadIPPluginJar : add tsc
2024-01-29 19:21:49,875 [INFO] IPUIPlugin:80 - create IPUIPlugin
2024-01-29 19:21:49,875 [INFO] PluginManager:220 - loadIPPluginJar : add can
2024-01-29 19:21:49,896 [INFO] IPUIPlugin:80 - create IPUIPlugin
2024-01-29 19:21:49,896 [INFO] PluginManager:220 - loadIPPluginJar : add dma
2024-01-29 19:21:49,904 [INFO] IPUIPlugin:80 - create IPUIPlugin
2024-01-29 19:21:49,904 [INFO] PluginManager:220 - loadIPPluginJar : add usbx
2024-01-29 19:21:49,912 [INFO] IPUIPlugin:80 - create IPUIPlugin
2024-01-29 19:21:49,912 [INFO] PluginManager:220 - loadIPPluginJar : add resmgrutility
2024-01-29 19:21:49,920 [INFO] IPUIPlugin:80 - create IPUIPlugin
2024-01-29 19:21:49,920 [INFO] PluginManager:220 - loadIPPluginJar : add sai
2024-01-29 19:21:49,925 [INFO] IPUIPlugin:80 - create IPUIPlugin
2024-01-29 19:21:49,925 [INFO] PluginManager:220 - loadIPPluginJar : add pdm2pcm
2024-01-29 19:21:49,935 [INFO] IPUIPlugin:80 - create IPUIPlugin
2024-01-29 19:21:49,936 [INFO] PluginManager:220 - loadIPPluginJar : add fmc
2024-01-29 19:21:49,952 [INFO] IPUIPlugin:80 - create IPUIPlugin
2024-01-29 19:21:49,953 [INFO] PluginManager:220 - loadIPPluginJar : add adc
2024-01-29 19:21:49,961 [INFO] IPUIPlugin:80 - create IPUIPlugin
2024-01-29 19:21:49,962 [INFO] PluginManager:220 - loadIPPluginJar : add tracer_emb
2024-01-29 19:21:49,969 [INFO] IPUIPlugin:80 - create IPUIPlugin
2024-01-29 19:21:49,969 [INFO] PluginManager:220 - loadIPPluginJar : add ts
2024-01-29 19:21:49,973 [INFO] IPUIPlugin:80 - create IPUIPlugin
2024-01-29 19:21:49,973 [INFO] PluginManager:220 - loadIPPluginJar : add fatfs
2024-01-29 19:21:49,980 [INFO] IPUIPlugin:80 - create IPUIPlugin
2024-01-29 19:21:49,981 [INFO] PluginManager:220 - loadIPPluginJar : add usart
2024-01-29 19:21:49,986 [INFO] IPUIPlugin:80 - create IPUIPlugin
2024-01-29 19:21:49,987 [INFO] PluginManager:220 - loadIPPluginJar : add hash
2024-01-29 19:21:49,994 [INFO] IPUIPlugin:80 - create IPUIPlugin
2024-01-29 19:21:49,994 [INFO] PluginManager:220 - loadIPPluginJar : add gtzc
2024-01-29 19:21:49,999 [INFO] IPUIPlugin:80 - create IPUIPlugin
2024-01-29 19:21:49,999 [INFO] PluginManager:220 - loadIPPluginJar : add dfsdm
2024-01-29 19:21:50,005 [INFO] IPUIPlugin:80 - create IPUIPlugin
2024-01-29 19:21:50,006 [INFO] PluginManager:220 - loadIPPluginJar : add i3c
2024-01-29 19:21:50,183 [INFO] CADModel:165 - CPN selected for project level
2024-01-29 19:21:50,184 [INFO] CADModel:114 - Register for checkConnection events
2024-01-29 19:21:50,184 [FATAL] Updater:308 - Updater called before beeing initialized
2024-01-29 19:21:50,185 [ERROR] CADModel:125 - Updater not yet initialized, retry later 
2024-01-29 19:21:50,502 [INFO] CADModel:165 - CPN selected for project level
2024-01-29 19:21:50,502 [INFO] CADModel:114 - Register for checkConnection events
2024-01-29 19:21:50,502 [FATAL] Updater:308 - Updater called before beeing initialized
2024-01-29 19:21:50,502 [ERROR] CADModel:125 - Updater not yet initialized, retry later 
2024-01-29 19:21:50,505 [FATAL] Updater:308 - Updater called before beeing initialized
2024-01-29 19:21:50,600 [FATAL] Updater:308 - Updater called before beeing initialized
2024-01-29 19:21:50,605 [INFO] DbMcusAds:53 - JSON generation date=Wed Nov 29 11:52:27 CET 2023 (1701255147349)
2024-01-29 19:21:50,605 [FATAL] Updater:308 - Updater called before beeing initialized
2024-01-29 19:21:50,641 [WARN] DetailPanel:346 - Failed to get advertising image, set to default
2024-01-29 19:21:50,751 [FATAL] Updater:308 - Updater called before beeing initialized
2024-01-29 19:21:50,753 [FATAL] Updater:308 - Updater called before beeing initialized
2024-01-29 19:21:50,753 [FATAL] Updater:308 - Updater called before beeing initialized
2024-01-29 19:21:50,754 [WARN] DetailPanel:346 - Failed to get advertising image, set to default
2024-01-29 19:21:50,755 [FATAL] Updater:308 - Updater called before beeing initialized
2024-01-29 19:21:50,803 [ERROR] Updater:1120 - MainUpdater not yet initialized. External WinMGr cannot be set.
2024-01-29 19:21:50,805 [INFO] Updater:1056 - Updater Version found : 6.10.0
2024-01-29 19:21:50,830 [INFO] ApplicationProperties:184 - Using Application install path: /opt/st/stm32cubeide_1.14.0/plugins/com.st.stm32cube.common.mx_6.10.0.202311202037
2024-01-29 19:21:51,102 [INFO] MainUpdater:2873 - connection check result : 10
2024-01-29 19:21:51,102 [INFO] MainUpdater:290 - Updater Check For Update Now.
2024-01-29 19:21:51,102 [INFO] MicroXplorer:498 - Change Database Version : DB.6.0.100
2024-01-29 19:21:51,107 [INFO] McuFinderGlobals:63 - Set McuFinder mode to 2 (CubeIDE integrated)
2024-01-29 19:21:51,107 [INFO] UserAuth:180 - activating auth plugin
2024-01-29 19:21:51,110 [INFO] UserAuth:404 - Internet connection configuration mode: 1
2024-01-29 19:21:51,132 [INFO] JxBrowserEngine:152 - Initiate JxBrowser Engine with user profile folder
2024-01-29 19:21:51,245 [WARN] MainUpdater:1194 - Updater busy. Cannot search thirdparties
2024-01-29 19:21:51,246 [INFO] ThirdPartyUpdaterWithRetryManager:96 - Updater plugin is busy. [1/15]
2024-01-29 19:21:51,351 [INFO] CheckServerUpdateThread:120 - End of CheckServer Thread
2024-01-29 19:21:52,813 [INFO] WebApp:161 - Instantiating new browser for Auth
2024-01-29 19:21:54,344 [WARN] PackLoader:240 - Cannot read IP mode file for STMicroelectronics.X-CUBE-SMBUS.2.1.0
2024-01-29 19:21:54,349 [WARN] PackLoader:240 - Cannot read IP mode file for STMicroelectronics.X-CUBE-TOUCHGFX.4.23.0
2024-01-29 19:21:54,396 [WARN] PackLoader:240 - Cannot read IP mode file for STMicroelectronics.X-CUBE-AZRTOS-F7.1.1.0
2024-01-29 19:21:54,408 [WARN] PackLoader:240 - Cannot read IP mode file for STMicroelectronics.FP-SNS-MOTENV1.4.3.2
2024-01-29 19:21:54,414 [WARN] PackLoader:240 - Cannot read IP mode file for STMicroelectronics.FP-SNS-FLIGHT1.5.0.2
2024-01-29 19:21:54,426 [WARN] PackLoader:240 - Cannot read IP mode file for STMicroelectronics.X-CUBE-DISPLAY.3.0.0
2024-01-29 19:21:54,442 [WARN] PackLoader:240 - Cannot read IP mode file for STMicroelectronics.X-CUBE-BLE1.7.0.0
2024-01-29 19:21:54,448 [WARN] PackLoader:240 - Cannot read IP mode file for emotas.I-CUBE-CANOPEN.1.3.0
2024-01-29 19:21:54,453 [WARN] PackLoader:240 - Cannot read IP mode file for STMicroelectronics.FP-SNS-SMARTAG2.1.2.0
2024-01-29 19:21:54,473 [INFO] LogOutputStream:77 - [STDOUT_REDIRECT] 1 : Invalid condition id : UX_CORESTACK_Condition cause : null
2024-01-29 19:21:54,474 [INFO] LogOutputStream:77 - [STDOUT_REDIRECT] 1 : Invalid condition id : UX_CORESTACK_Condition cause : null
2024-01-29 19:21:54,475 [INFO] LogOutputStream:77 - [STDOUT_REDIRECT] 1 : Invalid condition id : UX_CORESTACK_Condition cause : null
2024-01-29 19:21:54,475 [INFO] LogOutputStream:77 - [STDOUT_REDIRECT] 1 : Invalid condition id : UX_CORESTACK_Condition cause : null
2024-01-29 19:21:54,476 [INFO] LogOutputStream:77 - [STDOUT_REDIRECT] 1 : Invalid condition id : UX_CORESTACK_Condition cause : null
2024-01-29 19:21:54,480 [WARN] PackLoader:240 - Cannot read IP mode file for STMicroelectronics.X-CUBE-AZRTOS-WL.2.0.0
2024-01-29 19:21:54,498 [WARN] PackLoader:240 - Cannot read IP mode file for WES.I-CUBE-Cesium.1.3.0
2024-01-29 19:21:54,504 [WARN] PackLoader:240 - Cannot read IP mode file for STMicroelectronics.X-CUBE-BLE2.3.3.0
2024-01-29 19:21:54,510 [WARN] PackLoader:240 - Cannot read IP mode file for STMicroelectronics.X-CUBE-ALGOBUILD.1.3.0
2024-01-29 19:21:54,537 [WARN] PackLoader:240 - Cannot read IP mode file for STMicroelectronics.X-CUBE-AZRTOS-G0.1.1.0
2024-01-29 19:21:54,546 [WARN] PackLoader:240 - Cannot read IP mode file for STMicroelectronics.X-CUBE-NFC4.3.0.0
2024-01-29 19:21:54,564 [WARN] PackLoader:240 - Cannot read IP mode file for STMicroelectronics.X-CUBE-BLEMGR.3.0.0
2024-01-29 19:21:54,572 [WARN] PackLoader:240 - Cannot read IP mode file for STMicroelectronics.FP-ATR-SIGFOX1.3.2.0
2024-01-29 19:21:54,581 [WARN] PackLoader:240 - Cannot read IP mode file for STMicroelectronics.X-CUBE-EEPRMA1.5.1.0
2024-01-29 19:21:54,624 [WARN] PackLoader:240 - Cannot read IP mode file for SEGGER.I-CUBE-embOS.1.3.1
2024-01-29 19:21:54,692 [WARN] PackLoader:240 - Cannot read IP mode file for STMicroelectronics.X-CUBE-GNSS1.6.0.0
2024-01-29 19:21:54,730 [WARN] PackLoader:240 - Cannot read IP mode file for STMicroelectronics.X-CUBE-AZRTOS-F4.1.1.0
2024-01-29 19:21:54,742 [WARN] PackLoader:240 - Cannot read IP mode file for wolfSSL.I-CUBE-wolfSSL.5.6.6
2024-01-29 19:21:54,779 [WARN] PackLoader:240 - Cannot read IP mode file for STMicroelectronics.X-CUBE-AZRTOS-L5.2.0.0
2024-01-29 19:21:54,794 [WARN] PackLoader:240 - Cannot read IP mode file for STMicroelectronics.X-CUBE-EEPRMA1.4.2.0
2024-01-29 19:21:54,804 [WARN] PackLoader:240 - Cannot read IP mode file for ITTIA_DB.I-CUBE-ITTIADB.8.8.0
2024-01-29 19:21:54,811 [WARN] PackLoader:240 - Cannot read IP mode file for STMicroelectronics.X-CUBE-NFC7.1.0.1
2024-01-29 19:21:54,862 [WARN] PackLoader:240 - Cannot read IP mode file for STMicroelectronics.X-CUBE-NFC6.3.0.0
2024-01-29 19:21:54,882 [WARN] PackLoader:240 - Cannot read IP mode file for STMicroelectronics.X-CUBE-AI.8.1.0
2024-01-29 19:21:54,913 [WARN] ConditionMgr:438 - getConditionDescription Invalid condition id : LAN8742 Phy interface Condition cause : null
2024-01-29 19:21:54,913 [WARN] PackLoader:240 - Cannot read IP mode file for STMicroelectronics.X-CUBE-AZRTOS-L4.2.0.0
2024-01-29 19:21:54,917 [WARN] ConditionMgr:1039 - genDependencies : Invalid condition id : LAN8742 Phy interface Condition cause : null
2024-01-29 19:21:54,918 [WARN] ConditionMgr:1039 - genDependencies : Invalid condition id : LAN8742 Phy interface Condition cause : null
2024-01-29 19:21:54,919 [WARN] ConditionMgr:1039 - genDependencies : Invalid condition id : LAN8742 Phy interface Condition cause : null
2024-01-29 19:21:54,937 [WARN] PackLoader:240 - Cannot read IP mode file for STMicroelectronics.X-CUBE-SFXS2LP1.4.0.0
2024-01-29 19:21:54,965 [WARN] ConditionMgr:438 - getConditionDescription Invalid condition id : UX DEVICE CLASS RTOS Condition cause : null
2024-01-29 19:21:54,966 [WARN] ConditionMgr:438 - getConditionDescription Invalid condition id : UX DEVICE CLASS RTOS Condition cause : null
2024-01-29 19:21:54,969 [WARN] PackLoader:240 - Cannot read IP mode file for STMicroelectronics.X-CUBE-AZRTOS-WB.2.0.0
2024-01-29 19:21:54,970 [WARN] ConditionMgr:1039 - genDependencies : Invalid condition id : UX DEVICE CLASS RTOS Condition cause : null
2024-01-29 19:21:54,971 [WARN] ConditionMgr:1039 - genDependencies : Invalid condition id : UX DEVICE CLASS RTOS Condition cause : null
2024-01-29 19:21:54,973 [WARN] ConditionMgr:1039 - genDependencies : Invalid condition id : UX DEVICE CLASS RTOS Condition cause : null
2024-01-29 19:21:54,973 [WARN] ConditionMgr:1039 - genDependencies : Invalid condition id : UX DEVICE CLASS RTOS Condition cause : null
2024-01-29 19:21:54,974 [WARN] ConditionMgr:1039 - genDependencies : Invalid condition id : UX DEVICE CLASS RTOS Condition cause : null
2024-01-29 19:21:54,989 [WARN] PackLoader:240 - Cannot read IP mode file for STMicroelectronics.X-CUBE-SUBG2.5.0.0
2024-01-29 19:21:55,022 [WARN] PackLoader:240 - Cannot read IP mode file for STMicroelectronics.X-CUBE-AZRTOS-G4.2.0.0
2024-01-29 19:21:55,040 [WARN] PackLoader:240 - Cannot read IP mode file for Infineon.AIROC-Wi-Fi-Bluetooth-STM32.1.5.1
2024-01-29 19:21:55,049 [WARN] PackLoader:240 - Cannot read IP mode file for STMicroelectronics.FP-SNS-MOTENVWB1.1.3.1
2024-01-29 19:21:55,057 [WARN] PackLoader:240 - Cannot read IP mode file for STMicroelectronics.X-CUBE-ISPU.2.0.0
2024-01-29 19:21:55,234 [WARN] PackLoader:240 - Cannot read IP mode file for STMicroelectronics.X-CUBE-MEMS1.10.0.0
2024-01-29 19:21:55,753 [WARN] PackLoader:240 - Cannot read IP mode file for STMicroelectronics.X-CUBE-FREERTOS.1.1.0
2024-01-29 19:21:55,757 [WARN] PackLoader:240 - Cannot read IP mode file for portGmbH.I-Cube-SoM-uGOAL.1.1.0
2024-01-29 19:21:55,760 [WARN] PackLoader:240 - Cannot read IP mode file for STMicroelectronics.X-CUBE-ALS.1.0.1
2024-01-29 19:21:55,764 [WARN] PackLoader:240 - Cannot read IP mode file for STMicroelectronics.FP-ATR-ASTRA1.2.0.0
2024-01-29 19:21:55,775 [WARN] PackLoader:240 - Cannot read IP mode file for STMicroelectronics.X-CUBE-TOF1.3.4.0
2024-01-29 19:21:55,804 [WARN] PackLoader:240 - Cannot read IP mode file for STMicroelectronics.X-CUBE-AZRTOS-H7.3.2.0
2024-01-29 19:21:55,812 [INFO] ThirdParty:978 - Integrity check success = true
2024-01-29 19:21:55,813 [INFO] IntegrityCheckThread:100 - exiting critical section [integrity check]
2024-01-29 19:21:55,813 [INFO] IntegrityCheckThread:103 - End integrity checks thread
2024-01-29 19:21:56,790 [INFO] WebApp:780 - Register for checkConnection events
2024-01-29 19:21:56,790 [INFO] WebApp:414 - Apply proxy settings
2024-01-29 19:21:56,791 [INFO] WebApp:499 - Chromium requires no authentication
2024-01-29 19:21:56,799 [INFO] WebApp:442 - Direct internet connection detected
2024-01-29 19:21:56,963 [INFO] WebApp:192 - Starting web application
2024-01-29 19:21:56,963 [INFO] WebApp:544 - Web application path used /opt/st/stm32cubeide_1.14.0/plugins/com.st.stm32cube.common.mx_6.10.0.202311202037/db/plugins/mcufinder/reactClient1/index.html
2024-01-29 19:22:17,505 [ERROR] LogOutputStream:75 - [STDERR_REDIRECT] SLF4J: Failed to load class "org.slf4j.impl.StaticLoggerBinder".
2024-01-29 19:22:17,506 [ERROR] LogOutputStream:75 - [STDERR_REDIRECT] SLF4J: Defaulting to no-operation (NOP) logger implementation
2024-01-29 19:22:17,507 [ERROR] LogOutputStream:75 - [STDERR_REDIRECT] SLF4J: See http://www.slf4j.org/codes.html#StaticLoggerBinder for further details.
2024-01-29 19:42:48,998 [INFO] McuFinderGlobals:63 - Set McuFinder mode to 2 (CubeIDE integrated)
2024-01-29 19:42:49,002 [INFO] MainUpdater:2873 - connection check result : 10
2024-01-29 19:42:49,002 [INFO] MainUpdater:2873 - connection check result : 10
2024-01-29 19:42:49,067 [INFO] MicroXplorer:468 - Change Database Path : 
2024-01-29 19:42:49,068 [INFO] MicroXplorer:498 - Change Database Version : DB.6.0.100
2024-01-29 19:42:49,073 [WARN] ThirdParty:871 - waiting for thirdparty lock release [close project]
2024-01-29 19:42:49,073 [INFO] ThirdParty:873 - entering critical section [close project]
2024-01-29 19:42:49,074 [INFO] ThirdParty:883 - exiting critical section [close project]
2024-01-29 19:42:49,076 [INFO] PinOutPanel:1499 - setPackage(No Configuration,No Configuration)
2024-01-29 19:42:49,080 [INFO] UtilMem:75 - Begin LoadConfig() Used Memory: 619763416 Bytes (997195776)
2024-01-29 19:42:49,082 [INFO] MicroXplorer:468 - Change Database Path : 
2024-01-29 19:42:49,082 [INFO] MicroXplorer:498 - Change Database Version : DB.6.0.100
2024-01-29 19:42:49,082 [INFO] OpenFileManager:312 - Change cursor
2024-01-29 19:42:49,105 [INFO] Mcu:2016 - Initializing MCU STM32L432K(B-C)Ux STM32L432KCUx STM32L432KCU3
2024-01-29 19:42:50,622 [INFO] Context:659 - Trying to add GPIOservice into a context  which must be forbidden
2024-01-29 19:42:52,186 [INFO] RtosManager:555 - Registered RTOS mode: class=CMSIS, group=RTOS, mode=CMSIS_V1, owner=FREERTOS
2024-01-29 19:42:52,188 [INFO] RtosManager:555 - Registered RTOS mode: class=CMSIS, group=RTOS2, mode=CMSIS_V2, owner=FREERTOS
2024-01-29 19:42:52,188 [INFO] RtosManager:555 - Registered RTOS mode: class=RTOS, group=Core, mode=CMSIS_V1, owner=FREERTOS
2024-01-29 19:42:52,188 [INFO] RtosManager:555 - Registered RTOS mode: class=RTOS, group=Core, mode=CMSIS_V2, owner=FREERTOS
2024-01-29 19:42:52,191 [WARN] ModelIntegratedComponent:184 - Missing modes for component STMicroelectronics:FreeRTOS:0.0.1:STMicroelectronics:RTOS:FreeRTOS:Core:::10.2.0:
2024-01-29 19:42:52,239 [WARN] ModelIntegratedComponent:63 - No mode defined for component null
2024-01-29 19:42:52,240 [WARN] ModelIntegratedComponent:63 - No mode defined for component null
2024-01-29 19:42:52,240 [WARN] ModelIntegratedComponent:63 - No mode defined for component null
2024-01-29 19:42:52,240 [WARN] ModelIntegratedComponent:63 - No mode defined for component null
2024-01-29 19:42:52,241 [WARN] ModelIntegratedComponent:63 - No mode defined for component null
2024-01-29 19:42:52,241 [WARN] ModelIntegratedComponent:63 - No mode defined for component null
2024-01-29 19:42:52,241 [WARN] ModelIntegratedComponent:63 - No mode defined for component null
2024-01-29 19:42:52,241 [WARN] ModelIntegratedComponent:63 - No mode defined for component null
2024-01-29 19:42:52,241 [WARN] ModelIntegratedComponent:63 - No mode defined for component null
2024-01-29 19:42:52,242 [WARN] ModelIntegratedComponent:63 - No mode defined for component null
2024-01-29 19:42:52,242 [WARN] ModelIntegratedComponent:63 - No mode defined for component null
2024-01-29 19:42:52,242 [WARN] ModelIntegratedComponent:63 - No mode defined for component null
2024-01-29 19:42:52,242 [WARN] ModelIntegratedComponent:63 - No mode defined for component null
2024-01-29 19:42:52,242 [WARN] ModelIntegratedComponent:63 - No mode defined for component null
2024-01-29 19:42:52,242 [WARN] ModelIntegratedComponent:63 - No mode defined for component null
2024-01-29 19:42:52,243 [WARN] ModelIntegratedComponent:63 - No mode defined for component null
2024-01-29 19:42:52,243 [WARN] ModelIntegratedComponent:63 - No mode defined for component null
2024-01-29 19:42:52,243 [WARN] ModelIntegratedComponent:63 - No mode defined for component null
2024-01-29 19:42:52,243 [WARN] ModelIntegratedComponent:63 - No mode defined for component null
2024-01-29 19:42:52,244 [WARN] ModelIntegratedComponent:63 - No mode defined for component null
2024-01-29 19:42:52,244 [WARN] ModelIntegratedComponent:63 - No mode defined for component null
2024-01-29 19:42:52,244 [WARN] ModelIntegratedComponent:63 - No mode defined for component null
2024-01-29 19:42:52,244 [WARN] ModelIntegratedComponent:63 - No mode defined for component null
2024-01-29 19:42:52,244 [WARN] ModelIntegratedComponent:63 - No mode defined for component null
2024-01-29 19:42:52,244 [WARN] ModelIntegratedComponent:63 - No mode defined for component null
2024-01-29 19:42:52,244 [WARN] ModelIntegratedComponent:63 - No mode defined for component null
2024-01-29 19:42:52,244 [WARN] ModelIntegratedComponent:63 - No mode defined for component null
2024-01-29 19:42:52,245 [WARN] ModelIntegratedComponent:63 - No mode defined for component null
2024-01-29 19:42:52,245 [WARN] ModelIntegratedComponent:63 - No mode defined for component null
2024-01-29 19:42:52,245 [WARN] ModelIntegratedComponent:63 - No mode defined for component null
2024-01-29 19:42:52,245 [WARN] ModelIntegratedComponent:63 - No mode defined for component null
2024-01-29 19:42:52,245 [WARN] ModelIntegratedComponent:63 - No mode defined for component null
2024-01-29 19:42:52,245 [WARN] ModelIntegratedComponent:63 - No mode defined for component null
2024-01-29 19:42:52,368 [INFO] ThirdPartyModel:298 - Start build external matchings
2024-01-29 19:42:52,647 [INFO] ThirdPartyModel:316 - End build external matchings
2024-01-29 19:42:52,658 [INFO] RtosManager:919 - Current active RTOS is FREERTOS [Cortex-M4NS]
2024-01-29 19:42:52,668 [INFO] ImportTextPane:194 - (OptionalMessage_ERROR) IP (RCC) : Invalid parameter (48CLKFreq_Value)
2024-01-29 19:42:52,668 [INFO] ImportTextPane:194 - (OptionalMessage_ERROR) IP (RCC) : Invalid parameter (FamilyName)
2024-01-29 19:42:52,669 [INFO] ImportTextPane:194 - (OptionalMessage_ERROR) IP (RCC) : Invalid parameter (HSI16_VALUE)
2024-01-29 19:42:52,669 [INFO] ImportTextPane:194 - (OptionalMessage_ERROR) IP (RCC) : Invalid parameter (LPTIMFreq_Value)
2024-01-29 19:42:52,669 [INFO] ImportTextPane:194 - (OptionalMessage_ERROR) IP (RCC) : Invalid parameter (LPUARTFreq_Value)
2024-01-29 19:42:52,669 [INFO] ImportTextPane:194 - (OptionalMessage_ERROR) IP (RCC) : Invalid parameter (MCOPinFreq_Value)
2024-01-29 19:42:52,669 [INFO] ImportTextPane:194 - (OptionalMessage_ERROR) IP (RCC) : Invalid parameter (PLLCLKFreq_Value)
2024-01-29 19:42:52,669 [INFO] ImportTextPane:194 - (OptionalMessage_ERROR) IP (RCC) : Invalid parameter (PLLMUL)
2024-01-29 19:42:52,670 [INFO] ImportTextPane:194 - (OptionalMessage_ERROR) IP (RCC) : Invalid parameter (RTCHSEDivFreq_Value)
2024-01-29 19:42:52,670 [INFO] ImportTextPane:194 - (OptionalMessage_ERROR) IP (RCC) : Invalid parameter (TIMFreq_Value)
2024-01-29 19:42:52,670 [INFO] ImportTextPane:194 - (OptionalMessage_ERROR) IP (RCC) : Invalid parameter (TimerFreq_Value)
2024-01-29 19:42:52,822 [INFO] UtilMem:75 - End LoadConfig() Used Memory: 488017208 Bytes (997195776)
2024-01-29 19:42:52,947 [INFO] ApiDb:581 - Connected to CubeFinder SQLite database (/home/aneesh/.stmcufinder/plugins/mcufinder/mcu/cube-finder-db.db)
2024-01-29 19:42:52,996 [INFO] ApiDb:668 - CubeFinder database Data Model version=2.1
2024-01-29 19:42:52,996 [INFO] ApiDb:669 - CubeFinder database Configuration version=3.0.39
2024-01-29 19:42:52,998 [INFO] ApiDb:670 - CubeFinder database generation date=2023-12-08 (1702028721)
2024-01-29 19:42:52,998 [INFO] ApiDb:671 - CubeFinder database FW Pack versions=[FP-ATR-ASTRA1_V2.0.0, FP-SNS-FLIGHT1_V5.0.1, FP-SNS-FLIGHT1_V5.0.2, FP-SNS-MOTENV1_V4.3.1, FP-SNS-MOTENV1_V4.3.2, FP-SNS-MOTENVWB1_V1.3.1, FP-SNS-SMARTAG2_V1.2.0, STM32Cube_FW_C0_V1.1.0, STM32Cube_FW_F4_V1.28.0, STM32Cube_FW_F7_V1.17.0, STM32Cube_FW_G0_V1.6.1, STM32Cube_FW_G4_V1.5.1, STM32Cube_FW_H5_V0.5.1, STM32Cube_FW_H5_V1.1.1, STM32Cube_FW_H5_V1.2.0RC2, STM32Cube_FW_H7_V1.11.0, STM32Cube_FW_L0_V1.12.2, STM32Cube_FW_L5_V1.5.0, STM32Cube_FW_U5_V1.3.0RC4, STM32Cube_FW_U5_V1.4.0, STM32Cube_FW_WBA_V1.0.0RC1, STM32Cube_FW_WBA_V1.1.0RC1, STM32Cube_FW_WBA_V1.2.0, STM32Cube_FW_WBA_V1.2.0RC2, STM32Cube_FW_WB_V1.15.0RC1, STM32Cube_FW_WB_V1.16.0, STM32Cube_FW_WB_V1.16.0RC2, STM32Cube_FW_WB_V1.18.0, STM32Cube_FW_WL_V1.3.0, X-CUBE-ALGOBUILD_V1.3.0, X-CUBE-ALS_V1.0.1, X-CUBE-AZRTOS-F4_V1.1.0, X-CUBE-AZRTOS-F7_V1.1.0, X-CUBE-AZRTOS-G0_V1.1.0, X-CUBE-AZRTOS-G4_V2.0.0, X-CUBE-AZRTOS-H7_V3.1.0, X-CUBE-AZRTOS-L4_V1.0.0, X-CUBE-AZRTOS-L4_V2.0.0, X-CUBE-AZRTOS-L5_V1.1.0, X-CUBE-AZRTOS-WB_V2.0.0, X-CUBE-AZRTOS-WL_V2.0.0, X-CUBE-BLE1_V7.0.0, X-CUBE-BLE2_V3.3.0, X-CUBE-BLEMGR_V3.0.0, X-CUBE-EEPRMA1_V4.1.0, X-CUBE-EEPRMA1_V4.2.0, X-CUBE-FREERTOS_V1.1.0, X-CUBE-GNSS1_V6.0.0, X-CUBE-MEMS1_V10.0.0, X-CUBE-MEMS1_V9.1.0, X-CUBE-MEMS1_V9.4.0, X-CUBE-MEMS1_V9.6.0, X-CUBE-NFC4_V3.0.0, X-CUBE-NFC7_V1.0.1, X-CUBE-SFXS2LP1_V4.0.0, X-CUBE-SUBG2_V5.0.0, X-CUBE-TOF1_V3.4.0]
2024-01-29 19:42:55,051 [INFO] ApiDb:240 - Found 371 in-development CPN: [B-G473E-ZEST1S, B-WB1M-WPAN1, B-WL5M-SUBG1, NUCLEO-C031C6, NUCLEO-H503RB, NUCLEO-H563ZI, NUCLEO-U545RE-Q, NUCLEO-U5A5ZJ-Q, NUCLEO-WBA52CG, NUCLEO-WBA55CG, STEVAL-MKBOXPRO, STEVAL-PROTEUS1, STEVAL-STWINBX1, STM320518-EVAL, STM32C0116-DK, STM32C011D6Y3TR, STM32C011D6Y6TR, STM32C011F4P3, STM32C011F4P6, STM32C011F4U3, STM32C011F4U6TR, STM32C011F6P3, STM32C011F6P6, STM32C011F6U3, STM32C011F6U6TR, STM32C011J4M3, STM32C011J4M6, STM32C011J6M3, STM32C011J6M6, STM32C0316-DK, STM32C031C4T3, STM32C031C4T6, STM32C031C4U3, STM32C031C4U6, STM32C031C6T3, STM32C031C6T6, STM32C031C6U3, STM32C031C6U6, STM32C031F4P3, STM32C031F4P6, STM32C031F6P3, STM32C031F6P6, STM32C031G4U3, STM32C031G4U6, STM32C031G6U3, STM32C031G6U6, STM32C031K4T3, STM32C031K4T6, STM32C031K4U3, STM32C031K4U6, STM32C031K6T3, STM32C031K6T6, STM32C031K6U3, STM32C031K6U6, STM32G071K8TXN, STM32G071K8UXN, STM32G081GBU6N, STM32G081KBT6N, STM32G081KBUXN, STM32G0B1CCT6N, STM32G0B1KCT6, STM32G0B1NEY6TR, STM32G0B1RCT6N, STM32G0C1CCT6, STM32G0C1CCT6N, STM32G0C1CCU6N, STM32G0C1CET6N, STM32G0C1CEU6N, STM32G0C1KCT6, STM32G0C1NEY6TR, STM32G0C1RCI6N, STM32G0C1RCT6N, STM32G0C1REI6N, STM32G0C1RET6N, STM32G0C1VCI6, STM32G0C1VEI6, STM32G471CCT6, STM32G471CCU6, STM32G471CET3, STM32G471CET6, STM32G471CEU3, STM32G471CEU6, STM32G471MCT6, STM32G471MET3, STM32G471MET6, STM32G471MEY6TR, STM32G471QCT6, STM32G471QET3, STM32G471RCT6, STM32G471RET3, STM32G471RET6, STM32G471VCH6, STM32G471VCI6, STM32G471VCT6, STM32G471VEH3, STM32G471VEH6, STM32G471VEI3, STM32G471VEI6, STM32G471VET3, STM32G471VET6, STM32G474CCT6, STM32H503CBT6, STM32H503CBU6, STM32H503EBY6TR, STM32H503KBU6, STM32H503RBT6, STM32H562AGI6, STM32H562AII6, STM32H562IGK6, STM32H562IGT6, STM32H562IIK6, STM32H562IIT6, STM32H562RGT6, STM32H562RGV6, STM32H562RIT6, STM32H562RIV6, STM32H562VGT6, STM32H562VIT6, STM32H562ZGT6, STM32H562ZIT6, STM32H563AGI6, STM32H563AII3Q, STM32H563AII6, STM32H563IGK6, STM32H563IGT6, STM32H563IIK3Q, STM32H563IIK6, STM32H563IIT3Q, STM32H563IIT6, STM32H563MIY3QTR, STM32H563RGT6, STM32H563RGV6, STM32H563RIT6, STM32H563RIV6, STM32H563VGT6, STM32H563VIT3Q, STM32H563VIT6, STM32H563ZGT6, STM32H563ZIT3Q, STM32H563ZIT6, STM32H573AII3Q, STM32H573AII6, STM32H573I-DK, STM32H573IIK3Q, STM32H573IIK6, STM32H573IIT3Q, STM32H573IIT6, STM32H573MIY3QTR, STM32H573RIT6, STM32H573RIV6, STM32H573VIT3Q, STM32H573VIT6, STM32H573ZIT3Q, STM32H573ZIT6, STM32L4R5QGI6STR, STM32MP131AAE3, STM32MP131AAF3, STM32MP131AAG3, STM32MP131CAE3, STM32MP131CAF3, STM32MP131CAG3, STM32MP131DAE7, STM32MP131DAF7, STM32MP131DAG7, STM32MP131FAE7, STM32MP131FAF7, STM32MP131FAG7, STM32MP133AAE3, STM32MP133AAF3, STM32MP133AAG3, STM32MP133CAE3, STM32MP133CAF3, STM32MP133CAG3, STM32MP133DAE7, STM32MP133DAF7, STM32MP133DAG7, STM32MP133FAE7, STM32MP133FAF7, STM32MP133FAG7, STM32MP135AAE3, STM32MP135AAF3, STM32MP135AAG3, STM32MP135CAE3, STM32MP135CAF3, STM32MP135CAG3, STM32MP135DAE7, STM32MP135DAF7, STM32MP135DAG7, STM32MP135F-DK, STM32MP135FAE7, STM32MP135FAF7, STM32MP135FAF7T, STM32MP135FAF7U, STM32MP135FAG7, STM32U535CBT6, STM32U535CBT6Q, STM32U535CBU6, STM32U535CBU6Q, STM32U535CCT6, STM32U535CCT6Q, STM32U535CCU6, STM32U535CCU6Q, STM32U535CET6, STM32U535CET6Q, STM32U535CEU6, STM32U535CEU6Q, STM32U535JEY6QTR, STM32U535NCY6QTR, STM32U535NEY6QTR, STM32U535RBI6, STM32U535RBI6Q, STM32U535RBT6, STM32U535RBT6Q, STM32U535RCI6, STM32U535RCI6Q, STM32U535RCT6, STM32U535RCT6Q, STM32U535REI6, STM32U535REI6Q, STM32U535RET6, STM32U535RET6Q, STM32U535VCI6, STM32U535VCI6Q, STM32U535VCT6, STM32U535VCT6Q, STM32U535VEI6, STM32U535VEI6Q, STM32U535VET6, STM32U535VET6Q, STM32U545CET6, STM32U545CET6Q, STM32U545CEU6, STM32U545CEU6Q, STM32U545JEY6QTR, STM32U545NEY6QTR, STM32U545REI6, STM32U545REI6Q, STM32U545RET6, STM32U545RET6Q, STM32U545VEI6, STM32U545VEI6Q, STM32U545VET6, STM32U545VET6Q, STM32U595AIH6, STM32U595AIH6Q, STM32U595AJH6, STM32U595AJH6Q, STM32U595QII6, STM32U595QII6Q, STM32U595QJI6, STM32U595QJI6Q, STM32U595RIT6, STM32U595RIT6Q, STM32U595RJT6, STM32U595RJT6Q, STM32U595VIT6, STM32U595VIT6Q, STM32U595VJT6, STM32U595VJT6Q, STM32U595ZIT6, STM32U595ZIT6Q, STM32U595ZIY6QTR, STM32U595ZJT6, STM32U595ZJT6Q, STM32U595ZJY6QTR, STM32U599BJY6QTR, STM32U599NIH6Q, STM32U599NJH6Q, STM32U599VIT6Q, STM32U599VJT6, STM32U599VJT6Q, STM32U599ZIT6Q, STM32U599ZIY6QTR, STM32U599ZJT6Q, STM32U599ZJY6QTR, STM32U5A5AJH6, STM32U5A5AJH6Q, STM32U5A5QJI6, STM32U5A5QJI6Q, STM32U5A5RJT6, STM32U5A5RJT6Q, STM32U5A5VJT6, STM32U5A5VJT6Q, STM32U5A5ZJT6, STM32U5A5ZJT6Q, STM32U5A5ZJY6QTR, STM32U5A9BJY6QTR, STM32U5A9J-DK, STM32U5A9NJH6Q, STM32U5A9VJT6Q, STM32U5A9ZJT6Q, STM32U5A9ZJY6QTR, STM32U5F7VIT6, STM32U5F7VIT6Q, STM32U5F7VJT6, STM32U5F7VJT6Q, STM32U5F9BJY6QTR, STM32U5F9NJH6Q, STM32U5F9VIT6Q, STM32U5F9VJT6Q, STM32U5F9ZIJ6QTR, STM32U5F9ZIT6Q, STM32U5F9ZJJ6QTR, STM32U5F9ZJT6Q, STM32U5G7VJT6, STM32U5G7VJT6Q, STM32U5G9BJY6QTR, STM32U5G9J-DK1, STM32U5G9J-DK2, STM32U5G9NJH6Q, STM32U5G9VJT6Q, STM32U5G9ZJJ6QTR, STM32U5G9ZJT6Q, STM32WB1MMCH6, STM32WBA50KEU6, STM32WBA50KEU6TR, STM32WBA50KGU6, STM32WBA50KGU6TR, STM32WBA52CEU6, STM32WBA52CEU6TR, STM32WBA52CEU7, STM32WBA52CEU7TR, STM32WBA52CGU6, STM32WBA52CGU6TR, STM32WBA52CGU6U, STM32WBA52CGU7, STM32WBA52CGU7TR, STM32WBA52KEU6, STM32WBA52KEU6TR, STM32WBA52KGU6, STM32WBA52KGU6TR, STM32WBA54CEU6, STM32WBA54CEU6TR, STM32WBA54CEU7, STM32WBA54CEU7TR, STM32WBA54CGU6, STM32WBA54CGU6TR, STM32WBA54CGU7, STM32WBA54CGU7TR, STM32WBA54KEU6, STM32WBA54KEU6TR, STM32WBA54KEU7, STM32WBA54KEU7TR, STM32WBA54KGU6, STM32WBA54KGU6TR, STM32WBA54KGU7, STM32WBA54KGU7TR, STM32WBA55CEU6, STM32WBA55CEU6TR, STM32WBA55CEU7, STM32WBA55CEU7TR, STM32WBA55CGU6, STM32WBA55CGU6TR, STM32WBA55CGU6U, STM32WBA55CGU7, STM32WBA55CGU7TR, STM32WBA55G-DK1, STM32WBA55HEF6, STM32WBA55HEF7, STM32WBA55HGF6, STM32WBA55HGF7, STM32WBA55UEI6, STM32WBA55UEI6TR, STM32WBA55UEI7, STM32WBA55UEI7TR, STM32WBA55UGI6, STM32WBA55UGI6TR, STM32WBA55UGI7, STM32WBA55UGI7TR, STM32WL5MOCH6, STM32WL5MOCH6TR]
2024-01-29 19:42:55,057 [INFO] DbMcus:218 - Found 3930 MCUs, 3930 are supported
2024-01-29 19:42:55,058 [INFO] ApiDb:423 - Load user favorites file /home/aneesh/.stm32cubeide/favorites.mcus.txt: 0 item(s)
2024-01-29 19:42:55,058 [INFO] ApiDb:427 - User favorites MCUs=[]
2024-01-29 19:42:55,058 [INFO] DbMcus:224 - Set 0 / 0 favorites MCUs
2024-01-29 19:42:55,363 [INFO] MicroXplorer:468 - Change Database Path : 
2024-01-29 19:42:55,363 [INFO] MicroXplorer:498 - Change Database Version : DB.6.0.100
2024-01-29 19:42:55,363 [WARN] ThirdParty:833 - waiting for thirdparty lock release [change project]
2024-01-29 19:42:55,363 [INFO] ThirdParty:835 - entering critical section [change project]
2024-01-29 19:42:55,364 [INFO] ThirdParty:1030 - CMSIS Pack Vendor :STMicroelectronics USBPD 4.1
2024-01-29 19:42:55,364 [INFO] ThirdParty:1030 - CMSIS Pack Vendor :STMicroelectronics X-CUBE-GNSS1 6.0.0
2024-01-29 19:42:55,364 [INFO] ThirdParty:1030 - CMSIS Pack Vendor :STMicroelectronics USB_HOST 2.0.0
2024-01-29 19:42:55,364 [INFO] ThirdParty:1030 - CMSIS Pack Vendor :STMicroelectronics X-CUBE-AZRTOS-F4 1.1.0
2024-01-29 19:42:55,364 [INFO] ThirdParty:1030 - CMSIS Pack Vendor :STMicroelectronics LIBJPEG 8.0.0
2024-01-29 19:42:55,364 [INFO] ThirdParty:1030 - CMSIS Pack Vendor :STMicroelectronics X-CUBE-SMBUS 2.1.0
2024-01-29 19:42:55,364 [INFO] ThirdParty:1030 - CMSIS Pack Vendor :STMicroelectronics USB_DEVICE 3.0.0
2024-01-29 19:42:55,364 [INFO] ThirdParty:1030 - CMSIS Pack Vendor :STMicroelectronics X-CUBE-AZRTOS-WB 2.0.0
2024-01-29 19:42:55,364 [INFO] ThirdParty:1030 - CMSIS Pack Vendor :wolfSSL I-CUBE-wolfSSL 5.6.6
2024-01-29 19:42:55,364 [INFO] ThirdParty:1030 - CMSIS Pack Vendor :STMicroelectronics X-CUBE-TOUCHGFX 4.23.0
2024-01-29 19:42:55,364 [INFO] ThirdParty:1030 - CMSIS Pack Vendor :STMicroelectronics X-CUBE-AZRTOS-F7 1.1.0
2024-01-29 19:42:55,364 [INFO] ThirdParty:1030 - CMSIS Pack Vendor :STMicroelectronics X-CUBE-AZRTOS-L5 2.0.0
2024-01-29 19:42:55,364 [INFO] ThirdParty:1030 - CMSIS Pack Vendor :STMicroelectronics USB_DEVICE 2.0.0
2024-01-29 19:42:55,364 [INFO] ThirdParty:1030 - CMSIS Pack Vendor :STMicroelectronics X-CUBE-EEPRMA1 4.2.0
2024-01-29 19:42:55,364 [INFO] ThirdParty:1030 - CMSIS Pack Vendor :ITTIA_DB I-CUBE-ITTIADB 8.8.0
2024-01-29 19:42:55,364 [INFO] ThirdParty:1030 - CMSIS Pack Vendor :STMicroelectronics FP-SNS-MOTENV1 4.3.2
2024-01-29 19:42:55,364 [INFO] ThirdParty:1030 - CMSIS Pack Vendor :STMicroelectronics X-CUBE-ALGOBUILD 1.3.0
2024-01-29 19:42:55,364 [INFO] ThirdParty:1030 - CMSIS Pack Vendor :STMicroelectronics FreeRTOS 0.0.1
2024-01-29 19:42:55,364 [INFO] ThirdParty:1030 - CMSIS Pack Vendor :STMicroelectronics X-CUBE-AZRTOS-G0 1.1.0
2024-01-29 19:42:55,364 [INFO] ThirdParty:1030 - CMSIS Pack Vendor :STMicroelectronics X-CUBE-NFC4 3.0.0
2024-01-29 19:42:55,365 [INFO] ThirdParty:1030 - CMSIS Pack Vendor :STMicroelectronics X-CUBE-SUBG2 5.0.0
2024-01-29 19:42:55,365 [INFO] ThirdParty:1030 - CMSIS Pack Vendor :STMicroelectronics STM32_WPAN 1.0.0
2024-01-29 19:42:55,365 [INFO] ThirdParty:1030 - CMSIS Pack Vendor :STMicroelectronics lwIP 2.0.3
2024-01-29 19:42:55,365 [INFO] ThirdParty:1030 - CMSIS Pack Vendor :STMicroelectronics FP-SNS-FLIGHT1 5.0.2
2024-01-29 19:42:55,365 [INFO] ThirdParty:1030 - CMSIS Pack Vendor :STMicroelectronics USB_HOST 1.0.0
2024-01-29 19:42:55,365 [INFO] ThirdParty:1030 - CMSIS Pack Vendor :STMicroelectronics X-CUBE-AZRTOS-G4 2.0.0
2024-01-29 19:42:55,365 [INFO] ThirdParty:1030 - CMSIS Pack Vendor :STMicroelectronics PDM2PCM 3.1.0
2024-01-29 19:42:55,365 [INFO] ThirdParty:1030 - CMSIS Pack Vendor :Infineon AIROC-Wi-Fi-Bluetooth-STM32 1.5.1
2024-01-29 19:42:55,365 [INFO] ThirdParty:1030 - CMSIS Pack Vendor :STMicroelectronics X-CUBE-BLEMGR 3.0.0
2024-01-29 19:42:55,365 [INFO] ThirdParty:1030 - CMSIS Pack Vendor :STMicroelectronics PDM2PCM 3.3.0
2024-01-29 19:42:55,365 [INFO] ThirdParty:1030 - CMSIS Pack Vendor :STMicroelectronics X-CUBE-DISPLAY 3.0.0
2024-01-29 19:42:55,365 [INFO] ThirdParty:1030 - CMSIS Pack Vendor :STMicroelectronics FP-SNS-MOTENVWB1 1.3.1
2024-01-29 19:42:55,365 [INFO] ThirdParty:1030 - CMSIS Pack Vendor :STMicroelectronics X-CUBE-BLE1 7.0.0
2024-01-29 19:42:55,365 [INFO] ThirdParty:1030 - CMSIS Pack Vendor :STMicroelectronics FP-ATR-SIGFOX1 3.2.0
2024-01-29 19:42:55,365 [INFO] ThirdParty:1030 - CMSIS Pack Vendor :STMicroelectronics X-CUBE-ISPU 2.0.0
2024-01-29 19:42:55,365 [INFO] ThirdParty:1030 - CMSIS Pack Vendor :STMicroelectronics X-CUBE-EEPRMA1 5.1.0
2024-01-29 19:42:55,365 [INFO] ThirdParty:1030 - CMSIS Pack Vendor :STMicroelectronics HAL Drivers 0.0.0
2024-01-29 19:42:55,365 [INFO] ThirdParty:1030 - CMSIS Pack Vendor :STMicroelectronics MBEDTLS 2.16.2
2024-01-29 19:42:55,365 [INFO] ThirdParty:1030 - CMSIS Pack Vendor :emotas I-CUBE-CANOPEN 1.3.0
2024-01-29 19:42:55,365 [INFO] ThirdParty:1030 - CMSIS Pack Vendor :STMicroelectronics X-CUBE-MEMS1 10.0.0
2024-01-29 19:42:55,366 [INFO] ThirdParty:1030 - CMSIS Pack Vendor :STMicroelectronics X-CUBE-FREERTOS 1.1.0
2024-01-29 19:42:55,366 [INFO] ThirdParty:1030 - CMSIS Pack Vendor :STMicroelectronics X-CUBE-NFC7 1.0.1
2024-01-29 19:42:55,366 [INFO] ThirdParty:1030 - CMSIS Pack Vendor :STMicroelectronics MBEDTLS 2.14.1
2024-01-29 19:42:55,366 [INFO] ThirdParty:1030 - CMSIS Pack Vendor :STMicroelectronics X-CUBE-NFC6 3.0.0
2024-01-29 19:42:55,366 [INFO] ThirdParty:1030 - CMSIS Pack Vendor :portGmbH I-Cube-SoM-uGOAL 1.1.0
2024-01-29 19:42:55,366 [INFO] ThirdParty:1030 - CMSIS Pack Vendor :STMicroelectronics X-CUBE-ALS 1.0.1
2024-01-29 19:42:55,366 [INFO] ThirdParty:1030 - CMSIS Pack Vendor :STMicroelectronics ThreadX 1.0.0
2024-01-29 19:42:55,366 [INFO] ThirdParty:1030 - CMSIS Pack Vendor :STMicroelectronics FP-SNS-SMARTAG2 1.2.0
2024-01-29 19:42:55,366 [INFO] ThirdParty:1030 - CMSIS Pack Vendor :STMicroelectronics X-CUBE-AZRTOS-WL 2.0.0
2024-01-29 19:42:55,366 [INFO] ThirdParty:1030 - CMSIS Pack Vendor :SEGGER I-CUBE-embOS 1.3.1
2024-01-29 19:42:55,366 [INFO] ThirdParty:1030 - CMSIS Pack Vendor :STMicroelectronics USB_DEVICE 1.0.0
2024-01-29 19:42:55,366 [INFO] ThirdParty:1030 - CMSIS Pack Vendor :STMicroelectronics X-CUBE-AI 8.1.0
2024-01-29 19:42:55,366 [INFO] ThirdParty:1030 - CMSIS Pack Vendor :STMicroelectronics X-CUBE-AZRTOS-L4 2.0.0
2024-01-29 19:42:55,366 [INFO] ThirdParty:1030 - CMSIS Pack Vendor :STMicroelectronics ThreadX 0.0.2
2024-01-29 19:42:55,366 [INFO] ThirdParty:1030 - CMSIS Pack Vendor :WES I-CUBE-Cesium 1.3.0
2024-01-29 19:42:55,366 [INFO] ThirdParty:1030 - CMSIS Pack Vendor :STMicroelectronics FP-ATR-ASTRA1 2.0.0
2024-01-29 19:42:55,366 [INFO] ThirdParty:1030 - CMSIS Pack Vendor :STMicroelectronics lwIP 2.1.2
2024-01-29 19:42:55,366 [INFO] ThirdParty:1030 - CMSIS Pack Vendor :STMicroelectronics X-CUBE-SFXS2LP1 4.0.0
2024-01-29 19:42:55,366 [INFO] ThirdParty:1030 - CMSIS Pack Vendor :STMicroelectronics X-CUBE-BLE2 3.3.0
2024-01-29 19:42:55,366 [INFO] ThirdParty:1030 - CMSIS Pack Vendor :STMicroelectronics X-CUBE-TOF1 3.4.0
2024-01-29 19:42:55,367 [INFO] ThirdParty:1030 - CMSIS Pack Vendor :STMicroelectronics X-CUBE-AZRTOS-H7 3.2.0
2024-01-29 19:42:55,367 [INFO] ThirdParty:1030 - CMSIS Pack Vendor :STMicroelectronics PDM2PCM 3.2.0
2024-01-29 19:42:55,367 [INFO] ThirdParty:841 - exiting critical section [change project]
2024-01-29 19:42:55,630 [INFO] PinOutPanel:1499 - setPackage(No Configuration,No Configuration)
2024-01-29 19:42:55,631 [INFO] PinOutPanel:1499 - setPackage(STM32L432KCUx,UFQFPN32)
2024-01-29 19:42:56,100 [INFO] UtilMem:75 - Before build in PCC Used Memory: 276644088 Bytes (793772032)
2024-01-29 19:42:56,765 [INFO] UtilMem:75 - After build in PCC Used Memory: 470106456 Bytes (793772032)
2024-01-29 19:42:56,825 [INFO] ApiDbMcu:508 - Load IP Config File for FREERTOS
2024-01-29 19:42:56,851 [INFO] IPUIPlugin:80 - create IPUIPlugin
2024-01-29 19:42:56,851 [INFO] IPUIPlugin:80 - create IPUIPlugin
2024-01-29 19:42:56,851 [INFO] IPUIPlugin:80 - create IPUIPlugin
2024-01-29 19:42:56,851 [INFO] IPUIPlugin:80 - create IPUIPlugin
2024-01-29 19:42:56,851 [INFO] IPUIPlugin:80 - create IPUIPlugin
2024-01-29 19:42:56,852 [INFO] IPUIPlugin:80 - create IPUIPlugin
2024-01-29 19:42:56,852 [INFO] IPUIPlugin:80 - create IPUIPlugin
2024-01-29 19:42:56,852 [INFO] IPUIPlugin:80 - create IPUIPlugin
2024-01-29 19:42:56,852 [INFO] IPUIPlugin:80 - create IPUIPlugin
2024-01-29 19:42:56,852 [INFO] IPUIPlugin:80 - create IPUIPlugin
2024-01-29 19:42:56,852 [INFO] IPUIPlugin:80 - create IPUIPlugin
2024-01-29 19:42:56,852 [INFO] IPUIPlugin:80 - create IPUIPlugin
2024-01-29 19:42:56,853 [INFO] IPUIPlugin:80 - create IPUIPlugin
2024-01-29 19:42:56,853 [INFO] IPUIPlugin:80 - create IPUIPlugin
2024-01-29 19:42:56,853 [INFO] IPUIPlugin:80 - create IPUIPlugin
2024-01-29 19:42:56,853 [INFO] IPUIPlugin:80 - create IPUIPlugin
2024-01-29 19:42:56,853 [INFO] IPUIPlugin:80 - create IPUIPlugin
2024-01-29 19:42:56,853 [INFO] IPUIPlugin:80 - create IPUIPlugin
2024-01-29 19:42:56,853 [INFO] IPUIPlugin:80 - create IPUIPlugin
2024-01-29 19:42:56,854 [INFO] IPUIPlugin:80 - create IPUIPlugin
2024-01-29 19:42:56,854 [INFO] IPUIPlugin:80 - create IPUIPlugin
2024-01-29 19:42:56,854 [INFO] IPUIPlugin:80 - create IPUIPlugin
2024-01-29 19:42:56,854 [INFO] IPUIPlugin:80 - create IPUIPlugin
2024-01-29 19:42:56,854 [INFO] IPUIPlugin:80 - create IPUIPlugin
2024-01-29 19:42:56,854 [INFO] IPUIPlugin:80 - create IPUIPlugin
2024-01-29 19:42:56,854 [INFO] IPUIPlugin:80 - create IPUIPlugin
2024-01-29 19:42:56,855 [INFO] IPUIPlugin:80 - create IPUIPlugin
2024-01-29 19:42:56,855 [INFO] IPUIPlugin:80 - create IPUIPlugin
2024-01-29 19:42:56,855 [INFO] IPUIPlugin:80 - create IPUIPlugin
2024-01-29 19:42:56,855 [INFO] IPUIPlugin:80 - create IPUIPlugin
2024-01-29 19:42:56,855 [INFO] IPUIPlugin:80 - create IPUIPlugin
2024-01-29 19:42:56,855 [INFO] IPUIPlugin:80 - create IPUIPlugin
2024-01-29 19:42:56,855 [INFO] IPUIPlugin:80 - create IPUIPlugin
2024-01-29 19:42:56,855 [INFO] IPUIPlugin:80 - create IPUIPlugin
2024-01-29 19:42:56,856 [INFO] IPUIPlugin:80 - create IPUIPlugin
2024-01-29 19:42:56,856 [INFO] IPUIPlugin:80 - create IPUIPlugin
2024-01-29 19:42:56,856 [INFO] IPUIPlugin:80 - create IPUIPlugin
2024-01-29 19:42:56,856 [INFO] IPUIPlugin:80 - create IPUIPlugin
2024-01-29 19:42:56,857 [INFO] IPUIPlugin:80 - create IPUIPlugin
2024-01-29 19:42:56,857 [INFO] IPUIPlugin:80 - create IPUIPlugin
2024-01-29 19:42:56,857 [INFO] IPUIPlugin:80 - create IPUIPlugin
2024-01-29 19:42:56,906 [WARN] FreeRTOS:1023 - Null or empty value: should not occur! (nothing added to the table)
2024-01-29 19:42:57,048 [INFO] CADModel:165 - CPN selected for project levelSTM32L432KCU3
2024-01-29 19:42:57,048 [INFO] CADModel:114 - Register for checkConnection events
2024-01-29 19:42:57,050 [INFO] RtosManager:697 - Active RTOS found at IOC load: FREERTOS [Cortex-M4NS]
2024-01-29 19:42:57,089 [INFO] OpenFileManager:343 - Restore cursor
2024-01-29 19:43:21,315 [INFO] NvicIntPanel:101 - NVIC parent = com.st.microxplorer.plugins.ip.nvic.MultiNvicIntPanel[,0,0,1143x734,layout=javax.swing.BoxLayout,alignmentX=0.0,alignmentY=0.0,border=,flags=9,maximumSize=,minimumSize=,preferredSize=]
2024-01-29 19:44:32,764 [INFO] UtilMem:75 - End SaveConfig() Used Memory: 601712480 Bytes (793772032)
2024-01-29 19:44:45,166 [INFO] BlockDiagram:2759 - set Specific Code input for plugin: NVIC
2024-01-29 19:44:45,166 [INFO] BlockDiagram:2759 - set Specific Code input for plugin: FREERTOS
2024-01-29 19:44:45,166 [INFO] BlockDiagram:2759 - set Specific Code input for plugin: USART
2024-01-29 19:44:45,166 [INFO] BlockDiagram:2759 - set Specific Code input for plugin: USART
2024-01-29 19:44:45,166 [INFO] BlockDiagram:2759 - set Specific Code input for plugin: SYS
2024-01-29 19:44:45,167 [INFO] BlockDiagram:2759 - set Specific Code input for plugin: GPIO
2024-01-29 19:44:45,167 [INFO] BlockDiagram:2759 - set Specific Code input for plugin: RCC
2024-01-29 19:44:45,168 [INFO] CodeGenerator:807 - code generatio: config db path: /opt/st/stm32cubeide_1.14.0/plugins/com.st.stm32cube.common.mx_6.10.0.202311202037//db/
2024-01-29 19:44:45,469 [INFO] CodeEngine:255 - oldGeneratedFile, /home/aneesh/Desktop/stop_watch_LCD/cubeIDE_stopWatchLCD/stop_watch_project/MXTmpFiles/license.tmp_save
2024-01-29 19:44:45,914 [INFO] CodeEngine:279 - Generated code: /home/aneesh/Desktop/stop_watch_LCD/cubeIDE_stopWatchLCD/stop_watch_project/MXTmpFiles/license.tmp
2024-01-29 19:44:45,974 [INFO] CodeEngine:255 - oldGeneratedFile, /home/aneesh/Desktop/stop_watch_LCD/cubeIDE_stopWatchLCD/stop_watch_project/MXTmpFiles/gpio.tmp_save
2024-01-29 19:44:46,098 [INFO] CodeEngine:279 - Generated code: /home/aneesh/Desktop/stop_watch_LCD/cubeIDE_stopWatchLCD/stop_watch_project/MXTmpFiles/gpio.tmp
2024-01-29 19:44:46,331 [INFO] Middleware:1439 - No code input for Bsp Dependency
2024-01-29 19:44:46,336 [INFO] CodeEngine:255 - oldGeneratedFile, /home/aneesh/Desktop/stop_watch_LCD/cubeIDE_stopWatchLCD/stop_watch_project/MXTmpFiles/rtos_inc.tmp_save
2024-01-29 19:44:46,459 [INFO] CodeEngine:279 - Generated code: /home/aneesh/Desktop/stop_watch_LCD/cubeIDE_stopWatchLCD/stop_watch_project/MXTmpFiles/rtos_inc.tmp
2024-01-29 19:44:46,462 [INFO] CodeEngine:255 - oldGeneratedFile, /home/aneesh/Desktop/stop_watch_LCD/cubeIDE_stopWatchLCD/stop_watch_project/MXTmpFiles/rtos_kernelInit.tmp_save
2024-01-29 19:44:46,581 [INFO] CodeEngine:279 - Generated code: /home/aneesh/Desktop/stop_watch_LCD/cubeIDE_stopWatchLCD/stop_watch_project/MXTmpFiles/rtos_kernelInit.tmp
2024-01-29 19:44:46,583 [INFO] CodeEngine:255 - oldGeneratedFile, /home/aneesh/Desktop/stop_watch_LCD/cubeIDE_stopWatchLCD/stop_watch_project/MXTmpFiles/rtos_kernelStart.tmp_save
2024-01-29 19:44:46,680 [INFO] CodeEngine:279 - Generated code: /home/aneesh/Desktop/stop_watch_LCD/cubeIDE_stopWatchLCD/stop_watch_project/MXTmpFiles/rtos_kernelStart.tmp
2024-01-29 19:44:46,682 [INFO] CodeEngine:255 - oldGeneratedFile, /home/aneesh/Desktop/stop_watch_LCD/cubeIDE_stopWatchLCD/stop_watch_project/MXTmpFiles/rtos_typedefs.tmp_save
2024-01-29 19:44:46,750 [INFO] CodeEngine:279 - Generated code: /home/aneesh/Desktop/stop_watch_LCD/cubeIDE_stopWatchLCD/stop_watch_project/MXTmpFiles/rtos_typedefs.tmp
2024-01-29 19:44:46,751 [INFO] CodeEngine:255 - oldGeneratedFile, /home/aneesh/Desktop/stop_watch_LCD/cubeIDE_stopWatchLCD/stop_watch_project/MXTmpFiles/rtos_vars.tmp_save
2024-01-29 19:44:46,818 [INFO] CodeEngine:279 - Generated code: /home/aneesh/Desktop/stop_watch_LCD/cubeIDE_stopWatchLCD/stop_watch_project/MXTmpFiles/rtos_vars.tmp
2024-01-29 19:44:46,819 [INFO] CodeEngine:255 - oldGeneratedFile, /home/aneesh/Desktop/stop_watch_LCD/cubeIDE_stopWatchLCD/stop_watch_project/MXTmpFiles/rtos_pfp.tmp_save
2024-01-29 19:44:46,888 [INFO] CodeEngine:279 - Generated code: /home/aneesh/Desktop/stop_watch_LCD/cubeIDE_stopWatchLCD/stop_watch_project/MXTmpFiles/rtos_pfp.tmp
2024-01-29 19:44:46,890 [INFO] CodeEngine:255 - oldGeneratedFile, /home/aneesh/Desktop/stop_watch_LCD/cubeIDE_stopWatchLCD/stop_watch_project/MXTmpFiles/rtos_obj_creat.tmp_save
2024-01-29 19:44:46,973 [INFO] CodeEngine:279 - Generated code: /home/aneesh/Desktop/stop_watch_LCD/cubeIDE_stopWatchLCD/stop_watch_project/MXTmpFiles/rtos_obj_creat.tmp
2024-01-29 19:44:46,975 [INFO] CodeEngine:255 - oldGeneratedFile, /home/aneesh/Desktop/stop_watch_LCD/cubeIDE_stopWatchLCD/stop_watch_project/MXTmpFiles/rtos_default_thread.tmp_save
2024-01-29 19:44:47,054 [INFO] CodeEngine:279 - Generated code: /home/aneesh/Desktop/stop_watch_LCD/cubeIDE_stopWatchLCD/stop_watch_project/MXTmpFiles/rtos_default_thread.tmp
2024-01-29 19:44:47,055 [INFO] CodeEngine:255 - oldGeneratedFile, /home/aneesh/Desktop/stop_watch_LCD/cubeIDE_stopWatchLCD/stop_watch_project/MXTmpFiles/rtos_threads.tmp_save
2024-01-29 19:44:47,129 [INFO] CodeEngine:279 - Generated code: /home/aneesh/Desktop/stop_watch_LCD/cubeIDE_stopWatchLCD/stop_watch_project/MXTmpFiles/rtos_threads.tmp
2024-01-29 19:44:47,137 [INFO] Middleware:1439 - No code input for Bsp Dependency
2024-01-29 19:44:47,141 [INFO] CodeEngine:255 - oldGeneratedFile, /home/aneesh/Desktop/stop_watch_LCD/cubeIDE_stopWatchLCD/stop_watch_project/MXTmpFiles/rtos_inc.tmp_save
2024-01-29 19:44:47,204 [INFO] CodeEngine:279 - Generated code: /home/aneesh/Desktop/stop_watch_LCD/cubeIDE_stopWatchLCD/stop_watch_project/MXTmpFiles/rtos_inc.tmp
2024-01-29 19:44:47,205 [INFO] CodeEngine:255 - oldGeneratedFile, /home/aneesh/Desktop/stop_watch_LCD/cubeIDE_stopWatchLCD/stop_watch_project/MXTmpFiles/rtos_kernelInit.tmp_save
2024-01-29 19:44:47,279 [INFO] CodeEngine:279 - Generated code: /home/aneesh/Desktop/stop_watch_LCD/cubeIDE_stopWatchLCD/stop_watch_project/MXTmpFiles/rtos_kernelInit.tmp
2024-01-29 19:44:47,281 [INFO] CodeEngine:255 - oldGeneratedFile, /home/aneesh/Desktop/stop_watch_LCD/cubeIDE_stopWatchLCD/stop_watch_project/MXTmpFiles/rtos_kernelStart.tmp_save
2024-01-29 19:44:47,354 [INFO] CodeEngine:279 - Generated code: /home/aneesh/Desktop/stop_watch_LCD/cubeIDE_stopWatchLCD/stop_watch_project/MXTmpFiles/rtos_kernelStart.tmp
2024-01-29 19:44:47,356 [INFO] CodeEngine:255 - oldGeneratedFile, /home/aneesh/Desktop/stop_watch_LCD/cubeIDE_stopWatchLCD/stop_watch_project/MXTmpFiles/rtos_typedefs.tmp_save
2024-01-29 19:44:47,431 [INFO] CodeEngine:279 - Generated code: /home/aneesh/Desktop/stop_watch_LCD/cubeIDE_stopWatchLCD/stop_watch_project/MXTmpFiles/rtos_typedefs.tmp
2024-01-29 19:44:47,432 [INFO] CodeEngine:255 - oldGeneratedFile, /home/aneesh/Desktop/stop_watch_LCD/cubeIDE_stopWatchLCD/stop_watch_project/MXTmpFiles/rtos_vars.tmp_save
2024-01-29 19:44:47,496 [INFO] CodeEngine:279 - Generated code: /home/aneesh/Desktop/stop_watch_LCD/cubeIDE_stopWatchLCD/stop_watch_project/MXTmpFiles/rtos_vars.tmp
2024-01-29 19:44:47,498 [INFO] CodeEngine:255 - oldGeneratedFile, /home/aneesh/Desktop/stop_watch_LCD/cubeIDE_stopWatchLCD/stop_watch_project/MXTmpFiles/rtos_pfp.tmp_save
2024-01-29 19:44:47,567 [INFO] CodeEngine:279 - Generated code: /home/aneesh/Desktop/stop_watch_LCD/cubeIDE_stopWatchLCD/stop_watch_project/MXTmpFiles/rtos_pfp.tmp
2024-01-29 19:44:47,568 [INFO] CodeEngine:255 - oldGeneratedFile, /home/aneesh/Desktop/stop_watch_LCD/cubeIDE_stopWatchLCD/stop_watch_project/MXTmpFiles/rtos_obj_creat.tmp_save
2024-01-29 19:44:47,630 [INFO] CodeEngine:279 - Generated code: /home/aneesh/Desktop/stop_watch_LCD/cubeIDE_stopWatchLCD/stop_watch_project/MXTmpFiles/rtos_obj_creat.tmp
2024-01-29 19:44:47,632 [INFO] CodeEngine:255 - oldGeneratedFile, /home/aneesh/Desktop/stop_watch_LCD/cubeIDE_stopWatchLCD/stop_watch_project/MXTmpFiles/rtos_default_thread.tmp_save
2024-01-29 19:44:47,691 [INFO] CodeEngine:279 - Generated code: /home/aneesh/Desktop/stop_watch_LCD/cubeIDE_stopWatchLCD/stop_watch_project/MXTmpFiles/rtos_default_thread.tmp
2024-01-29 19:44:47,694 [INFO] CodeEngine:255 - oldGeneratedFile, /home/aneesh/Desktop/stop_watch_LCD/cubeIDE_stopWatchLCD/stop_watch_project/MXTmpFiles/rtos_threads.tmp_save
2024-01-29 19:44:47,751 [INFO] CodeEngine:279 - Generated code: /home/aneesh/Desktop/stop_watch_LCD/cubeIDE_stopWatchLCD/stop_watch_project/MXTmpFiles/rtos_threads.tmp
2024-01-29 19:44:47,754 [INFO] CodeEngine:255 - oldGeneratedFile, /home/aneesh/Desktop/stop_watch_LCD/cubeIDE_stopWatchLCD/stop_watch_project/Core/Inc/FreeRTOSConfig.h_save
2024-01-29 19:44:47,836 [INFO] CodeEngine:279 - Generated code: /home/aneesh/Desktop/stop_watch_LCD/cubeIDE_stopWatchLCD/stop_watch_project/Core/Inc/FreeRTOSConfig.h
2024-01-29 19:44:47,838 [INFO] CodeEngine:255 - oldGeneratedFile, /home/aneesh/Desktop/stop_watch_LCD/cubeIDE_stopWatchLCD/stop_watch_project/Core/Src/freertos.c_save
2024-01-29 19:44:47,910 [INFO] CodeEngine:279 - Generated code: /home/aneesh/Desktop/stop_watch_LCD/cubeIDE_stopWatchLCD/stop_watch_project/Core/Src/freertos.c
2024-01-29 19:44:47,917 [INFO] CodeEngine:255 - oldGeneratedFile, /home/aneesh/Desktop/stop_watch_LCD/cubeIDE_stopWatchLCD/stop_watch_project/Core/Src/stm32l4xx_it.c_save
2024-01-29 19:44:48,015 [INFO] CodeEngine:279 - Generated code: /home/aneesh/Desktop/stop_watch_LCD/cubeIDE_stopWatchLCD/stop_watch_project/Core/Src/stm32l4xx_it.c
2024-01-29 19:44:48,018 [INFO] CodeEngine:255 - oldGeneratedFile, /home/aneesh/Desktop/stop_watch_LCD/cubeIDE_stopWatchLCD/stop_watch_project/Core/Inc/stm32l4xx_it.h_save
2024-01-29 19:44:48,076 [INFO] CodeEngine:279 - Generated code: /home/aneesh/Desktop/stop_watch_LCD/cubeIDE_stopWatchLCD/stop_watch_project/Core/Inc/stm32l4xx_it.h
2024-01-29 19:44:48,082 [INFO] CodeEngine:255 - oldGeneratedFile, /home/aneesh/Desktop/stop_watch_LCD/cubeIDE_stopWatchLCD/stop_watch_project/Core/Src/stm32l4xx_hal_msp.c_save
2024-01-29 19:44:48,221 [INFO] CodeEngine:279 - Generated code: /home/aneesh/Desktop/stop_watch_LCD/cubeIDE_stopWatchLCD/stop_watch_project/Core/Src/stm32l4xx_hal_msp.c
2024-01-29 19:44:48,224 [INFO] CodeEngine:255 - oldGeneratedFile, /home/aneesh/Desktop/stop_watch_LCD/cubeIDE_stopWatchLCD/stop_watch_project/MXTmpFiles/system.tmp_save
2024-01-29 19:44:48,307 [INFO] CodeEngine:279 - Generated code: /home/aneesh/Desktop/stop_watch_LCD/cubeIDE_stopWatchLCD/stop_watch_project/MXTmpFiles/system.tmp
2024-01-29 19:44:48,311 [INFO] CodeEngine:311 - oldGeneratedFile, /home/aneesh/Desktop/stop_watch_LCD/cubeIDE_stopWatchLCD/stop_watch_project/Core/Inc/stm32l4xx_hal_conf.h_save
2024-01-29 19:44:48,391 [INFO] CodeEngine:335 - Generated code: /home/aneesh/Desktop/stop_watch_LCD/cubeIDE_stopWatchLCD/stop_watch_project/Core/Inc/stm32l4xx_hal_conf.h
2024-01-29 19:44:48,425 [INFO] CodeEngine:255 - oldGeneratedFile, /home/aneesh/Desktop/stop_watch_LCD/cubeIDE_stopWatchLCD/stop_watch_project/Core/Inc/main.h_save
2024-01-29 19:44:48,501 [INFO] CodeEngine:279 - Generated code: /home/aneesh/Desktop/stop_watch_LCD/cubeIDE_stopWatchLCD/stop_watch_project/Core/Inc/main.h
2024-01-29 19:44:48,503 [INFO] CodeEngine:255 - oldGeneratedFile, /home/aneesh/Desktop/stop_watch_LCD/cubeIDE_stopWatchLCD/stop_watch_project/Core/Src/main.c_save
2024-01-29 19:44:48,647 [INFO] CodeEngine:279 - Generated code: /home/aneesh/Desktop/stop_watch_LCD/cubeIDE_stopWatchLCD/stop_watch_project/Core/Src/main.c
2024-01-29 19:44:49,197 [INFO] ProjectBuilder:3076 - Time for Copy HAL[1] : 70mS.
2024-01-29 19:44:49,206 [INFO] ProjectBuilder:4485 - Project Generator version: 4.2.0-B44
2024-01-29 19:44:49,461 [INFO] ConfigFileManager:1495 - The Die is : DIE435
2024-01-29 19:44:49,465 [INFO] ApiDbMcu:508 - Load IP Config File for FATFS
2024-01-29 19:44:49,473 [INFO] ApiDbMcu:508 - Load IP Config File for TOUCHSENSING
2024-01-29 19:44:49,477 [INFO] ApiDbMcu:508 - Load IP Config File for USB_DEVICE
2024-01-29 19:44:50,350 [INFO] LogOutputStream:77 - [STDOUT_REDIRECT] 
2024-01-29 19:44:51,726 [INFO] ProjectBuilder:4747 - Time for Generating toolchain IDE Files: 2519mS.
2024-01-29 19:44:51,729 [INFO] ProjectBuilder:2947 - Time for Copy CMSIS : 2mS.
2024-01-29 19:44:51,733 [INFO] ProjectBuilder:2947 - Time for Copy CMSIS : 0mS.
2024-01-29 19:46:06,045 [ERROR] RtosPanel:558 - Can not restore the selected Tab for FREERTOS(A reason can be that the tab is no more available.)
2024-01-29 19:46:09,849 [INFO] TasksAndQueuesTab:757 - Dynamic
2024-01-29 19:46:09,849 [WARN] TasksAndQueuesTab:763 - 128 128
2024-01-29 19:46:09,849 [WARN] TasksAndQueuesTab:775 - max value is: 750.0
2024-01-29 19:46:12,094 [INFO] EditThreadDialog:704 - RAM SIZE (in KB): 64
2024-01-29 19:46:12,094 [INFO] EditThreadDialog:706 - RAM SIZE (in words): 16384
2024-01-29 19:47:19,117 [INFO] TasksAndQueuesTab:757 - Dynamic
2024-01-29 19:47:19,117 [WARN] TasksAndQueuesTab:763 - 128 128
2024-01-29 19:47:19,117 [WARN] TasksAndQueuesTab:775 - max value is: 750.0
2024-01-29 19:47:19,117 [INFO] TasksAndQueuesTab:757 - Dynamic
2024-01-29 19:47:19,117 [WARN] TasksAndQueuesTab:763 - 128 128
2024-01-29 19:47:19,117 [WARN] TasksAndQueuesTab:775 - max value is: 750.0
2024-01-29 19:47:20,969 [INFO] EditThreadDialog:704 - RAM SIZE (in KB): 64
2024-01-29 19:47:20,969 [INFO] EditThreadDialog:706 - RAM SIZE (in words): 16384
2024-01-29 19:47:50,863 [INFO] TasksAndQueuesTab:757 - Dynamic
2024-01-29 19:47:50,863 [WARN] TasksAndQueuesTab:763 - 128 128
2024-01-29 19:47:50,863 [WARN] TasksAndQueuesTab:775 - max value is: 750.0
2024-01-29 19:47:50,864 [INFO] TasksAndQueuesTab:757 - Dynamic
2024-01-29 19:47:50,864 [WARN] TasksAndQueuesTab:763 - 128 128
2024-01-29 19:47:50,864 [WARN] TasksAndQueuesTab:775 - max value is: 750.0
2024-01-29 19:47:50,864 [INFO] TasksAndQueuesTab:757 - Dynamic
2024-01-29 19:47:50,864 [WARN] TasksAndQueuesTab:763 - 128 128
2024-01-29 19:47:50,864 [WARN] TasksAndQueuesTab:775 - max value is: 750.0
2024-01-29 19:47:56,841 [INFO] UtilMem:75 - End SaveConfig() Used Memory: 293280768 Bytes (958398464)
2024-01-29 19:47:58,899 [INFO] UtilMem:75 - End SaveConfig() Used Memory: 363861024 Bytes (958398464)
2024-01-29 19:48:01,708 [INFO] BlockDiagram:2759 - set Specific Code input for plugin: NVIC
2024-01-29 19:48:01,708 [INFO] BlockDiagram:2759 - set Specific Code input for plugin: FREERTOS
2024-01-29 19:48:01,709 [INFO] BlockDiagram:2759 - set Specific Code input for plugin: USART
2024-01-29 19:48:01,709 [INFO] BlockDiagram:2759 - set Specific Code input for plugin: USART
2024-01-29 19:48:01,709 [INFO] BlockDiagram:2759 - set Specific Code input for plugin: SYS
2024-01-29 19:48:01,709 [INFO] BlockDiagram:2759 - set Specific Code input for plugin: GPIO
2024-01-29 19:48:01,709 [INFO] BlockDiagram:2759 - set Specific Code input for plugin: RCC
2024-01-29 19:48:01,710 [INFO] CodeGenerator:807 - code generatio: config db path: /opt/st/stm32cubeide_1.14.0/plugins/com.st.stm32cube.common.mx_6.10.0.202311202037//db/
2024-01-29 19:48:01,966 [INFO] CodeEngine:255 - oldGeneratedFile, /home/aneesh/Desktop/stop_watch_LCD/cubeIDE_stopWatchLCD/stop_watch_project/MXTmpFiles/license.tmp_save
2024-01-29 19:48:02,076 [INFO] CodeEngine:279 - Generated code: /home/aneesh/Desktop/stop_watch_LCD/cubeIDE_stopWatchLCD/stop_watch_project/MXTmpFiles/license.tmp
2024-01-29 19:48:02,116 [INFO] CodeEngine:255 - oldGeneratedFile, /home/aneesh/Desktop/stop_watch_LCD/cubeIDE_stopWatchLCD/stop_watch_project/MXTmpFiles/gpio.tmp_save
2024-01-29 19:48:02,182 [INFO] CodeEngine:279 - Generated code: /home/aneesh/Desktop/stop_watch_LCD/cubeIDE_stopWatchLCD/stop_watch_project/MXTmpFiles/gpio.tmp
2024-01-29 19:48:02,354 [INFO] Middleware:1439 - No code input for Bsp Dependency
2024-01-29 19:48:02,358 [INFO] CodeEngine:255 - oldGeneratedFile, /home/aneesh/Desktop/stop_watch_LCD/cubeIDE_stopWatchLCD/stop_watch_project/MXTmpFiles/rtos_inc.tmp_save
2024-01-29 19:48:02,432 [INFO] CodeEngine:279 - Generated code: /home/aneesh/Desktop/stop_watch_LCD/cubeIDE_stopWatchLCD/stop_watch_project/MXTmpFiles/rtos_inc.tmp
2024-01-29 19:48:02,433 [INFO] CodeEngine:255 - oldGeneratedFile, /home/aneesh/Desktop/stop_watch_LCD/cubeIDE_stopWatchLCD/stop_watch_project/MXTmpFiles/rtos_kernelInit.tmp_save
2024-01-29 19:48:02,506 [INFO] CodeEngine:279 - Generated code: /home/aneesh/Desktop/stop_watch_LCD/cubeIDE_stopWatchLCD/stop_watch_project/MXTmpFiles/rtos_kernelInit.tmp
2024-01-29 19:48:02,508 [INFO] CodeEngine:255 - oldGeneratedFile, /home/aneesh/Desktop/stop_watch_LCD/cubeIDE_stopWatchLCD/stop_watch_project/MXTmpFiles/rtos_kernelStart.tmp_save
2024-01-29 19:48:02,576 [INFO] CodeEngine:279 - Generated code: /home/aneesh/Desktop/stop_watch_LCD/cubeIDE_stopWatchLCD/stop_watch_project/MXTmpFiles/rtos_kernelStart.tmp
2024-01-29 19:48:02,577 [INFO] CodeEngine:255 - oldGeneratedFile, /home/aneesh/Desktop/stop_watch_LCD/cubeIDE_stopWatchLCD/stop_watch_project/MXTmpFiles/rtos_typedefs.tmp_save
2024-01-29 19:48:02,648 [INFO] CodeEngine:279 - Generated code: /home/aneesh/Desktop/stop_watch_LCD/cubeIDE_stopWatchLCD/stop_watch_project/MXTmpFiles/rtos_typedefs.tmp
2024-01-29 19:48:02,649 [INFO] CodeEngine:255 - oldGeneratedFile, /home/aneesh/Desktop/stop_watch_LCD/cubeIDE_stopWatchLCD/stop_watch_project/MXTmpFiles/rtos_vars.tmp_save
2024-01-29 19:48:02,708 [INFO] CodeEngine:279 - Generated code: /home/aneesh/Desktop/stop_watch_LCD/cubeIDE_stopWatchLCD/stop_watch_project/MXTmpFiles/rtos_vars.tmp
2024-01-29 19:48:02,709 [INFO] CodeEngine:255 - oldGeneratedFile, /home/aneesh/Desktop/stop_watch_LCD/cubeIDE_stopWatchLCD/stop_watch_project/MXTmpFiles/rtos_pfp.tmp_save
2024-01-29 19:48:02,763 [INFO] CodeEngine:279 - Generated code: /home/aneesh/Desktop/stop_watch_LCD/cubeIDE_stopWatchLCD/stop_watch_project/MXTmpFiles/rtos_pfp.tmp
2024-01-29 19:48:02,765 [INFO] CodeEngine:255 - oldGeneratedFile, /home/aneesh/Desktop/stop_watch_LCD/cubeIDE_stopWatchLCD/stop_watch_project/MXTmpFiles/rtos_obj_creat.tmp_save
2024-01-29 19:48:02,819 [INFO] CodeEngine:279 - Generated code: /home/aneesh/Desktop/stop_watch_LCD/cubeIDE_stopWatchLCD/stop_watch_project/MXTmpFiles/rtos_obj_creat.tmp
2024-01-29 19:48:02,820 [INFO] CodeEngine:255 - oldGeneratedFile, /home/aneesh/Desktop/stop_watch_LCD/cubeIDE_stopWatchLCD/stop_watch_project/MXTmpFiles/rtos_default_thread.tmp_save
2024-01-29 19:48:02,871 [INFO] CodeEngine:279 - Generated code: /home/aneesh/Desktop/stop_watch_LCD/cubeIDE_stopWatchLCD/stop_watch_project/MXTmpFiles/rtos_default_thread.tmp
2024-01-29 19:48:02,872 [INFO] CodeEngine:255 - oldGeneratedFile, /home/aneesh/Desktop/stop_watch_LCD/cubeIDE_stopWatchLCD/stop_watch_project/MXTmpFiles/rtos_threads.tmp_save
2024-01-29 19:48:02,926 [INFO] CodeEngine:279 - Generated code: /home/aneesh/Desktop/stop_watch_LCD/cubeIDE_stopWatchLCD/stop_watch_project/MXTmpFiles/rtos_threads.tmp
2024-01-29 19:48:02,931 [INFO] Middleware:1439 - No code input for Bsp Dependency
2024-01-29 19:48:02,934 [INFO] CodeEngine:255 - oldGeneratedFile, /home/aneesh/Desktop/stop_watch_LCD/cubeIDE_stopWatchLCD/stop_watch_project/MXTmpFiles/rtos_inc.tmp_save
2024-01-29 19:48:02,984 [INFO] CodeEngine:279 - Generated code: /home/aneesh/Desktop/stop_watch_LCD/cubeIDE_stopWatchLCD/stop_watch_project/MXTmpFiles/rtos_inc.tmp
2024-01-29 19:48:02,985 [INFO] CodeEngine:255 - oldGeneratedFile, /home/aneesh/Desktop/stop_watch_LCD/cubeIDE_stopWatchLCD/stop_watch_project/MXTmpFiles/rtos_kernelInit.tmp_save
2024-01-29 19:48:03,042 [INFO] CodeEngine:279 - Generated code: /home/aneesh/Desktop/stop_watch_LCD/cubeIDE_stopWatchLCD/stop_watch_project/MXTmpFiles/rtos_kernelInit.tmp
2024-01-29 19:48:03,043 [INFO] CodeEngine:255 - oldGeneratedFile, /home/aneesh/Desktop/stop_watch_LCD/cubeIDE_stopWatchLCD/stop_watch_project/MXTmpFiles/rtos_kernelStart.tmp_save
2024-01-29 19:48:03,107 [INFO] CodeEngine:279 - Generated code: /home/aneesh/Desktop/stop_watch_LCD/cubeIDE_stopWatchLCD/stop_watch_project/MXTmpFiles/rtos_kernelStart.tmp
2024-01-29 19:48:03,108 [INFO] CodeEngine:255 - oldGeneratedFile, /home/aneesh/Desktop/stop_watch_LCD/cubeIDE_stopWatchLCD/stop_watch_project/MXTmpFiles/rtos_typedefs.tmp_save
2024-01-29 19:48:03,156 [INFO] CodeEngine:279 - Generated code: /home/aneesh/Desktop/stop_watch_LCD/cubeIDE_stopWatchLCD/stop_watch_project/MXTmpFiles/rtos_typedefs.tmp
2024-01-29 19:48:03,159 [INFO] CodeEngine:255 - oldGeneratedFile, /home/aneesh/Desktop/stop_watch_LCD/cubeIDE_stopWatchLCD/stop_watch_project/MXTmpFiles/rtos_vars.tmp_save
2024-01-29 19:48:03,313 [INFO] CodeEngine:279 - Generated code: /home/aneesh/Desktop/stop_watch_LCD/cubeIDE_stopWatchLCD/stop_watch_project/MXTmpFiles/rtos_vars.tmp
2024-01-29 19:48:03,314 [INFO] CodeEngine:255 - oldGeneratedFile, /home/aneesh/Desktop/stop_watch_LCD/cubeIDE_stopWatchLCD/stop_watch_project/MXTmpFiles/rtos_pfp.tmp_save
2024-01-29 19:48:03,376 [INFO] CodeEngine:279 - Generated code: /home/aneesh/Desktop/stop_watch_LCD/cubeIDE_stopWatchLCD/stop_watch_project/MXTmpFiles/rtos_pfp.tmp
2024-01-29 19:48:03,377 [INFO] CodeEngine:255 - oldGeneratedFile, /home/aneesh/Desktop/stop_watch_LCD/cubeIDE_stopWatchLCD/stop_watch_project/MXTmpFiles/rtos_obj_creat.tmp_save
2024-01-29 19:48:03,443 [INFO] CodeEngine:279 - Generated code: /home/aneesh/Desktop/stop_watch_LCD/cubeIDE_stopWatchLCD/stop_watch_project/MXTmpFiles/rtos_obj_creat.tmp
2024-01-29 19:48:03,444 [INFO] CodeEngine:255 - oldGeneratedFile, /home/aneesh/Desktop/stop_watch_LCD/cubeIDE_stopWatchLCD/stop_watch_project/MXTmpFiles/rtos_default_thread.tmp_save
2024-01-29 19:48:03,507 [INFO] CodeEngine:279 - Generated code: /home/aneesh/Desktop/stop_watch_LCD/cubeIDE_stopWatchLCD/stop_watch_project/MXTmpFiles/rtos_default_thread.tmp
2024-01-29 19:48:03,508 [INFO] CodeEngine:255 - oldGeneratedFile, /home/aneesh/Desktop/stop_watch_LCD/cubeIDE_stopWatchLCD/stop_watch_project/MXTmpFiles/rtos_threads.tmp_save
2024-01-29 19:48:03,570 [INFO] CodeEngine:279 - Generated code: /home/aneesh/Desktop/stop_watch_LCD/cubeIDE_stopWatchLCD/stop_watch_project/MXTmpFiles/rtos_threads.tmp
2024-01-29 19:48:03,572 [INFO] CodeEngine:255 - oldGeneratedFile, /home/aneesh/Desktop/stop_watch_LCD/cubeIDE_stopWatchLCD/stop_watch_project/Core/Inc/FreeRTOSConfig.h_save
2024-01-29 19:48:03,653 [INFO] CodeEngine:279 - Generated code: /home/aneesh/Desktop/stop_watch_LCD/cubeIDE_stopWatchLCD/stop_watch_project/Core/Inc/FreeRTOSConfig.h
2024-01-29 19:48:03,655 [INFO] CodeEngine:255 - oldGeneratedFile, /home/aneesh/Desktop/stop_watch_LCD/cubeIDE_stopWatchLCD/stop_watch_project/Core/Src/freertos.c_save
2024-01-29 19:48:03,728 [INFO] CodeEngine:279 - Generated code: /home/aneesh/Desktop/stop_watch_LCD/cubeIDE_stopWatchLCD/stop_watch_project/Core/Src/freertos.c
2024-01-29 19:48:03,733 [INFO] CodeEngine:255 - oldGeneratedFile, /home/aneesh/Desktop/stop_watch_LCD/cubeIDE_stopWatchLCD/stop_watch_project/Core/Src/stm32l4xx_it.c_save
2024-01-29 19:48:03,806 [INFO] CodeEngine:279 - Generated code: /home/aneesh/Desktop/stop_watch_LCD/cubeIDE_stopWatchLCD/stop_watch_project/Core/Src/stm32l4xx_it.c
2024-01-29 19:48:03,807 [INFO] CodeEngine:255 - oldGeneratedFile, /home/aneesh/Desktop/stop_watch_LCD/cubeIDE_stopWatchLCD/stop_watch_project/Core/Inc/stm32l4xx_it.h_save
2024-01-29 19:48:03,870 [INFO] CodeEngine:279 - Generated code: /home/aneesh/Desktop/stop_watch_LCD/cubeIDE_stopWatchLCD/stop_watch_project/Core/Inc/stm32l4xx_it.h
2024-01-29 19:48:03,875 [INFO] CodeEngine:255 - oldGeneratedFile, /home/aneesh/Desktop/stop_watch_LCD/cubeIDE_stopWatchLCD/stop_watch_project/Core/Src/stm32l4xx_hal_msp.c_save
2024-01-29 19:48:03,974 [INFO] CodeEngine:279 - Generated code: /home/aneesh/Desktop/stop_watch_LCD/cubeIDE_stopWatchLCD/stop_watch_project/Core/Src/stm32l4xx_hal_msp.c
2024-01-29 19:48:03,975 [INFO] CodeEngine:255 - oldGeneratedFile, /home/aneesh/Desktop/stop_watch_LCD/cubeIDE_stopWatchLCD/stop_watch_project/MXTmpFiles/system.tmp_save
2024-01-29 19:48:04,038 [INFO] CodeEngine:279 - Generated code: /home/aneesh/Desktop/stop_watch_LCD/cubeIDE_stopWatchLCD/stop_watch_project/MXTmpFiles/system.tmp
2024-01-29 19:48:04,040 [INFO] CodeEngine:311 - oldGeneratedFile, /home/aneesh/Desktop/stop_watch_LCD/cubeIDE_stopWatchLCD/stop_watch_project/Core/Inc/stm32l4xx_hal_conf.h_save
2024-01-29 19:48:04,126 [INFO] CodeEngine:335 - Generated code: /home/aneesh/Desktop/stop_watch_LCD/cubeIDE_stopWatchLCD/stop_watch_project/Core/Inc/stm32l4xx_hal_conf.h
2024-01-29 19:48:04,175 [INFO] CodeEngine:255 - oldGeneratedFile, /home/aneesh/Desktop/stop_watch_LCD/cubeIDE_stopWatchLCD/stop_watch_project/Core/Inc/main.h_save
2024-01-29 19:48:04,281 [INFO] CodeEngine:279 - Generated code: /home/aneesh/Desktop/stop_watch_LCD/cubeIDE_stopWatchLCD/stop_watch_project/Core/Inc/main.h
2024-01-29 19:48:04,284 [INFO] CodeEngine:255 - oldGeneratedFile, /home/aneesh/Desktop/stop_watch_LCD/cubeIDE_stopWatchLCD/stop_watch_project/Core/Src/main.c_save
2024-01-29 19:48:04,411 [INFO] CodeEngine:279 - Generated code: /home/aneesh/Desktop/stop_watch_LCD/cubeIDE_stopWatchLCD/stop_watch_project/Core/Src/main.c
2024-01-29 19:48:04,886 [INFO] ProjectBuilder:3076 - Time for Copy HAL[1] : 24mS.
2024-01-29 19:48:04,889 [INFO] ProjectBuilder:4485 - Project Generator version: 4.2.0-B44
2024-01-29 19:48:05,129 [INFO] ConfigFileManager:1495 - The Die is : DIE435
2024-01-29 19:48:06,924 [INFO] ProjectBuilder:4747 - Time for Generating toolchain IDE Files: 2034mS.
2024-01-29 19:48:06,924 [INFO] ProjectBuilder:2947 - Time for Copy CMSIS : 0mS.
2024-01-29 19:48:06,926 [INFO] ProjectBuilder:2947 - Time for Copy CMSIS : 0mS.
2024-01-29 19:54:30,841 [INFO] NvicIntPanel:101 - NVIC parent = com.st.microxplorer.plugins.ip.nvic.MultiNvicIntPanel[,0,0,0x0,invalid,layout=javax.swing.BoxLayout,alignmentX=0.0,alignmentY=0.0,border=,flags=9,maximumSize=,minimumSize=,preferredSize=]
2024-01-29 19:54:33,045 [INFO] NvicIntPanel:101 - NVIC parent = com.st.microxplorer.plugins.ip.nvic.MultiNvicIntPanel[,0,0,1076x734,layout=javax.swing.BoxLayout,alignmentX=0.0,alignmentY=0.0,border=,flags=9,maximumSize=,minimumSize=,preferredSize=]
2024-01-29 19:54:52,544 [INFO] NvicIntPanel:101 - NVIC parent = com.st.microxplorer.plugins.ip.nvic.MultiNvicIntPanel[,0,0,0x0,invalid,layout=javax.swing.BoxLayout,alignmentX=0.0,alignmentY=0.0,border=,flags=9,maximumSize=,minimumSize=,preferredSize=]
2024-01-29 19:55:38,770 [INFO] UtilMem:75 - End SaveConfig() Used Memory: 409464832 Bytes (964689920)
2024-01-29 19:55:40,823 [INFO] UtilMem:75 - End SaveConfig() Used Memory: 428339200 Bytes (964689920)
2024-01-29 19:55:43,597 [INFO] UtilMem:75 - End SaveConfig() Used Memory: 533456912 Bytes (964689920)
2024-01-29 19:55:46,191 [INFO] BlockDiagram:2759 - set Specific Code input for plugin: NVIC
2024-01-29 19:55:46,192 [INFO] BlockDiagram:2759 - set Specific Code input for plugin: FREERTOS
2024-01-29 19:55:46,192 [INFO] BlockDiagram:2759 - set Specific Code input for plugin: USART
2024-01-29 19:55:46,192 [INFO] BlockDiagram:2759 - set Specific Code input for plugin: USART
2024-01-29 19:55:46,192 [INFO] BlockDiagram:2759 - set Specific Code input for plugin: DMA
2024-01-29 19:55:46,192 [INFO] BlockDiagram:2759 - set Specific Code input for plugin: SYS
2024-01-29 19:55:46,193 [INFO] BlockDiagram:2759 - set Specific Code input for plugin: GPIO
2024-01-29 19:55:46,193 [INFO] BlockDiagram:2759 - set Specific Code input for plugin: RCC
2024-01-29 19:55:46,194 [INFO] CodeGenerator:807 - code generatio: config db path: /opt/st/stm32cubeide_1.14.0/plugins/com.st.stm32cube.common.mx_6.10.0.202311202037//db/
2024-01-29 19:55:46,677 [INFO] CodeEngine:255 - oldGeneratedFile, /home/aneesh/Desktop/stop_watch_LCD/cubeIDE_stopWatchLCD/stop_watch_project/MXTmpFiles/license.tmp_save
2024-01-29 19:55:46,823 [INFO] CodeEngine:279 - Generated code: /home/aneesh/Desktop/stop_watch_LCD/cubeIDE_stopWatchLCD/stop_watch_project/MXTmpFiles/license.tmp
2024-01-29 19:55:46,874 [INFO] CodeEngine:255 - oldGeneratedFile, /home/aneesh/Desktop/stop_watch_LCD/cubeIDE_stopWatchLCD/stop_watch_project/MXTmpFiles/gpio.tmp_save
2024-01-29 19:55:46,951 [INFO] CodeEngine:279 - Generated code: /home/aneesh/Desktop/stop_watch_LCD/cubeIDE_stopWatchLCD/stop_watch_project/MXTmpFiles/gpio.tmp
2024-01-29 19:55:47,089 [INFO] Middleware:1439 - No code input for Bsp Dependency
2024-01-29 19:55:47,091 [INFO] CodeEngine:255 - oldGeneratedFile, /home/aneesh/Desktop/stop_watch_LCD/cubeIDE_stopWatchLCD/stop_watch_project/MXTmpFiles/rtos_inc.tmp_save
2024-01-29 19:55:47,151 [INFO] CodeEngine:279 - Generated code: /home/aneesh/Desktop/stop_watch_LCD/cubeIDE_stopWatchLCD/stop_watch_project/MXTmpFiles/rtos_inc.tmp
2024-01-29 19:55:47,151 [INFO] CodeEngine:255 - oldGeneratedFile, /home/aneesh/Desktop/stop_watch_LCD/cubeIDE_stopWatchLCD/stop_watch_project/MXTmpFiles/rtos_kernelInit.tmp_save
2024-01-29 19:55:47,231 [INFO] CodeEngine:279 - Generated code: /home/aneesh/Desktop/stop_watch_LCD/cubeIDE_stopWatchLCD/stop_watch_project/MXTmpFiles/rtos_kernelInit.tmp
2024-01-29 19:55:47,232 [INFO] CodeEngine:255 - oldGeneratedFile, /home/aneesh/Desktop/stop_watch_LCD/cubeIDE_stopWatchLCD/stop_watch_project/MXTmpFiles/rtos_kernelStart.tmp_save
2024-01-29 19:55:47,300 [INFO] CodeEngine:279 - Generated code: /home/aneesh/Desktop/stop_watch_LCD/cubeIDE_stopWatchLCD/stop_watch_project/MXTmpFiles/rtos_kernelStart.tmp
2024-01-29 19:55:47,301 [INFO] CodeEngine:255 - oldGeneratedFile, /home/aneesh/Desktop/stop_watch_LCD/cubeIDE_stopWatchLCD/stop_watch_project/MXTmpFiles/rtos_typedefs.tmp_save
2024-01-29 19:55:47,354 [INFO] CodeEngine:279 - Generated code: /home/aneesh/Desktop/stop_watch_LCD/cubeIDE_stopWatchLCD/stop_watch_project/MXTmpFiles/rtos_typedefs.tmp
2024-01-29 19:55:47,354 [INFO] CodeEngine:255 - oldGeneratedFile, /home/aneesh/Desktop/stop_watch_LCD/cubeIDE_stopWatchLCD/stop_watch_project/MXTmpFiles/rtos_vars.tmp_save
2024-01-29 19:55:47,405 [INFO] CodeEngine:279 - Generated code: /home/aneesh/Desktop/stop_watch_LCD/cubeIDE_stopWatchLCD/stop_watch_project/MXTmpFiles/rtos_vars.tmp
2024-01-29 19:55:47,406 [INFO] CodeEngine:255 - oldGeneratedFile, /home/aneesh/Desktop/stop_watch_LCD/cubeIDE_stopWatchLCD/stop_watch_project/MXTmpFiles/rtos_pfp.tmp_save
2024-01-29 19:55:47,453 [INFO] CodeEngine:279 - Generated code: /home/aneesh/Desktop/stop_watch_LCD/cubeIDE_stopWatchLCD/stop_watch_project/MXTmpFiles/rtos_pfp.tmp
2024-01-29 19:55:47,454 [INFO] CodeEngine:255 - oldGeneratedFile, /home/aneesh/Desktop/stop_watch_LCD/cubeIDE_stopWatchLCD/stop_watch_project/MXTmpFiles/rtos_obj_creat.tmp_save
2024-01-29 19:55:47,503 [INFO] CodeEngine:279 - Generated code: /home/aneesh/Desktop/stop_watch_LCD/cubeIDE_stopWatchLCD/stop_watch_project/MXTmpFiles/rtos_obj_creat.tmp
2024-01-29 19:55:47,504 [INFO] CodeEngine:255 - oldGeneratedFile, /home/aneesh/Desktop/stop_watch_LCD/cubeIDE_stopWatchLCD/stop_watch_project/MXTmpFiles/rtos_default_thread.tmp_save
2024-01-29 19:55:47,551 [INFO] CodeEngine:279 - Generated code: /home/aneesh/Desktop/stop_watch_LCD/cubeIDE_stopWatchLCD/stop_watch_project/MXTmpFiles/rtos_default_thread.tmp
2024-01-29 19:55:47,552 [INFO] CodeEngine:255 - oldGeneratedFile, /home/aneesh/Desktop/stop_watch_LCD/cubeIDE_stopWatchLCD/stop_watch_project/MXTmpFiles/rtos_threads.tmp_save
2024-01-29 19:55:47,598 [INFO] CodeEngine:279 - Generated code: /home/aneesh/Desktop/stop_watch_LCD/cubeIDE_stopWatchLCD/stop_watch_project/MXTmpFiles/rtos_threads.tmp
2024-01-29 19:55:47,601 [INFO] Middleware:1439 - No code input for Bsp Dependency
2024-01-29 19:55:47,604 [INFO] CodeEngine:255 - oldGeneratedFile, /home/aneesh/Desktop/stop_watch_LCD/cubeIDE_stopWatchLCD/stop_watch_project/MXTmpFiles/rtos_inc.tmp_save
2024-01-29 19:55:47,651 [INFO] CodeEngine:279 - Generated code: /home/aneesh/Desktop/stop_watch_LCD/cubeIDE_stopWatchLCD/stop_watch_project/MXTmpFiles/rtos_inc.tmp
2024-01-29 19:55:47,651 [INFO] CodeEngine:255 - oldGeneratedFile, /home/aneesh/Desktop/stop_watch_LCD/cubeIDE_stopWatchLCD/stop_watch_project/MXTmpFiles/rtos_kernelInit.tmp_save
2024-01-29 19:55:47,695 [INFO] CodeEngine:279 - Generated code: /home/aneesh/Desktop/stop_watch_LCD/cubeIDE_stopWatchLCD/stop_watch_project/MXTmpFiles/rtos_kernelInit.tmp
2024-01-29 19:55:47,696 [INFO] CodeEngine:255 - oldGeneratedFile, /home/aneesh/Desktop/stop_watch_LCD/cubeIDE_stopWatchLCD/stop_watch_project/MXTmpFiles/rtos_kernelStart.tmp_save
2024-01-29 19:55:47,742 [INFO] CodeEngine:279 - Generated code: /home/aneesh/Desktop/stop_watch_LCD/cubeIDE_stopWatchLCD/stop_watch_project/MXTmpFiles/rtos_kernelStart.tmp
2024-01-29 19:55:47,743 [INFO] CodeEngine:255 - oldGeneratedFile, /home/aneesh/Desktop/stop_watch_LCD/cubeIDE_stopWatchLCD/stop_watch_project/MXTmpFiles/rtos_typedefs.tmp_save
2024-01-29 19:55:47,790 [INFO] CodeEngine:279 - Generated code: /home/aneesh/Desktop/stop_watch_LCD/cubeIDE_stopWatchLCD/stop_watch_project/MXTmpFiles/rtos_typedefs.tmp
2024-01-29 19:55:47,791 [INFO] CodeEngine:255 - oldGeneratedFile, /home/aneesh/Desktop/stop_watch_LCD/cubeIDE_stopWatchLCD/stop_watch_project/MXTmpFiles/rtos_vars.tmp_save
2024-01-29 19:55:47,841 [INFO] CodeEngine:279 - Generated code: /home/aneesh/Desktop/stop_watch_LCD/cubeIDE_stopWatchLCD/stop_watch_project/MXTmpFiles/rtos_vars.tmp
2024-01-29 19:55:47,842 [INFO] CodeEngine:255 - oldGeneratedFile, /home/aneesh/Desktop/stop_watch_LCD/cubeIDE_stopWatchLCD/stop_watch_project/MXTmpFiles/rtos_pfp.tmp_save
2024-01-29 19:55:47,887 [INFO] CodeEngine:279 - Generated code: /home/aneesh/Desktop/stop_watch_LCD/cubeIDE_stopWatchLCD/stop_watch_project/MXTmpFiles/rtos_pfp.tmp
2024-01-29 19:55:47,888 [INFO] CodeEngine:255 - oldGeneratedFile, /home/aneesh/Desktop/stop_watch_LCD/cubeIDE_stopWatchLCD/stop_watch_project/MXTmpFiles/rtos_obj_creat.tmp_save
2024-01-29 19:55:47,940 [INFO] CodeEngine:279 - Generated code: /home/aneesh/Desktop/stop_watch_LCD/cubeIDE_stopWatchLCD/stop_watch_project/MXTmpFiles/rtos_obj_creat.tmp
2024-01-29 19:55:47,941 [INFO] CodeEngine:255 - oldGeneratedFile, /home/aneesh/Desktop/stop_watch_LCD/cubeIDE_stopWatchLCD/stop_watch_project/MXTmpFiles/rtos_default_thread.tmp_save
2024-01-29 19:55:47,986 [INFO] CodeEngine:279 - Generated code: /home/aneesh/Desktop/stop_watch_LCD/cubeIDE_stopWatchLCD/stop_watch_project/MXTmpFiles/rtos_default_thread.tmp
2024-01-29 19:55:47,987 [INFO] CodeEngine:255 - oldGeneratedFile, /home/aneesh/Desktop/stop_watch_LCD/cubeIDE_stopWatchLCD/stop_watch_project/MXTmpFiles/rtos_threads.tmp_save
2024-01-29 19:55:48,036 [INFO] CodeEngine:279 - Generated code: /home/aneesh/Desktop/stop_watch_LCD/cubeIDE_stopWatchLCD/stop_watch_project/MXTmpFiles/rtos_threads.tmp
2024-01-29 19:55:48,037 [INFO] CodeEngine:255 - oldGeneratedFile, /home/aneesh/Desktop/stop_watch_LCD/cubeIDE_stopWatchLCD/stop_watch_project/Core/Inc/FreeRTOSConfig.h_save
2024-01-29 19:55:48,100 [INFO] CodeEngine:279 - Generated code: /home/aneesh/Desktop/stop_watch_LCD/cubeIDE_stopWatchLCD/stop_watch_project/Core/Inc/FreeRTOSConfig.h
2024-01-29 19:55:48,101 [INFO] CodeEngine:255 - oldGeneratedFile, /home/aneesh/Desktop/stop_watch_LCD/cubeIDE_stopWatchLCD/stop_watch_project/Core/Src/freertos.c_save
2024-01-29 19:55:48,167 [INFO] CodeEngine:279 - Generated code: /home/aneesh/Desktop/stop_watch_LCD/cubeIDE_stopWatchLCD/stop_watch_project/Core/Src/freertos.c
2024-01-29 19:55:48,178 [INFO] CodeEngine:255 - oldGeneratedFile, /home/aneesh/Desktop/stop_watch_LCD/cubeIDE_stopWatchLCD/stop_watch_project/MXTmpFiles/dma.tmp_save
2024-01-29 19:55:48,229 [INFO] CodeEngine:279 - Generated code: /home/aneesh/Desktop/stop_watch_LCD/cubeIDE_stopWatchLCD/stop_watch_project/MXTmpFiles/dma.tmp
2024-01-29 19:55:48,230 [INFO] CodeEngine:255 - oldGeneratedFile, /home/aneesh/Desktop/stop_watch_LCD/cubeIDE_stopWatchLCD/stop_watch_project/MXTmpFiles/dma_GV.tmp_save
2024-01-29 19:55:48,277 [INFO] CodeEngine:279 - Generated code: /home/aneesh/Desktop/stop_watch_LCD/cubeIDE_stopWatchLCD/stop_watch_project/MXTmpFiles/dma_GV.tmp
2024-01-29 19:55:48,280 [INFO] CodeEngine:255 - oldGeneratedFile, /home/aneesh/Desktop/stop_watch_LCD/cubeIDE_stopWatchLCD/stop_watch_project/Core/Src/stm32l4xx_it.c_save
2024-01-29 19:55:48,360 [INFO] CodeEngine:279 - Generated code: /home/aneesh/Desktop/stop_watch_LCD/cubeIDE_stopWatchLCD/stop_watch_project/Core/Src/stm32l4xx_it.c
2024-01-29 19:55:48,362 [INFO] CodeEngine:255 - oldGeneratedFile, /home/aneesh/Desktop/stop_watch_LCD/cubeIDE_stopWatchLCD/stop_watch_project/Core/Inc/stm32l4xx_it.h_save
2024-01-29 19:55:48,411 [INFO] CodeEngine:279 - Generated code: /home/aneesh/Desktop/stop_watch_LCD/cubeIDE_stopWatchLCD/stop_watch_project/Core/Inc/stm32l4xx_it.h
2024-01-29 19:55:48,416 [INFO] CodeEngine:255 - oldGeneratedFile, /home/aneesh/Desktop/stop_watch_LCD/cubeIDE_stopWatchLCD/stop_watch_project/Core/Src/stm32l4xx_hal_msp.c_save
2024-01-29 19:55:48,494 [INFO] CodeEngine:279 - Generated code: /home/aneesh/Desktop/stop_watch_LCD/cubeIDE_stopWatchLCD/stop_watch_project/Core/Src/stm32l4xx_hal_msp.c
2024-01-29 19:55:48,496 [INFO] CodeEngine:255 - oldGeneratedFile, /home/aneesh/Desktop/stop_watch_LCD/cubeIDE_stopWatchLCD/stop_watch_project/MXTmpFiles/system.tmp_save
2024-01-29 19:55:48,542 [INFO] CodeEngine:279 - Generated code: /home/aneesh/Desktop/stop_watch_LCD/cubeIDE_stopWatchLCD/stop_watch_project/MXTmpFiles/system.tmp
2024-01-29 19:55:48,544 [INFO] CodeEngine:311 - oldGeneratedFile, /home/aneesh/Desktop/stop_watch_LCD/cubeIDE_stopWatchLCD/stop_watch_project/Core/Inc/stm32l4xx_hal_conf.h_save
2024-01-29 19:55:48,597 [INFO] CodeEngine:335 - Generated code: /home/aneesh/Desktop/stop_watch_LCD/cubeIDE_stopWatchLCD/stop_watch_project/Core/Inc/stm32l4xx_hal_conf.h
2024-01-29 19:55:48,612 [INFO] CodeEngine:255 - oldGeneratedFile, /home/aneesh/Desktop/stop_watch_LCD/cubeIDE_stopWatchLCD/stop_watch_project/Core/Inc/main.h_save
2024-01-29 19:55:48,664 [INFO] CodeEngine:279 - Generated code: /home/aneesh/Desktop/stop_watch_LCD/cubeIDE_stopWatchLCD/stop_watch_project/Core/Inc/main.h
2024-01-29 19:55:48,665 [INFO] CodeEngine:255 - oldGeneratedFile, /home/aneesh/Desktop/stop_watch_LCD/cubeIDE_stopWatchLCD/stop_watch_project/Core/Src/main.c_save
2024-01-29 19:55:48,748 [INFO] CodeEngine:279 - Generated code: /home/aneesh/Desktop/stop_watch_LCD/cubeIDE_stopWatchLCD/stop_watch_project/Core/Src/main.c
2024-01-29 19:55:49,172 [INFO] ProjectBuilder:3076 - Time for Copy HAL[1] : 29mS.
2024-01-29 19:55:49,175 [INFO] ProjectBuilder:4485 - Project Generator version: 4.2.0-B44
2024-01-29 19:55:49,361 [INFO] ConfigFileManager:1495 - The Die is : DIE435
2024-01-29 19:55:51,084 [INFO] ProjectBuilder:4747 - Time for Generating toolchain IDE Files: 1910mS.
2024-01-29 19:55:51,085 [INFO] ProjectBuilder:2947 - Time for Copy CMSIS : 0mS.
2024-01-29 19:55:51,086 [INFO] ProjectBuilder:2947 - Time for Copy CMSIS : 0mS.
2024-01-29 21:07:52,424 [ERROR] LogOutputStream:75 - [STDERR_REDIRECT] 
